Log file open, 06/21/17 17:57:23
LogInit:Display: Running engine for game: Hour_18
LogPlatformFile: Not using cached read wrapper
LogInit:Display: RandInit(1845582493) SRandInit(1845582502).
LogTaskGraph: Started task graph with 5 named threads and 8 total threads with 1 sets of task threads.
LogStats: Stats thread started at 0.091356
LogInit: Using libcurl 7.47.1
LogInit:  - built for x86_64-pc-win32
LogInit:  - supports SSL with OpenSSL/1.0.2g
LogInit:  - supports HTTP deflate (compression) using libz 1.2.8
LogInit:  - other features:
LogInit:      CURL_VERSION_SSL
LogInit:      CURL_VERSION_LIBZ
LogInit:      CURL_VERSION_IPV6
LogInit:      CURL_VERSION_ASYNCHDNS
LogInit:      CURL_VERSION_LARGEFILE
LogInit:      CURL_VERSION_IDN
LogInit:  CurlRequestOptions (configurable via config and command line):
LogInit:  - bVerifyPeer = false  - Libcurl will NOT verify peer certificate
LogInit:  - bUseHttpProxy = false  - Libcurl will NOT use HTTP proxy
LogInit:  - bDontReuseConnections = false  - Libcurl will reuse connections
LogInit:  - CertBundlePath = nullptr  - Libcurl will use whatever was configured at build time.
LogInit: Build: ++UE4+Release-4.16-CL-3466753
LogInit: Engine Version: 4.16.1-3466753+++UE4+Release-4.16
LogInit: Compatible Engine Version: 4.16.0-3452394+++UE4+Release-4.16
LogInit: Net CL: 3452394
LogDevObjectVersion: Number of dev versions registered: 16
LogDevObjectVersion:   Dev-Blueprints (B0D832E4-1F89-4F0D-ACCF-7EB736FD4AA2): 9
LogDevObjectVersion:   Dev-Build (E1C64328-A22C-4D53-A36C-8E866417BD8C): 0
LogDevObjectVersion:   Dev-Core (375EC13C-06E4-48FB-B500-84F0262A717E): 2
LogDevObjectVersion:   Dev-Editor (E4B068ED-F494-42E9-A231-DA0B2E46BB41): 17
LogDevObjectVersion:   Dev-Framework (CFFC743F-43B0-4480-9391-14DF171D2073): 23
LogDevObjectVersion:   Dev-Mobile (B02B49B5-BB20-44E9-A304-32B752E40360): 0
LogDevObjectVersion:   Dev-Networking (A4E4105C-59A1-49B5-A7C5-40C4547EDFEE): 0
LogDevObjectVersion:   Dev-Online (39C831C9-5AE6-47DC-9A44-9C173E1C8E7C): 0
LogDevObjectVersion:   Dev-Physics (78F01B33-EBEA-4F98-B9B4-84EACCB95AA2): 0
LogDevObjectVersion:   Dev-Platform (6631380F-2D4D-43E0-8009-CF276956A95A): 0
LogDevObjectVersion:   Dev-Rendering (12F88B9F-8875-4AFC-A67C-D90C383ABD29): 15
LogDevObjectVersion:   Dev-Sequencer (7B5AE74C-D270-4C10-A958-57980B212A5A): 4
LogDevObjectVersion:   Dev-VR (D7296918-1DD6-4BDD-9DE2-64A83CC13884): 0
LogDevObjectVersion:   Dev-LoadTimes (C2A15278-BFE7-4AFE-6C17-90FF531DF755): 1
LogDevObjectVersion:   Private-Geometry (6EACA3D4-40EC-4CC1-B786-8BED09428FC5): 1
LogDevObjectVersion:   Dev-AnimPhys (29E575DD-E0A3-4627-9D10-D276232CDCEA): 3
LogInit: Compiled (64-bit): May 31 2017 02:03:30
LogInit: Compiled with Visual C++: 19.00.24215.01
LogInit: Build Configuration: Development
LogInit: Branch Name: ++UE4+Release-4.16
LogInit: Command line: -EpicPortal 
LogInit: Base directory: C:/Program Files/Unreal Engine/UE_4.16/Engine/Binaries/Win64/
LogInit: Installed Engine Build: 1
LogInit: Presizing for max 8388607 objects, including 0 objects not considered by GC, pre-allocating 0 bytes for permanent pool.
LogInit: Object subsystem initialized
[2017.06.21-21.57.24:452][  0]LogInit: Selected Device Profile: [Windows]
[2017.06.21-21.57.24:452][  0]LogInit: Applying CVar settings loaded from the selected device profile: [Windows]
[2017.06.21-21.57.24:465][  0]LogInit: Computer: MONSTER
[2017.06.21-21.57.24:465][  0]LogInit: User: acookson
[2017.06.21-21.57.24:465][  0]LogInit: CPU Page size=4096, Cores=4
[2017.06.21-21.57.24:465][  0]LogInit: High frequency timer resolution =14.318180 MHz
[2017.06.21-21.57.24:465][  0]LogMemory: Memory total: Physical=15.9GB (16GB approx)
[2017.06.21-21.57.24:465][  0]LogMemory: Platform Memory Stats for Windows
[2017.06.21-21.57.24:465][  0]LogMemory: Process Physical Memory: 272.77 MB used, 272.77 MB peak
[2017.06.21-21.57.24:465][  0]LogMemory: Process Virtual Memory: 263.06 MB used, 263.06 MB peak
[2017.06.21-21.57.24:465][  0]LogMemory: Physical Memory: 9597.72 MB used,  6728.03 MB free, 16325.75 MB total
[2017.06.21-21.57.24:465][  0]LogMemory: Virtual Memory: 640.50 MB used,  6728.03 MB free, 134217728.00 MB total
[2017.06.21-21.57.24:565][  0]LogInit: Using OS detected language (en-US).
[2017.06.21-21.57.24:565][  0]LogInit: Using OS detected locale (en-US).
[2017.06.21-21.57.24:568][  0]LogTextLocalizationManager: No specific localization for 'en-US' exists, so the 'en' localization will be used.
[2017.06.21-21.57.25:525][  0]LogD3D11RHI: D3D11 adapters:
[2017.06.21-21.57.26:125][  0]LogD3D11RHI:    0. 'NVIDIA GeForce GTX 1070' (Feature Level 11_0)
[2017.06.21-21.57.26:125][  0]LogD3D11RHI:       8119/0/8162 MB DedicatedVideo/DedicatedSystem/SharedSystem, Outputs:2, VendorId:0x10de
[2017.06.21-21.57.26:127][  0]LogD3D11RHI:    1. 'Microsoft Basic Render Driver' (Feature Level 11_0)
[2017.06.21-21.57.26:127][  0]LogD3D11RHI:       0/0/8162 MB DedicatedVideo/DedicatedSystem/SharedSystem, Outputs:0, VendorId:0x1414
[2017.06.21-21.57.26:127][  0]LogD3D11RHI: Chosen D3D11 Adapter: 0
[2017.06.21-21.57.26:157][  0]LogD3D11RHI: Creating new Direct3DDevice
[2017.06.21-21.57.26:157][  0]LogD3D11RHI:     GPU DeviceId: 0x1b81 (for the marketing name, search the web for "GPU Device Id")
[2017.06.21-21.57.26:157][  0]LogWindows: EnumDisplayDevices:
[2017.06.21-21.57.26:157][  0]LogWindows:    0. 'NVIDIA GeForce GTX 1070' (P:0 D:1)
[2017.06.21-21.57.26:157][  0]LogWindows:    1. 'NVIDIA GeForce GTX 1070' (P:1 D:1)
[2017.06.21-21.57.26:157][  0]LogWindows:    2. 'NVIDIA GeForce GTX 1070' (P:0 D:0)
[2017.06.21-21.57.26:158][  0]LogWindows:    3. 'NVIDIA GeForce GTX 1070' (P:0 D:0)
[2017.06.21-21.57.26:158][  0]LogWindows: DebugString: FoundDriverCount:4 
[2017.06.21-21.57.26:158][  0]LogD3D11RHI:     Adapter Name: NVIDIA GeForce GTX 1070
[2017.06.21-21.57.26:158][  0]LogD3D11RHI:   Driver Version: 382.05 (internal:22.21.13.8205, unified:382.05)
[2017.06.21-21.57.26:158][  0]LogD3D11RHI:      Driver Date: 5-1-2017
[2017.06.21-21.57.26:158][  0]LogRHI: Texture pool is 1361 MB (70% of 1945 MB)
[2017.06.21-21.57.26:690][  0]LogD3D11RHI: Async texture creation enabled
[2017.06.21-21.57.26:732][  0]LogD3D11RHI: GPU Timing Frequency: 1000.000000 (Debug: 2 1)
[2017.06.21-21.57.26:818][  0]LogShaderCompilers: Guid format shader working directory is 16 characters bigger than the processId version (H:/BookProjects/Hour_18/Hour_18/Intermediate/Shaders/WorkingDirectory/119912/).
[2017.06.21-21.57.26:818][  0]LogShaderCompilers: Cleaned the shader compiler working directory 'C:/Users/acookson/AppData/Local/Temp/UnrealShaderWorkingDir/0A860BA04CC51EFD6814AB95D1BA68D1/'.
[2017.06.21-21.57.26:818][  0]LogShaderCompilers:Display: Using Local Shader Compiler.
[2017.06.21-21.57.28:007][  0]LogTemp:Display: Loaded TP AllDesktopTargetPlatform
[2017.06.21-21.57.28:063][  0]LogTemp:Display: Loaded TP MacClientTargetPlatform
[2017.06.21-21.57.28:121][  0]LogTemp:Display: Loaded TP MacNoEditorTargetPlatform
[2017.06.21-21.57.28:177][  0]LogTemp:Display: Loaded TP MacServerTargetPlatform
[2017.06.21-21.57.28:235][  0]LogTemp:Display: Loaded TP MacTargetPlatform
[2017.06.21-21.57.28:292][  0]LogTemp:Display: Loaded TP WindowsClientTargetPlatform
[2017.06.21-21.57.28:348][  0]LogTemp:Display: Loaded TP WindowsNoEditorTargetPlatform
[2017.06.21-21.57.28:406][  0]LogTemp:Display: Loaded TP WindowsServerTargetPlatform
[2017.06.21-21.57.28:456][  0]LogTemp:Display: Loaded TP WindowsTargetPlatform
[2017.06.21-21.57.28:512][  0]LogTemp:Display: Loaded TP AndroidTargetPlatform
[2017.06.21-21.57.28:567][  0]LogTemp:Display: Loaded TP Android_ASTCTargetPlatform
[2017.06.21-21.57.28:623][  0]LogTemp:Display: Loaded TP Android_ATCTargetPlatform
[2017.06.21-21.57.28:679][  0]LogTemp:Display: Loaded TP Android_DXTTargetPlatform
[2017.06.21-21.57.28:735][  0]LogTemp:Display: Loaded TP Android_ETC1TargetPlatform
[2017.06.21-21.57.28:790][  0]LogTemp:Display: Loaded TP Android_ETC2TargetPlatform
[2017.06.21-21.57.28:902][  0]LogTemp:Display: Loaded TP Android_MultiTargetPlatform
[2017.06.21-21.57.28:902][  0]LogTemp:Display: Loaded TP Android_PVRTCTargetPlatform
[2017.06.21-21.57.28:947][  0]LogTemp:Display: Loaded TP HTML5TargetPlatform
[2017.06.21-21.57.29:052][  0]LogTemp:Display: Loaded TP IOSTargetPlatform
[2017.06.21-21.57.29:090][  0]LogTemp:Display: Loaded TP TVOSTargetPlatform
[2017.06.21-21.57.29:147][  0]LogTemp:Display: Loaded TP LinuxClientTargetPlatform
[2017.06.21-21.57.29:203][  0]LogTemp:Display: Loaded TP LinuxNoEditorTargetPlatform
[2017.06.21-21.57.29:258][  0]LogTemp:Display: Loaded TP LinuxServerTargetPlatform
[2017.06.21-21.57.29:315][  0]LogTemp:Display: Loaded TP LinuxTargetPlatform
[2017.06.21-21.57.29:315][  0]LogTargetPlatformManager:Display: Building Assets For Windows
[2017.06.21-21.57.29:873][  0]LogDerivedDataCache:Display: Max Cache Size: 512 MB
[2017.06.21-21.57.29:967][  0]LogDerivedDataCache: Loaded boot cache 0.09s 89MB C:/Users/acookson/AppData/Local/UnrealEngine/4.16/DerivedDataCache/Boot.ddc.
[2017.06.21-21.57.29:967][  0]LogDerivedDataCache:Display: Loaded Boot cache: C:/Users/acookson/AppData/Local/UnrealEngine/4.16/DerivedDataCache/Boot.ddc
[2017.06.21-21.57.29:967][  0]LogDerivedDataCache: FDerivedDataBackendGraph:  Pak pak cache file H:/BookProjects/Hour_18/Hour_18/DerivedDataCache/DDC.ddp not found, will not use a pak cache.
[2017.06.21-21.57.29:967][  0]LogDerivedDataCache: Unable to find inner node Pak for hierarchical cache Hierarchy.
[2017.06.21-21.57.29:967][  0]LogDerivedDataCache: FDerivedDataBackendGraph:  CompressedPak pak cache file H:/BookProjects/Hour_18/Hour_18/DerivedDataCache/Compressed.ddp not found, will not use a pak cache.
[2017.06.21-21.57.29:967][  0]LogDerivedDataCache: Unable to find inner node CompressedPak for hierarchical cache Hierarchy.
[2017.06.21-21.57.29:984][  0]LogDerivedDataCache:Display: Pak cache opened for reading ../../../Engine/DerivedDataCache/Compressed.ddp.
[2017.06.21-21.57.29:996][  0]LogDerivedDataCache: Using Local data cache path C:/Users/acookson/AppData/Local/UnrealEngine/Common/DerivedDataCache: Writable
[2017.06.21-21.57.30:007][  0]LogMaterial: Verifying Global Shaders for PCD3D_SM5
[2017.06.21-21.57.30:008][  0]LogSlate: Using Freetype 2.6.0
[2017.06.21-21.57.30:008][  0]LogSlate: SlateFontCache - WITH_FREETYPE: 1, WITH_HARFBUZZ: 1
[2017.06.21-21.57.30:008][  0]LogSlate: SlateFontCache - WITH_FREETYPE: 1, WITH_HARFBUZZ: 1
[2017.06.21-21.57.30:361][  0]LogInit: Selected Device Profile: [Windows]
[2017.06.21-21.57.30:437][  0]LogContentStreaming: Texture pool size is 0.00 MB
[2017.06.21-21.57.30:621][  0]LogMeshUtilities: Using QuadricMeshReduction for automatic static mesh reduction
[2017.06.21-21.57.30:673][  0]LogSimplygon: Simplygon DLL not present - disabling.
[2017.06.21-21.57.30:727][  0]LogMeshUtilities: Using SimplygonSwarm for distributed automatic mesh merging
[2017.06.21-21.57.30:727][  0]LogMeshUtilities: No automatic skeletal mesh reduction module available
[2017.06.21-21.57.30:727][  0]LogMeshUtilities: No automatic mesh merging module available
[2017.06.21-21.57.31:344][  0]LogNetVersion: Hour_18 , NetCL: 3452394, EngineNetVer: 2, GameNetVer: 0 (Checksum: 1038746688)
[2017.06.21-21.57.31:412][  0]LogAssetRegistry: FAssetRegistry took 0.0259 seconds to start up
[2017.06.21-21.57.31:491][  0]LogPackageLocalizationCache: Processed 4 localized package path(s) for 2 prioritized culture(s) in 0.051983 seconds
[2017.06.21-21.57.31:497][  0]LogUObjectArray: 34194 objects as part of root set at end of initial load.
[2017.06.21-21.57.31:497][  0]LogUObjectAllocator: 7260416 out of 0 bytes used by permanent object pool.
[2017.06.21-21.57.31:497][  0]LogUObjectArray: CloseDisregardForGC: 0/0 objects in disregard for GC pool
[2017.06.21-21.57.31:578][  0]LogInit: WinSock: version 1.1 (2.2), MaxSocks=32767, MaxUdp=65467
[2017.06.21-21.57.34:254][  0]LogTcpMessaging: Initializing TcpMessaging bridge
[2017.06.21-21.57.34:307][  0]LogUdpMessaging: Initializing bridge on interface 0.0.0.0:0 to multicast group 230.0.0.1:6666.
[2017.06.21-21.57.34:914][  0]LogMaterial: Uniform references updated for custom material expression Custom.
[2017.06.21-21.57.35:359][  0]SourceControl: Info Source control is disabled
[2017.06.21-21.57.35:394][  0]SourceControl: Info Source control is disabled
[2017.06.21-21.57.35:448][  0]SourceControl: Info Source control is disabled
[2017.06.21-21.57.35:501][  0]SourceControl: Info Source control is disabled
[2017.06.21-21.57.36:307][  0]LogAndroidPermission: UAndroidPermissionCallbackProxy::GetInstance
[2017.06.21-21.57.36:976][  0]LogEngine: Initializing Engine...
[2017.06.21-21.57.37:018][  0]LogHMD: Failed to initialize OpenVR with code 126
[2017.06.21-21.57.37:249][  0]LogStats: UGameplayTagsManager::ConstructGameplayTagTree: Construct from data asset -  0.000 s
[2017.06.21-21.57.37:249][  0]LogStats: UGameplayTagsManager::ConstructGameplayTagTree: GameplayTagTreeChangedEvent.Broadcast -  0.000 s
[2017.06.21-21.57.37:391][  0]LogAIModule: Creating AISystem for world Untitled
[2017.06.21-21.57.37:411][  0]LogInit: XAudio2 using 'Speakers (Dell AC511 USB SoundBar)' : 2 channels at 44.1 kHz using 16 bits per sample (channel mask 0x3)
[2017.06.21-21.57.37:441][  0]LogInit: FAudioDevice initialized.
[2017.06.21-21.57.37:481][  0]LogDerivedDataCache: Saved boot cache 0.04s 89MB C:/Users/acookson/AppData/Local/UnrealEngine/4.16/DerivedDataCache/Boot.ddc.
[2017.06.21-21.57.37:498][  0]LogInit: Texture streaming: Enabled
[2017.06.21-21.57.37:610][  0]LogEngineSessionManager: EngineSessionManager initialized
[2017.06.21-21.57.37:882][  0]LogInit: Transaction tracking system initialized
[2017.06.21-21.57.38:254][  0]BlueprintLog: New page: Editor Load
[2017.06.21-21.57.39:349][  0]LocalizationService: Info Localization service is disabled
[2017.06.21-21.57.40:133][  0]LogConsoleResponse:Display: 
[2017.06.21-21.57.40:292][  0]LogCook:Display: Max memory allowance for cook 16384mb min free memory 0mb
[2017.06.21-21.57.40:292][  0]LogCook:Display: Mobile HDR setting 1
[2017.06.21-21.57.40:686][  0]LogFileCache: Scanning file cache for directory 'H:/BookProjects/Hour_18/Hour_18/Content/' took 0.01s
[2017.06.21-21.57.41:464][  0]SourceControl: Info Source control is disabled
[2017.06.21-21.57.41:465][  0]Cmd: MAP LOAD FILE="H:/BookProjects/Hour_18/Hour_18/Content/Maps/UseKeyInput.umap" TEMPLATE=0 SHOWPROGRESS=1 FEATURELEVEL=3
[2017.06.21-21.57.41:465][  0]LightingResults: New page: Lighting Build
[2017.06.21-21.57.41:517][  0]MapCheck: New page: Map Check
[2017.06.21-21.57.41:517][  0]LightingResults: New page: Lighting Build
[2017.06.21-21.57.42:033][  0]LogMaterial: Missing cached shader map for material m_flare_01, compiling. 
[2017.06.21-21.57.42:067][  0]LogMaterial: Missing cached shader map for material M_radial_ramp, compiling. 
[2017.06.21-21.57.42:092][  0]LogMaterial: Missing cached shader map for material M_explosion_subUV, compiling. 
[2017.06.21-21.57.42:124][  0]LogMaterial: Missing cached shader map for material M_Burst, compiling. 
[2017.06.21-21.57.42:158][  0]LogMaterial: Missing cached shader map for material M_smoke_subUV, compiling. 
[2017.06.21-21.57.42:212][  0]LogMaterial: Missing cached shader map for material M_Basic_Wall, compiling. 
[2017.06.21-21.57.42:263][  0]LogMaterial: Missing cached shader map for material M_Rock, compiling. 
[2017.06.21-21.57.42:433][  0]LogTexture:Display: Building textures: HQ_Lightmap0_1 (AutoDXT, 256X256)
[2017.06.21-21.57.42:438][  0]LogTexture:Display: Building textures: HQ_Lightmap1_2 (AutoDXT, 64X64)
[2017.06.21-21.57.42:439][  0]LogTexture:Display: Building textures: LQ_Lightmap_0_1 (DXT1, 256X256)
[2017.06.21-21.57.42:442][  0]LogTexture:Display: Building textures: LQ_Lightmap_1_2 (DXT1, 64X64)
[2017.06.21-21.57.42:443][  0]LogTexture:Display: Building textures: ShadowMapTexture2D_0 (G8, 256X128)
[2017.06.21-21.57.42:445][  0]LogTexture:Display: Building textures: ShadowMapTexture2D_3 (G8, 64X32)
[2017.06.21-21.57.42:456][  0]LogAIModule: Creating AISystem for world UseKeyInput
[2017.06.21-21.57.42:457][  0]LogActorComponent: RegisterComponentWithWorld: (/Game/Maps/UseKeyInput.UseKeyInput:PersistentLevel.WorldSettings_1.StaticMeshComponent0) Trying to register component with IsPendingKill() == true. Aborting.
[2017.06.21-21.57.42:476][  0]LogEditorServer: Finished looking for orphan Actors (0.000 secs)
[2017.06.21-21.57.42:501][  0]Cmd: MAP CHECKDEP NOCLEARLOG
[2017.06.21-21.57.42:594][  0]MapCheck: Info Map check complete: 0 Error(s), 0 Warning(s), took 93.051ms to complete.
[2017.06.21-21.57.42:594][  0]LogFileHelpers: Loading map 'UseKeyInput' took 1.129
[2017.06.21-21.57.42:847][  0]LogCollectionManager: Loaded 0 collections in 0.002352 seconds
[2017.06.21-21.57.42:992][  0]LogFileCache: Scanning file cache for directory 'H:/BookProjects/Hour_18/Hour_18/Saved/Collections/' took 0.01s
[2017.06.21-21.57.42:992][  0]LogFileCache: Scanning file cache for directory 'H:/BookProjects/Hour_18/Hour_18/Content/Developers/acookson/Collections/' took 0.01s
[2017.06.21-21.57.42:992][  0]LogFileCache: Scanning file cache for directory 'H:/BookProjects/Hour_18/Hour_18/Content/Collections/' took 0.01s
[2017.06.21-21.57.42:992][  0]LogCollectionManager: Rebuilt the GUID cache for 0 collections in 0.000003 seconds
[2017.06.21-21.57.43:010][  0]LogContentBrowser: Native class hierarchy populated in 0.0169 seconds. Added 2329 classes and 491 folders.
[2017.06.21-21.57.43:147][  0]LogContentBrowser: Native class hierarchy updated for 'WidgetCarousel' in 0.0009 seconds. Added 0 classes and 0 folders.
[2017.06.21-21.57.43:204][  0]LogContentBrowser: Native class hierarchy updated for 'AddContentDialog' in 0.0009 seconds. Added 0 classes and 0 folders.
[2017.06.21-21.57.43:291][  0]LogContentBrowser: Native class hierarchy updated for 'SceneOutliner' in 0.0009 seconds. Added 1 classes and 2 folders.
[2017.06.21-21.57.43:432][  0]LogCrashTracker: Crashtracker disabled due to settings.
[2017.06.21-21.57.43:440][  0]LogSlate: Took 0.000257 seconds to synchronously load lazily loaded font '../../../Engine/Content/Slate/Fonts/Roboto-Regular.ttf' (155K)
[2017.06.21-21.57.43:442][  0]LogSlate: Took 0.000246 seconds to synchronously load lazily loaded font '../../../Engine/Content/Slate/Fonts/Roboto-Bold.ttf' (160K)
[2017.06.21-21.57.43:450][  0]LogSlate: Took 0.000288 seconds to synchronously load lazily loaded font '../../../Engine/Content/Editor/Slate/Fonts/FontAwesome.ttf' (139K)
[2017.06.21-21.57.43:619][  0]LogRenderer: Reallocating scene render targets to support 836x396 NumSamples 1 (Frame:1).
[2017.06.21-21.57.43:814][  0]LogUObjectGlobals:Warning: Failed to find object 'Class None.'
[2017.06.21-21.57.43:937][  0]LogContentBrowser: Native class hierarchy updated for 'HierarchicalLODOutliner' in 0.0009 seconds. Added 1 classes and 2 folders.
[2017.06.21-21.57.43:937][  0]LogLoad: (Engine Initialization) Total time: 21.53 seconds
[2017.06.21-21.57.43:937][  0]LogLoad: (Engine Initialization) Total Blueprint compile time: 0.16 seconds
[2017.06.21-21.57.43:937][  0]LogExternalProfiler: Found external profiler: VSPerf
[2017.06.21-21.57.43:937][  0]LogExternalProfiler: Using external profiler: VSPerf
[2017.06.21-21.57.43:948][  0]LogWindowsTextInputMethodSystem:Display: IME system now deactivated.
[2017.06.21-21.57.43:949][  0]LogOcInput: OculusInput pre-init called
[2017.06.21-21.57.43:949][  0]LogHMD: Starting GearVRController plugin
[2017.06.21-21.57.43:972][  0]LogContentStreaming: Texture pool size now 1000 MB
[2017.06.21-21.57.43:990][  0]LogSlate: Took 0.000329 seconds to synchronously load lazily loaded font '../../../Engine/Content/Slate/Fonts/Roboto-Light.ttf' (159K)
[2017.06.21-21.57.44:054][  1]LogAssetRegistry: Asset discovery search completed in 12.6638 seconds
[2017.06.21-21.57.44:057][  1]LogCollectionManager: Rebuilt the object cache for 0 collections in 0.000002 seconds (found 0 objects)
[2017.06.21-21.57.44:057][  1]LogCollectionManager: Fixed up redirectors for 0 collections in 0.000092 seconds (updated 0 objects)
[2017.06.21-22.02.38:369][104]LogTemp: Repeting last play command: Selected Viewport
[2017.06.21-22.02.38:456][104]LogPlayLevel: PlayLevel: No blueprints needed recompiling
[2017.06.21-22.02.38:456][104]PIE: New page: PIE session: UseKeyInput (Jun 21, 2017, 2:02:38 PM)
[2017.06.21-22.02.38:456][104]LogPlayLevel: Creating play world package: /Game/Maps/UEDPIE_0_UseKeyInput
[2017.06.21-22.02.38:471][104]LogPlayLevel: PIE: StaticDuplicateObject took: (0.014664s)
[2017.06.21-22.02.38:472][104]LogAIModule: Creating AISystem for world UseKeyInput
[2017.06.21-22.02.38:472][104]LogPlayLevel: PIE: World Init took: (0.000808s)
[2017.06.21-22.02.38:472][104]LogPlayLevel: PIE: Created PIE world by copying editor world from /Game/Maps/UseKeyInput.UseKeyInput to /Game/Maps/UEDPIE_0_UseKeyInput.UseKeyInput (0.015757s)
[2017.06.21-22.02.38:498][104]LogInit: XAudio2 using 'Speakers (Dell AC511 USB SoundBar)' : 2 channels at 44.1 kHz using 16 bits per sample (channel mask 0x3)
[2017.06.21-22.02.38:506][104]LogInit: FAudioDevice initialized.
[2017.06.21-22.02.39:496][104]LogBlueprint:Warning: [Compiler FirstPersonCharacter] Warning  Cast to Player Controller  is deprecated; Use standard Cast To node instead.
[2017.06.21-22.02.39:501][104]LogBlueprint:Warning: [Compiler FirstPersonCharacter] Warning [0317.09] Compile of FirstPersonCharacter successful, but with 1 Warning(s) [in 18 ms] (/Game/FirstPersonBP/Blueprints/FirstPersonCharacter.FirstPersonCharacter)
[2017.06.21-22.02.39:502][104]LogBlueprint:Warning: [Compiler FirstPersonCharacter] Warning [0317.09] Compile of FirstPersonCharacter successful, but with 2 Warning(s) [in 0 ms] (/Game/FirstPersonBP/Blueprints/FirstPersonCharacter.FirstPersonCharacter)
[2017.06.21-22.02.39:502][104]LogBlueprint:Warning: [Compiler FirstPersonCharacter] Warning [0317.09] Compile of FirstPersonCharacter successful, but with 3 Warning(s) [in 0 ms] (/Game/FirstPersonBP/Blueprints/FirstPersonCharacter.FirstPersonCharacter)
[2017.06.21-22.02.39:518][104]LogBlueprint:Warning: [Compiler FirstPersonCharacter] Warning  Cast to Player Controller  is deprecated; Use standard Cast To node instead.
[2017.06.21-22.02.39:524][104]LogBlueprint:Warning: [Compiler FirstPersonCharacter] Warning [0317.11] Compile of FirstPersonCharacter successful, but with 1 Warning(s) [in 17 ms] (/Game/FirstPersonBP/Blueprints/FirstPersonCharacter.FirstPersonCharacter)
[2017.06.21-22.02.39:524][104]LogBlueprint:Warning: [Compiler FirstPersonCharacter] Warning [0317.11] Compile of FirstPersonCharacter successful, but with 2 Warning(s) [in 0 ms] (/Game/FirstPersonBP/Blueprints/FirstPersonCharacter.FirstPersonCharacter)
[2017.06.21-22.02.39:524][104]LogBlueprint:Warning: [Compiler FirstPersonCharacter] Warning [0317.11] Compile of FirstPersonCharacter successful, but with 3 Warning(s) [in 0 ms] (/Game/FirstPersonBP/Blueprints/FirstPersonCharacter.FirstPersonCharacter)
[2017.06.21-22.02.39:686][104]LogLoad: Game class is 'FirstPersonGameMode_C'
[2017.06.21-22.02.39:689][104]LogWorld: Bringing World /Game/Maps/UEDPIE_0_UseKeyInput.UseKeyInput up for play (max tick rate 0) at 2017.06.21-18.02.39
[2017.06.21-22.02.39:690][104]LogWorld: Bringing up level for play took: 0.001560
[2017.06.21-22.02.39:739][104]LogContentBrowser: Native class hierarchy updated for 'MovieSceneCapture' in 0.0006 seconds. Added 11 classes and 0 folders.
[2017.06.21-22.02.39:739][104]LogGameMode:Display: Match State Changed from EnteringMap to WaitingToStart
[2017.06.21-22.02.39:739][104]LogGameState: Match State Changed from EnteringMap to WaitingToStart
[2017.06.21-22.02.39:739][104]LogGameMode:Display: Match State Changed from WaitingToStart to InProgress
[2017.06.21-22.02.39:741][104]LogGameState: Match State Changed from WaitingToStart to InProgress
[2017.06.21-22.02.39:741][104]PIE: Info Play in editor start time for /Game/Maps/UEDPIE_0_UseKeyInput 1.218
[2017.06.21-22.02.50:254][355]LogBlueprintUserMessages: [KeySpawner_Exercise_BP_C_0] Hello
[2017.06.21-22.03.10:674][805]LogBlueprintUserMessages: [KeySpawner_Exercise_BP_C_0] Hello
[2017.06.21-22.03.17:734][642]LogTemp: Repeting last play command: Selected Viewport
[2017.06.21-22.03.17:746][642]LogPlayLevel: PlayLevel: No blueprints needed recompiling
[2017.06.21-22.03.17:746][642]PIE: New page: PIE session: UseKeyInput (Jun 21, 2017, 2:03:17 PM)
[2017.06.21-22.03.17:746][642]LogPlayLevel: Creating play world package: /Game/Maps/UEDPIE_0_UseKeyInput
[2017.06.21-22.03.17:749][642]LogPlayLevel: PIE: StaticDuplicateObject took: (0.003390s)
[2017.06.21-22.03.17:750][642]LogAIModule: Creating AISystem for world UseKeyInput
[2017.06.21-22.03.17:750][642]LogPlayLevel: PIE: World Init took: (0.000702s)
[2017.06.21-22.03.17:750][642]LogPlayLevel: PIE: Created PIE world by copying editor world from /Game/Maps/UseKeyInput.UseKeyInput to /Game/Maps/UEDPIE_0_UseKeyInput.UseKeyInput (0.004351s)
[2017.06.21-22.03.17:777][642]LogInit: XAudio2 using 'Speakers (Dell AC511 USB SoundBar)' : 2 channels at 44.1 kHz using 16 bits per sample (channel mask 0x3)
[2017.06.21-22.03.17:784][642]LogInit: FAudioDevice initialized.
[2017.06.21-22.03.17:817][642]LogLoad: Game class is 'FirstPersonGameMode_C'
[2017.06.21-22.03.17:820][642]LogWorld: Bringing World /Game/Maps/UEDPIE_0_UseKeyInput.UseKeyInput up for play (max tick rate 0) at 2017.06.21-18.03.17
[2017.06.21-22.03.17:820][642]LogWorld: Bringing up level for play took: 0.001519
[2017.06.21-22.03.17:821][642]LogGameMode:Display: Match State Changed from EnteringMap to WaitingToStart
[2017.06.21-22.03.17:821][642]LogGameState: Match State Changed from EnteringMap to WaitingToStart
[2017.06.21-22.03.17:821][642]LogGameMode:Display: Match State Changed from WaitingToStart to InProgress
[2017.06.21-22.03.17:822][642]LogGameState: Match State Changed from WaitingToStart to InProgress
[2017.06.21-22.03.17:823][642]PIE: Info Play in editor start time for /Game/Maps/UEDPIE_0_UseKeyInput -0.701
[2017.06.21-22.03.31:698][245]LogSlate: Took 0.000172 seconds to synchronously load lazily loaded font '../../../Engine/Content/Slate/Fonts/Roboto-Light.ttf' (159K)
[2017.06.21-22.03.31:754][245]LogAIModule: Creating AISystem for world TIY_01
[2017.06.21-22.03.31:754][245]LogActorComponent: RegisterComponentWithWorld: (/Game/TIYs/TIY_01.TIY_01:PersistentLevel.WorldSettings_1.StaticMeshComponent0) Trying to register component with IsPendingKill() == true. Aborting.
[2017.06.21-22.03.31:773][245]Cmd: MAP LOAD FILE="H:/BookProjects/Hour_18/Hour_18/Content/TIYs/TIY_01.umap" TEMPLATE=0 SHOWPROGRESS=1 FEATURELEVEL=3
[2017.06.21-22.03.31:773][245]LightingResults: New page: Lighting Build
[2017.06.21-22.03.31:774][245]LoadErrors: New page: Loading map: TIY_01.umap
[2017.06.21-22.03.31:774][245]MapCheck: New page: Map Check
[2017.06.21-22.03.31:774][245]LightingResults: New page: Lighting Build
[2017.06.21-22.03.31:833][245]LogEditorServer: Finished looking for orphan Actors (0.000 secs)
[2017.06.21-22.03.31:862][245]Cmd: MAP CHECKDEP NOCLEARLOG
[2017.06.21-22.03.31:926][245]MapCheck: Info Map check complete: 0 Error(s), 0 Warning(s), took 64.114ms to complete.
[2017.06.21-22.03.31:926][245]LogFileHelpers: Loading map 'TIY_01' took 0.154
[2017.06.21-22.03.33:640][445]LogTemp: Repeting last play command: Selected Viewport
[2017.06.21-22.03.33:647][445]LogPlayLevel: PlayLevel: No blueprints needed recompiling
[2017.06.21-22.03.33:648][445]PIE: New page: PIE session: TIY_01 (Jun 21, 2017, 2:03:33 PM)
[2017.06.21-22.03.33:648][445]LogPlayLevel: Creating play world package: /Game/TIYs/UEDPIE_0_TIY_01
[2017.06.21-22.03.33:650][445]LogPlayLevel: PIE: StaticDuplicateObject took: (0.001844s)
[2017.06.21-22.03.33:650][445]LogAIModule: Creating AISystem for world TIY_01
[2017.06.21-22.03.33:650][445]LogPlayLevel: PIE: World Init took: (0.000697s)
[2017.06.21-22.03.33:650][445]LogPlayLevel: PIE: Created PIE world by copying editor world from /Game/TIYs/TIY_01.TIY_01 to /Game/TIYs/UEDPIE_0_TIY_01.TIY_01 (0.002774s)
[2017.06.21-22.03.33:677][445]LogInit: XAudio2 using 'Speakers (Dell AC511 USB SoundBar)' : 2 channels at 44.1 kHz using 16 bits per sample (channel mask 0x3)
[2017.06.21-22.03.33:685][445]LogInit: FAudioDevice initialized.
[2017.06.21-22.03.33:713][445]LogLoad: Game class is 'FirstPersonGameMode_C'
[2017.06.21-22.03.33:716][445]LogWorld: Bringing World /Game/TIYs/UEDPIE_0_TIY_01.TIY_01 up for play (max tick rate 0) at 2017.06.21-18.03.33
[2017.06.21-22.03.33:716][445]LogWorld: Bringing up level for play took: 0.001046
[2017.06.21-22.03.33:717][445]LogGameMode:Display: Match State Changed from EnteringMap to WaitingToStart
[2017.06.21-22.03.33:717][445]LogGameState: Match State Changed from EnteringMap to WaitingToStart
[2017.06.21-22.03.33:717][445]LogGameMode:Display: Match State Changed from WaitingToStart to InProgress
[2017.06.21-22.03.33:718][445]LogGameState: Match State Changed from WaitingToStart to InProgress
[2017.06.21-22.03.33:718][445]PIE: Info Play in editor start time for /Game/TIYs/UEDPIE_0_TIY_01 -0.806
[2017.06.21-22.03.38:123][962]LogEditorViewport: Clicking on Actor (LMB): PhysicActor_BP_TIY_1_C (PhysicActor_BP)
[2017.06.21-22.03.38:987][ 61]LogEditorViewport: Clicking on Actor (context menu): PhysicActor_BP_TIY_1_C (PhysicActor_BP)
[2017.06.21-22.03.47:152][933]LogAIModule: Creating AISystem for world TIY_02
[2017.06.21-22.03.47:153][933]LogActorComponent: RegisterComponentWithWorld: (/Game/TIYs/TIY_02.TIY_02:PersistentLevel.WorldSettings_1.StaticMeshComponent0) Trying to register component with IsPendingKill() == true. Aborting.
[2017.06.21-22.03.47:167][933]Cmd: MAP LOAD FILE="H:/BookProjects/Hour_18/Hour_18/Content/TIYs/TIY_02.umap" TEMPLATE=0 SHOWPROGRESS=1 FEATURELEVEL=3
[2017.06.21-22.03.47:168][933]LightingResults: New page: Lighting Build
[2017.06.21-22.03.47:169][933]LoadErrors: New page: Loading map: TIY_02.umap
[2017.06.21-22.03.47:169][933]MapCheck: New page: Map Check
[2017.06.21-22.03.47:169][933]LightingResults: New page: Lighting Build
[2017.06.21-22.03.47:248][933]LogEditorServer: Finished looking for orphan Actors (0.000 secs)
[2017.06.21-22.03.47:274][933]Cmd: MAP CHECKDEP NOCLEARLOG
[2017.06.21-22.03.47:339][933]MapCheck: Info Map check complete: 0 Error(s), 0 Warning(s), took 65.076ms to complete.
[2017.06.21-22.03.47:339][933]LogFileHelpers: Loading map 'TIY_02' took 0.173
[2017.06.21-22.03.50:136][241]LogTemp: Repeting last play command: Selected Viewport
[2017.06.21-22.03.50:145][241]LogPlayLevel: PlayLevel: No blueprints needed recompiling
[2017.06.21-22.03.50:146][241]PIE: New page: PIE session: TIY_02 (Jun 21, 2017, 2:03:50 PM)
[2017.06.21-22.03.50:146][241]LogPlayLevel: Creating play world package: /Game/TIYs/UEDPIE_0_TIY_02
[2017.06.21-22.03.50:148][241]LogPlayLevel: PIE: StaticDuplicateObject took: (0.002051s)
[2017.06.21-22.03.50:148][241]LogAIModule: Creating AISystem for world TIY_02
[2017.06.21-22.03.50:149][241]LogPlayLevel: PIE: World Init took: (0.000807s)
[2017.06.21-22.03.50:149][241]LogPlayLevel: PIE: Created PIE world by copying editor world from /Game/TIYs/TIY_02.TIY_02 to /Game/TIYs/UEDPIE_0_TIY_02.TIY_02 (0.003113s)
[2017.06.21-22.03.50:183][241]LogInit: XAudio2 using 'Speakers (Dell AC511 USB SoundBar)' : 2 channels at 44.1 kHz using 16 bits per sample (channel mask 0x3)
[2017.06.21-22.03.50:191][241]LogInit: FAudioDevice initialized.
[2017.06.21-22.03.50:225][241]LogLoad: Game class is 'FirstPersonGameMode_C'
[2017.06.21-22.03.50:228][241]LogWorld: Bringing World /Game/TIYs/UEDPIE_0_TIY_02.TIY_02 up for play (max tick rate 0) at 2017.06.21-18.03.50
[2017.06.21-22.03.50:228][241]LogWorld: Bringing up level for play took: 0.001446
[2017.06.21-22.03.50:229][241]LogGameMode:Display: Match State Changed from EnteringMap to WaitingToStart
[2017.06.21-22.03.50:229][241]LogGameState: Match State Changed from EnteringMap to WaitingToStart
[2017.06.21-22.03.50:229][241]LogGameMode:Display: Match State Changed from WaitingToStart to InProgress
[2017.06.21-22.03.50:231][241]LogGameState: Match State Changed from WaitingToStart to InProgress
[2017.06.21-22.03.50:231][241]PIE: Info Play in editor start time for /Game/TIYs/UEDPIE_0_TIY_02 -0.292
[2017.06.21-22.03.59:774][280]LogContentBrowser: Native class hierarchy updated for 'BlueprintGraph' in 0.0010 seconds. Added 112 classes and 0 folders.
[2017.06.21-22.04.00:578][280]LogSlate: Took 0.000179 seconds to synchronously load lazily loaded font '../../../Engine/Content/Slate/Fonts/Roboto-Regular.ttf' (155K)
[2017.06.21-22.04.00:652][280]LogSlate: Took 0.000234 seconds to synchronously load lazily loaded font '../../../Engine/Content/Editor/Slate/Fonts/Roboto-BoldCondensed.ttf' (158K)
[2017.06.21-22.04.00:718][281]LogSlate: Took 0.000283 seconds to synchronously load lazily loaded font '../../../Engine/Content/Editor/Slate/Fonts/Roboto-Italic.ttf' (157K)
[2017.06.21-22.04.05:642][652]LogRenderer: Reallocating scene render targets to support 912x684 NumSamples 1 (Frame:1).
[2017.06.21-22.04.21:317][ 67]LogTemp: Repeting last play command: Selected Viewport
[2017.06.21-22.04.21:333][ 67]LogPlayLevel: PlayLevel: No blueprints needed recompiling
[2017.06.21-22.04.21:333][ 67]PIE: New page: PIE session: TIY_02 (Jun 21, 2017, 2:04:21 PM)
[2017.06.21-22.04.21:333][ 67]LogPlayLevel: Creating play world package: /Game/TIYs/UEDPIE_0_TIY_02
[2017.06.21-22.04.21:335][ 67]LogPlayLevel: PIE: StaticDuplicateObject took: (0.001680s)
[2017.06.21-22.04.21:336][ 67]LogAIModule: Creating AISystem for world TIY_02
[2017.06.21-22.04.21:336][ 67]LogPlayLevel: PIE: World Init took: (0.000771s)
[2017.06.21-22.04.21:336][ 67]LogPlayLevel: PIE: Created PIE world by copying editor world from /Game/TIYs/TIY_02.TIY_02 to /Game/TIYs/UEDPIE_0_TIY_02.TIY_02 (0.002683s)
[2017.06.21-22.04.21:370][ 67]LogInit: XAudio2 using 'Speakers (Dell AC511 USB SoundBar)' : 2 channels at 44.1 kHz using 16 bits per sample (channel mask 0x3)
[2017.06.21-22.04.21:377][ 67]LogInit: FAudioDevice initialized.
[2017.06.21-22.04.21:409][ 67]LogLoad: Game class is 'FirstPersonGameMode_C'
[2017.06.21-22.04.21:412][ 67]LogWorld: Bringing World /Game/TIYs/UEDPIE_0_TIY_02.TIY_02 up for play (max tick rate 0) at 2017.06.21-18.04.21
[2017.06.21-22.04.21:412][ 67]LogWorld: Bringing up level for play took: 0.001024
[2017.06.21-22.04.21:413][ 67]LogGameMode:Display: Match State Changed from EnteringMap to WaitingToStart
[2017.06.21-22.04.21:413][ 67]LogGameState: Match State Changed from EnteringMap to WaitingToStart
[2017.06.21-22.04.21:413][ 67]LogGameMode:Display: Match State Changed from WaitingToStart to InProgress
[2017.06.21-22.04.21:414][ 67]LogGameState: Match State Changed from WaitingToStart to InProgress
[2017.06.21-22.04.21:414][ 67]PIE: Info Play in editor start time for /Game/TIYs/UEDPIE_0_TIY_02 0.89
[2017.06.21-22.04.30:072][803]LogAIModule: Creating AISystem for world UseKeyInput
[2017.06.21-22.04.30:073][803]LogActorComponent: RegisterComponentWithWorld: (/Game/Maps/UseKeyInput.UseKeyInput:PersistentLevel.WorldSettings_1.StaticMeshComponent0) Trying to register component with IsPendingKill() == true. Aborting.
[2017.06.21-22.04.30:094][803]Cmd: MAP LOAD FILE="H:/BookProjects/Hour_18/Hour_18/Content/Maps/UseKeyInput.umap" TEMPLATE=0 SHOWPROGRESS=1 FEATURELEVEL=3
[2017.06.21-22.04.30:095][803]LightingResults: New page: Lighting Build
[2017.06.21-22.04.30:095][803]LoadErrors: New page: Loading map: UseKeyInput.umap
[2017.06.21-22.04.30:096][803]MapCheck: New page: Map Check
[2017.06.21-22.04.30:096][803]LightingResults: New page: Lighting Build
[2017.06.21-22.04.30:210][803]LogEditorServer: Finished looking for orphan Actors (0.000 secs)
[2017.06.21-22.04.30:253][803]Cmd: MAP CHECKDEP NOCLEARLOG
[2017.06.21-22.04.30:332][803]MapCheck: Info Map check complete: 0 Error(s), 0 Warning(s), took 78.441ms to complete.
[2017.06.21-22.04.30:333][803]LogFileHelpers: Loading map 'UseKeyInput' took 0.240
[2017.06.21-22.04.31:571][905]LogEditorViewport: Clicking on Actor (LMB): KeySpawner_Exercise_BP_C (UseKeySpawner_BP2)
[2017.06.21-22.04.31:847][925]LogEditorViewport: Clicking on Actor (context menu): KeySpawner_Exercise_BP_C (UseKeySpawner_BP2)
[2017.06.21-22.04.58:357][880]LogTemp: Repeting last play command: Selected Viewport
[2017.06.21-22.04.58:372][880]LogPlayLevel: PlayLevel: No blueprints needed recompiling
[2017.06.21-22.04.58:372][880]PIE: New page: PIE session: UseKeyInput (Jun 21, 2017, 2:04:58 PM)
[2017.06.21-22.04.58:372][880]LogPlayLevel: Creating play world package: /Game/Maps/UEDPIE_0_UseKeyInput
[2017.06.21-22.04.58:376][880]LogPlayLevel: PIE: StaticDuplicateObject took: (0.003904s)
[2017.06.21-22.04.58:377][880]LogAIModule: Creating AISystem for world UseKeyInput
[2017.06.21-22.04.58:377][880]LogPlayLevel: PIE: World Init took: (0.000834s)
[2017.06.21-22.04.58:377][880]LogPlayLevel: PIE: Created PIE world by copying editor world from /Game/Maps/UseKeyInput.UseKeyInput to /Game/Maps/UEDPIE_0_UseKeyInput.UseKeyInput (0.004987s)
[2017.06.21-22.04.58:411][880]LogInit: XAudio2 using 'Speakers (Dell AC511 USB SoundBar)' : 2 channels at 44.1 kHz using 16 bits per sample (channel mask 0x3)
[2017.06.21-22.04.58:418][880]LogInit: FAudioDevice initialized.
[2017.06.21-22.04.58:452][880]LogLoad: Game class is 'FirstPersonGameMode_C'
[2017.06.21-22.04.58:454][880]LogWorld: Bringing World /Game/Maps/UEDPIE_0_UseKeyInput.UseKeyInput up for play (max tick rate 0) at 2017.06.21-18.04.58
[2017.06.21-22.04.58:455][880]LogWorld: Bringing up level for play took: 0.001513
[2017.06.21-22.04.58:455][880]LogGameMode:Display: Match State Changed from EnteringMap to WaitingToStart
[2017.06.21-22.04.58:455][880]LogGameState: Match State Changed from EnteringMap to WaitingToStart
[2017.06.21-22.04.58:455][880]LogGameMode:Display: Match State Changed from WaitingToStart to InProgress
[2017.06.21-22.04.58:457][880]LogGameState: Match State Changed from WaitingToStart to InProgress
[2017.06.21-22.04.58:457][880]PIE: Info Play in editor start time for /Game/Maps/UEDPIE_0_UseKeyInput -0.067
[2017.06.21-22.05.03:422][358]LogBlueprintUserMessages: [KeySpawner_Exercise_BP_C_0] Hello
[2017.06.21-22.05.09:936][988]LogBlueprintUserMessages: [KeySpawner_Exercise_BP_C_0] Hello
[2017.06.21-22.05.36:413][201]LogUProjectInfo: Found projects:
[2017.06.21-22.05.47:802][296]Cmd: CLOSE_SLATE_MAINFRAME
[2017.06.21-22.05.47:939][296]LogActorComponent: UnregisterComponent: (/Engine/Transient.EditorFloorComp) Not registered. Aborting.
[2017.06.21-22.05.47:991][296]LogWindowsTextInputMethodSystem:Display: IME system now deactivated.
[2017.06.21-22.05.48:205][297]Cmd: QUIT_EDITOR
[2017.06.21-22.05.48:621][297]LogExit: Preparing to exit.
[2017.06.21-22.05.49:694][297]LogExit: Editor shut down
[2017.06.21-22.05.49:698][297]LogExit: Transaction tracking system shut down
[2017.06.21-22.05.49:791][297]LogObj: Freed 0b from 0 cluster array pools.
[2017.06.21-22.05.49:791][297]LogExit: Object subsystem successfully closed.
[2017.06.21-22.05.49:810][297]LogD3D11RHI: Shutdown
[2017.06.21-22.05.49:810][297]LogD3D11RHI: CleanupD3DDevice
[2017.06.21-22.05.49:922][297]LogD3D11RHI: ~FD3D11DynamicRHI
[2017.06.21-22.05.49:946][297]LogModuleManager: Shutting down and abandoning module BlueprintGraph (530)
[2017.06.21-22.05.49:946][297]LogModuleManager: Shutting down and abandoning module BlueprintProfiler (528)
[2017.06.21-22.05.49:946][297]LogModuleManager: Shutting down and abandoning module MovieSceneCapture (526)
[2017.06.21-22.05.49:947][297]LogModuleManager: Shutting down and abandoning module HierarchicalLODOutliner (524)
[2017.06.21-22.05.49:947][297]LogModuleManager: Shutting down and abandoning module CrashTracker (522)
[2017.06.21-22.05.49:947][297]LogModuleManager: Shutting down and abandoning module SceneOutliner (520)
[2017.06.21-22.05.49:947][297]LogModuleManager: Shutting down and abandoning module AddContentDialog (518)
[2017.06.21-22.05.49:947][297]LogDirectoryWatcher: A directory notification for 'C:/Program Files/Unreal Engine/UE_4.16/FeaturePacks/' was aborted.
[2017.06.21-22.05.49:947][297]LogModuleManager: Shutting down and abandoning module WidgetCarousel (517)
[2017.06.21-22.05.49:947][297]LogModuleManager: Shutting down and abandoning module EditorWidgets (514)
[2017.06.21-22.05.49:947][297]LogModuleManager: Shutting down and abandoning module CollectionManager (512)
[2017.06.21-22.05.49:947][297]LogDirectoryWatcher: A directory notification for 'H:/BookProjects/Hour_18/Hour_18/Content/Collections/' was aborted.
[2017.06.21-22.05.49:947][297]LogDirectoryWatcher: A directory notification for 'H:/BookProjects/Hour_18/Hour_18/Content/Developers/acookson/Collections/' was aborted.
[2017.06.21-22.05.49:947][297]LogDirectoryWatcher: A directory notification for 'H:/BookProjects/Hour_18/Hour_18/Saved/Collections/' was aborted.
[2017.06.21-22.05.49:948][297]LogModuleManager: Shutting down and abandoning module StatsViewer (510)
[2017.06.21-22.05.49:948][297]LogModuleManager: Shutting down and abandoning module FoliageEdit (508)
[2017.06.21-22.05.49:948][297]LogModuleManager: Shutting down and abandoning module LandscapeEditor (506)
[2017.06.21-22.05.49:948][297]LogModuleManager: Shutting down and abandoning module MeshPaintMode (504)
[2017.06.21-22.05.49:948][297]LogModuleManager: Shutting down and abandoning module SceneDepthPickerMode (502)
[2017.06.21-22.05.49:948][297]LogModuleManager: Shutting down and abandoning module ActorPickerMode (500)
[2017.06.21-22.05.49:948][297]LogModuleManager: Shutting down and abandoning module GeometryMode (498)
[2017.06.21-22.05.49:948][297]LogModuleManager: Shutting down and abandoning module TextureAlignMode (496)
[2017.06.21-22.05.49:948][297]LogModuleManager: Shutting down and abandoning module BspMode (494)
[2017.06.21-22.05.49:948][297]LogModuleManager: Shutting down and abandoning module HardwareSurvey (492)
[2017.06.21-22.05.49:948][297]LogModuleManager: Shutting down and abandoning module SequenceRecorderSections (490)
[2017.06.21-22.05.49:948][297]LogModuleManager: Shutting down and abandoning module AutomationWorker (488)
[2017.06.21-22.05.49:948][297]LogModuleManager: Shutting down and abandoning module MatineeToLevelSequence (486)
[2017.06.21-22.05.49:948][297]LogModuleManager: Shutting down and abandoning module LevelSequenceEditor (484)
[2017.06.21-22.05.49:948][297]LogModuleManager: Shutting down and abandoning module PlacementMode (483)
[2017.06.21-22.05.49:948][297]LogModuleManager: Shutting down and abandoning module WmfMediaFactory (480)
[2017.06.21-22.05.49:948][297]LogModuleManager: Shutting down and abandoning module WmfMediaEditor (478)
[2017.06.21-22.05.49:948][297]LogModuleManager: Shutting down and abandoning module AvfMediaFactory (476)
[2017.06.21-22.05.49:948][297]LogModuleManager: Shutting down and abandoning module AvfMediaEditor (474)
[2017.06.21-22.05.49:948][297]LogModuleManager: Shutting down and abandoning module AndroidMediaFactory (472)
[2017.06.21-22.05.49:948][297]LogModuleManager: Shutting down and abandoning module Media (471)
[2017.06.21-22.05.49:948][297]LogModuleManager: Shutting down and abandoning module AndroidMediaEditor (468)
[2017.06.21-22.05.49:948][297]LogModuleManager: Shutting down and abandoning module CharacterAI (466)
[2017.06.21-22.05.49:948][297]LogModuleManager: Shutting down and abandoning module AudioCapture (464)
[2017.06.21-22.05.49:948][297]LogModuleManager: Shutting down and abandoning module SequenceRecorder (463)
[2017.06.21-22.05.49:948][297]LogModuleManager: Shutting down and abandoning module SmartSnapping (460)
[2017.06.21-22.05.49:948][297]LogModuleManager: Shutting down and abandoning module SessionServices (458)
[2017.06.21-22.05.49:948][297]LogModuleManager: Shutting down and abandoning module ViewportSnapping (456)
[2017.06.21-22.05.49:948][297]LogModuleManager: Shutting down and abandoning module ViewportInteraction (454)
[2017.06.21-22.05.49:948][297]LogModuleManager: Shutting down and abandoning module ClothPainter (452)
[2017.06.21-22.05.49:948][297]LogModuleManager: Shutting down and abandoning module LogVisualizer (450)
[2017.06.21-22.05.49:948][297]LogModuleManager: Shutting down and abandoning module IntroTutorials (448)
[2017.06.21-22.05.49:948][297]LogModuleManager: Shutting down and abandoning module GameProjectGeneration (447)
[2017.06.21-22.05.49:948][297]LogModuleManager: Shutting down and abandoning module EditorLiveStreaming (444)
[2017.06.21-22.05.49:948][297]LogModuleManager: Shutting down and abandoning module IOSPlatformEditor (442)
[2017.06.21-22.05.49:948][297]LogModuleManager: Shutting down and abandoning module HTML5PlatformEditor (440)
[2017.06.21-22.05.49:948][297]LogModuleManager: Shutting down and abandoning module AndroidPlatformEditor (438)
[2017.06.21-22.05.49:948][297]LogModuleManager: Shutting down and abandoning module AndroidDeviceDetection (437)
[2017.06.21-22.05.50:934][297]LogModuleManager: Shutting down and abandoning module IOSRuntimeSettings (434)
[2017.06.21-22.05.50:934][297]LogModuleManager: Shutting down and abandoning module AndroidRuntimeSettings (432)
[2017.06.21-22.05.50:934][297]LogModuleManager: Shutting down and abandoning module InputBindingEditor (430)
[2017.06.21-22.05.50:934][297]LogModuleManager: Shutting down and abandoning module MergeActors (428)
[2017.06.21-22.05.50:934][297]LogModuleManager: Shutting down and abandoning module SizeMap (426)
[2017.06.21-22.05.50:934][297]LogModuleManager: Shutting down and abandoning module TreeMap (424)
[2017.06.21-22.05.50:934][297]LogModuleManager: Shutting down and abandoning module ReferenceViewer (422)
[2017.06.21-22.05.50:934][297]LogModuleManager: Shutting down and abandoning module LocalizationDashboard (420)
[2017.06.21-22.05.50:934][297]LogModuleManager: Shutting down and abandoning module LocalizationService (419)
[2017.06.21-22.05.50:934][297]LogModuleManager: Shutting down and abandoning module HardwareTargeting (416)
[2017.06.21-22.05.50:934][297]LogModuleManager: Shutting down and abandoning module DeviceProfileEditor (414)
[2017.06.21-22.05.50:934][297]LogModuleManager: Shutting down and abandoning module UndoHistory (412)
[2017.06.21-22.05.50:934][297]LogModuleManager: Shutting down and abandoning module UserFeedback (410)
[2017.06.21-22.05.50:934][297]LogModuleManager: Shutting down and abandoning module XmlParser (408)
[2017.06.21-22.05.50:934][297]LogModuleManager: Shutting down and abandoning module Blutility (406)
[2017.06.21-22.05.50:934][297]LogModuleManager: Shutting down and abandoning module ProjectSettingsViewer (404)
[2017.06.21-22.05.50:934][297]LogModuleManager: Shutting down and abandoning module ProjectTargetPlatformEditor (403)
[2017.06.21-22.05.50:935][297]LogModuleManager: Shutting down and abandoning module EditorSettingsViewer (400)
[2017.06.21-22.05.50:935][297]LogModuleManager: Shutting down and abandoning module SettingsEditor (398)
[2017.06.21-22.05.50:935][297]LogModuleManager: Shutting down and abandoning module ProjectLauncher (396)
[2017.06.21-22.05.50:935][297]LogModuleManager: Shutting down and abandoning module SessionFrontend (394)
[2017.06.21-22.05.50:935][297]LogModuleManager: Shutting down and abandoning module ProfilerClient (392)
[2017.06.21-22.05.50:935][297]LogModuleManager: Shutting down and abandoning module DeviceManager (390)
[2017.06.21-22.05.50:935][297]LogModuleManager: Shutting down and abandoning module TargetDeviceServices (389)
[2017.06.21-22.05.51:000][297]LogModuleManager: Shutting down and abandoning module AutomationController (386)
[2017.06.21-22.05.51:000][297]LogModuleManager: Shutting down and abandoning module AutomationWindow (384)
[2017.06.21-22.05.51:000][297]LogModuleManager: Shutting down and abandoning module Layers (382)
[2017.06.21-22.05.51:000][297]LogModuleManager: Shutting down and abandoning module ComponentVisualizers (380)
[2017.06.21-22.05.51:000][297]LogModuleManager: Shutting down and abandoning module DetailCustomizations (378)
[2017.06.21-22.05.51:000][297]LogModuleManager: Shutting down and abandoning module PackagesDialog (376)
[2017.06.21-22.05.51:000][297]LogModuleManager: Shutting down and abandoning module Persona (374)
[2017.06.21-22.05.51:000][297]LogModuleManager: Shutting down and abandoning module AdvancedPreviewScene (373)
[2017.06.21-22.05.51:000][297]LogModuleManager: Shutting down and abandoning module AnimGraph (371)
[2017.06.21-22.05.51:000][297]LogModuleManager: Shutting down and abandoning module Kismet (368)
[2017.06.21-22.05.51:006][297]LogModuleManager: Shutting down and abandoning module ClassViewer (366)
[2017.06.21-22.05.51:006][297]LogModuleManager: Shutting down and abandoning module Toolbox (364)
[2017.06.21-22.05.51:006][297]LogModuleManager: Shutting down and abandoning module ModuleUI (362)
[2017.06.21-22.05.51:006][297]LogModuleManager: Shutting down and abandoning module MovieSceneTools (360)
[2017.06.21-22.05.51:006][297]LogModuleManager: Shutting down and abandoning module OutputLog (358)
[2017.06.21-22.05.51:006][297]LogModuleManager: Shutting down and abandoning module GammaUI (356)
[2017.06.21-22.05.51:006][297]LogModuleManager: Shutting down and abandoning module Documentation (354)
[2017.06.21-22.05.51:006][297]LogModuleManager: Shutting down and abandoning module MovieSceneTracks (352)
[2017.06.21-22.05.51:006][297]LogModuleManager: Shutting down and abandoning module MovieScene (350)
[2017.06.21-22.05.51:006][297]LogModuleManager: Shutting down and abandoning module Niagara (348)
[2017.06.21-22.05.51:006][297]LogModuleManager: Shutting down and abandoning module NiagaraEditor (347)
[2017.06.21-22.05.51:006][297]LogModuleManager: Shutting down and abandoning module StreamingPauseRendering (344)
[2017.06.21-22.05.51:006][297]LogModuleManager: Shutting down and abandoning module AnalyticsET (342)
[2017.06.21-22.05.51:006][297]LogModuleManager: Shutting down and abandoning module PortalServices (340)
[2017.06.21-22.05.51:006][297]LogModuleManager: Shutting down and abandoning module PortalRpc (338)
[2017.06.21-22.05.51:006][297]LogModuleManager: Shutting down and abandoning module MessagingRpc (336)
[2017.06.21-22.05.51:006][297]LogModuleManager: Shutting down and abandoning module AIModule (334)
[2017.06.21-22.05.51:006][297]LogModuleManager: Shutting down and abandoning module GameplayDebugger (333)
[2017.06.21-22.05.51:006][297]LogModuleManager: Shutting down and abandoning module AITestSuite (331)
[2017.06.21-22.05.51:006][297]LogModuleManager: Shutting down and abandoning module ProfilerService (328)
[2017.06.21-22.05.51:082][297]LogModuleManager: Shutting down and abandoning module TaskGraph (326)
[2017.06.21-22.05.51:082][297]LogModuleManager: Shutting down and abandoning module SteamVRController (324)
[2017.06.21-22.05.51:082][297]LogModuleManager: Shutting down and abandoning module SteamVR (322)
[2017.06.21-22.05.51:082][297]LogModuleManager: Shutting down and abandoning module ProceduralMeshComponentEditor (320)
[2017.06.21-22.05.51:082][297]LogModuleManager: Shutting down and abandoning module ProceduralMeshComponent (318)
[2017.06.21-22.05.51:082][297]LogModuleManager: Shutting down and abandoning module OculusLibrary (316)
[2017.06.21-22.05.51:082][297]LogModuleManager: Shutting down and abandoning module OculusInput (314)
[2017.06.21-22.05.51:082][297]LogModuleManager: Shutting down and abandoning module MobilePatchingUtils (312)
[2017.06.21-22.05.51:082][297]LogModuleManager: Shutting down and abandoning module CustomMeshComponent (310)
[2017.06.21-22.05.51:082][297]LogModuleManager: Shutting down and abandoning module CableComponent (308)
[2017.06.21-22.05.51:082][297]LogModuleManager: Shutting down and abandoning module ArchVisCharacter (306)
[2017.06.21-22.05.51:082][297]LogModuleManager: Shutting down and abandoning module AndroidPermission (304)
[2017.06.21-22.05.51:082][297]LogModuleManager: Shutting down and abandoning module MediaPlayerEditor (300)
[2017.06.21-22.05.51:082][297]LogModuleManager: Shutting down and abandoning module HTML5Networking (298)
[2017.06.21-22.05.51:082][297]LogModuleManager: Shutting down and abandoning module AlembicImporter (296)
[2017.06.21-22.05.51:082][297]LogModuleManager: Shutting down and abandoning module AlembicLibrary (295)
[2017.06.21-22.05.51:082][297]LogModuleManager: Shutting down and abandoning module GeometryCache (294)
[2017.06.21-22.05.51:082][297]LogModuleManager: Shutting down and abandoning module GeometryCacheEd (293)
[2017.06.21-22.05.51:082][297]LogModuleManager: Shutting down and abandoning module SuperSearchEditor (288)
[2017.06.21-22.05.51:082][297]LogModuleManager: Shutting down and abandoning module SuperSearch (287)
[2017.06.21-22.05.51:082][297]LogModuleManager: Shutting down and abandoning module SpeedTreeImporter (284)
[2017.06.21-22.05.51:082][297]LogModuleManager: Shutting down and abandoning module PluginBrowser (282)
[2017.06.21-22.05.51:082][297]LogModuleManager: Shutting down and abandoning module MobileLauncherProfileWizard (280)
[2017.06.21-22.05.51:082][297]LogModuleManager: Shutting down and abandoning module VisualStudioSourceCodeAccess (278)
[2017.06.21-22.05.51:082][297]LogModuleManager: Shutting down and abandoning module DesktopPlatform (277)
[2017.06.21-22.05.51:082][297]LogModuleManager: Shutting down and abandoning module UObjectPlugin (274)
[2017.06.21-22.05.51:082][297]LogModuleManager: Shutting down and abandoning module SubversionSourceControl (272)
[2017.06.21-22.05.51:082][297]LogModuleManager: Shutting down and abandoning module PerforceSourceControl (270)
[2017.06.21-22.05.51:082][297]LogModuleManager: Shutting down and abandoning module GitSourceControl (268)
[2017.06.21-22.05.51:082][297]LogModuleManager: Shutting down and abandoning module SourceControl (267)
[2017.06.21-22.05.51:082][297]LogModuleManager: Shutting down and abandoning module LightPropagationVolumeEditor (264)
[2017.06.21-22.05.51:082][297]LogModuleManager: Shutting down and abandoning module PaperTiledImporter (262)
[2017.06.21-22.05.51:082][297]LogModuleManager: Shutting down and abandoning module PaperSpriteSheetImporter (260)
[2017.06.21-22.05.51:082][297]LogModuleManager: Shutting down and abandoning module Paper2DEditor (258)
[2017.06.21-22.05.51:082][297]LogModuleManager: Shutting down and abandoning module MeshPaint (257)
[2017.06.21-22.05.51:082][297]LogModuleManager: Shutting down and abandoning module LevelEditor (255)
[2017.06.21-22.05.51:083][297]LogModuleManager: Shutting down and abandoning module PixelInspectorModule (254)
[2017.06.21-22.05.51:083][297]LogModuleManager: Shutting down and abandoning module MainFrame (252)
[2017.06.21-22.05.51:083][297]LogModuleManager: Shutting down and abandoning module HotReload (251)
[2017.06.21-22.05.51:083][297]LogModuleManager: Shutting down and abandoning module PhysXVehiclesEditor (246)
[2017.06.21-22.05.51:083][297]LogModuleManager: Shutting down and abandoning module PhysXVehicles (244)
[2017.06.21-22.05.51:083][297]LogModuleManager: Shutting down and abandoning module LocationServicesBPLibrary (242)
[2017.06.21-22.05.51:083][297]LogModuleManager: Shutting down and abandoning module ImmediatePhysicsEditor (240)
[2017.06.21-22.05.51:083][297]LogModuleManager: Shutting down and abandoning module ImmediatePhysics (238)
[2017.06.21-22.05.51:083][297]LogModuleManager: Shutting down and abandoning module UdpMessaging (236)
[2017.06.21-22.05.51:184][297]LogModuleManager: Shutting down and abandoning module TcpMessaging (234)
[2017.06.21-22.05.51:285][297]LogModuleManager: Shutting down and abandoning module GameplayTagsEditor (232)
[2017.06.21-22.05.51:285][297]LogModuleManager: Shutting down and abandoning module FacialAnimationEditor (230)
[2017.06.21-22.05.51:285][297]LogModuleManager: Shutting down and abandoning module FacialAnimation (228)
[2017.06.21-22.05.51:285][297]LogModuleManager: Shutting down and abandoning module AssetManagerEditor (226)
[2017.06.21-22.05.51:285][297]LogModuleManager: Shutting down and abandoning module GraphEditor (225)
[2017.06.21-22.05.51:285][297]LogModuleManager: Shutting down and abandoning module ContentBrowser (223)
[2017.06.21-22.05.51:285][297]LogModuleManager: Shutting down and abandoning module LightPropagationVolumeRuntime (220)
[2017.06.21-22.05.51:285][297]LogModuleManager: Shutting down and abandoning module Paper2D (218)
[2017.06.21-22.05.51:285][297]LogModuleManager: Shutting down and abandoning module WindowsMoviePlayer (216)
[2017.06.21-22.05.51:286][297]LogModuleManager: Shutting down and abandoning module WmfMedia (214)
[2017.06.21-22.05.51:286][297]LogModuleManager: Shutting down and abandoning module ClothingSystemEditor (212)
[2017.06.21-22.05.51:286][297]LogModuleManager: Shutting down and abandoning module ClothingSystemRuntime (210)
[2017.06.21-22.05.51:286][297]LogModuleManager: Shutting down and abandoning module MediaAssets (208)
[2017.06.21-22.05.51:286][297]LogModuleManager: Shutting down and abandoning module GameLiveStreaming (206)
[2017.06.21-22.05.51:286][297]LogModuleManager: Shutting down and abandoning module VREditor (204)
[2017.06.21-22.05.51:286][297]LogModuleManager: Shutting down and abandoning module StringTableEditor (202)
[2017.06.21-22.05.51:286][297]LogModuleManager: Shutting down and abandoning module GameplayTasksEditor (200)
[2017.06.21-22.05.51:286][297]LogModuleManager: Shutting down and abandoning module BehaviorTreeEditor (198)
[2017.06.21-22.05.51:286][297]LogModuleManager: Shutting down and abandoning module FunctionalTesting (196)
[2017.06.21-22.05.51:286][297]LogModuleManager: Shutting down and abandoning module CollisionAnalyzer (194)
[2017.06.21-22.05.51:286][297]LogModuleManager: Shutting down and abandoning module UMG (192)
[2017.06.21-22.05.51:286][297]LogModuleManager: Shutting down and abandoning module UMGEditor (191)
[2017.06.21-22.05.51:286][297]LogModuleManager: Shutting down and abandoning module Sequencer (190)
[2017.06.21-22.05.51:286][297]LogModuleManager: Shutting down and abandoning module AssetTools (188)
[2017.06.21-22.05.51:286][297]LogModuleManager: Shutting down and abandoning module MessageLog (187)
[2017.06.21-22.05.51:286][297]LogModuleManager: Shutting down and abandoning module WorkspaceMenuStructure (186)
[2017.06.21-22.05.51:286][297]LogModuleManager: Shutting down and abandoning module SlateReflector (180)
[2017.06.21-22.05.51:286][297]LogModuleManager: Shutting down and abandoning module Slate (178)
[2017.06.21-22.05.51:286][297]LogModuleManager: Shutting down and abandoning module EditorStyle (176)
[2017.06.21-22.05.51:288][297]LogModuleManager: Shutting down and abandoning module SourceCodeAccess (174)
[2017.06.21-22.05.51:288][297]LogModuleManager: Shutting down and abandoning module HeadMountedDisplay (172)
[2017.06.21-22.05.51:288][297]LogModuleManager: Shutting down and abandoning module XAudio2 (170)
[2017.06.21-22.05.51:288][297]LogModuleManager: Shutting down and abandoning module Networking (168)
[2017.06.21-22.05.51:288][297]LogModuleManager: Shutting down and abandoning module Core (164)
[2017.06.21-22.05.51:288][297]LogModuleManager: Shutting down and abandoning module AssetRegistry (162)
[2017.06.21-22.05.51:621][297]LogDirectoryWatcher: A directory notification for '../../../Engine/Content/' was aborted.
[2017.06.21-22.05.51:621][297]LogDirectoryWatcher: A directory notification for 'H:/BookProjects/Hour_18/Hour_18/Content/' was aborted.
[2017.06.21-22.05.51:621][297]LogDirectoryWatcher: A directory notification for '../../../Engine/Plugins/2D/Paper2D/Content/' was aborted.
[2017.06.21-22.05.51:621][297]LogDirectoryWatcher: A directory notification for '../../../Engine/Plugins/Runtime/GearVR/Content/' was aborted.
[2017.06.21-22.05.51:623][297]LogModuleManager: Shutting down and abandoning module DirectoryWatcher (161)
[2017.06.21-22.05.51:624][297]LogModuleManager: Shutting down and abandoning module KismetCompiler (158)
[2017.06.21-22.05.51:624][297]LogModuleManager: Shutting down and abandoning module LevelSequence (156)
[2017.06.21-22.05.51:624][297]LogModuleManager: Shutting down and abandoning module PhysXFormats (154)
[2017.06.21-22.05.51:624][297]LogModuleManager: Shutting down and abandoning module MeshUtilities (152)
[2017.06.21-22.05.51:624][297]LogModuleManager: Shutting down and abandoning module SimplygonSwarm (151)
[2017.06.21-22.05.51:624][297]LogModuleManager: Shutting down and abandoning module SimplygonMeshReduction (149)
[2017.06.21-22.05.51:624][297]LogModuleManager: Shutting down and abandoning module QuadricMeshReduction (147)
[2017.06.21-22.05.51:624][297]LogModuleManager: Shutting down and abandoning module DerivedDataCache (144)
[2017.06.21-22.05.51:673][297]LogDerivedDataCache: Shutdown
[2017.06.21-22.05.51:673][297]LogModuleManager: Shutting down and abandoning module TargetPlatform (142)
[2017.06.21-22.05.51:673][297]LogModuleManager: Shutting down and abandoning module VulkanShaderFormat (141)
[2017.06.21-22.05.51:673][297]LogModuleManager: Shutting down and abandoning module ShaderFormatVectorVM (139)
[2017.06.21-22.05.51:673][297]LogModuleManager: Shutting down and abandoning module ShaderFormatOpenGL (137)
[2017.06.21-22.05.51:673][297]LogModuleManager: Shutting down and abandoning module ShaderFormatD3D (135)
[2017.06.21-22.05.51:673][297]LogModuleManager: Shutting down and abandoning module MetalShaderFormat (133)
[2017.06.21-22.05.51:673][297]LogModuleManager: Shutting down and abandoning module TextureFormatUncompressed (131)
[2017.06.21-22.05.51:673][297]LogModuleManager: Shutting down and abandoning module TextureFormatPVR (129)
[2017.06.21-22.05.51:673][297]LogModuleManager: Shutting down and abandoning module TextureFormatDXT (127)
[2017.06.21-22.05.51:673][297]LogModuleManager: Shutting down and abandoning module TextureFormatIntelISPCTexComp (125)
[2017.06.21-22.05.51:673][297]LogModuleManager: Shutting down and abandoning module TextureFormatASTC (123)
[2017.06.21-22.05.51:673][297]LogModuleManager: Shutting down and abandoning module ImageWrapper (122)
[2017.06.21-22.05.51:673][297]LogModuleManager: Shutting down and abandoning module TextureFormatAndroid (119)
[2017.06.21-22.05.51:673][297]LogModuleManager: Shutting down and abandoning module AudioFormatOpus (117)
[2017.06.21-22.05.51:673][297]LogModuleManager: Shutting down and abandoning module AudioFormatOgg (115)
[2017.06.21-22.05.51:673][297]LogModuleManager: Shutting down and abandoning module AudioFormatADPCM (113)
[2017.06.21-22.05.51:673][297]LogModuleManager: Shutting down and abandoning module LinuxTargetPlatform (111)
[2017.06.21-22.05.51:673][297]LogModuleManager: Shutting down and abandoning module LinuxServerTargetPlatform (109)
[2017.06.21-22.05.51:673][297]LogModuleManager: Shutting down and abandoning module LinuxNoEditorTargetPlatform (107)
[2017.06.21-22.05.51:673][297]LogModuleManager: Shutting down and abandoning module LinuxClientTargetPlatform (105)
[2017.06.21-22.05.51:673][297]LogModuleManager: Shutting down and abandoning module TVOSTargetPlatform (103)
[2017.06.21-22.05.51:673][297]LogModuleManager: Shutting down and abandoning module Messaging (101)
[2017.06.21-22.05.51:673][297]LogModuleManager: Shutting down and abandoning module IOSTargetPlatform (99)
[2017.06.21-22.05.51:673][297]LogModuleManager: Shutting down and abandoning module HTML5TargetPlatform (97)
[2017.06.21-22.05.51:673][297]LogModuleManager: Shutting down and abandoning module Android_PVRTCTargetPlatform (95)
[2017.06.21-22.05.51:673][297]LogModuleManager: Shutting down and abandoning module Android_MultiTargetPlatform (93)
[2017.06.21-22.05.51:673][297]LogModuleManager: Shutting down and abandoning module Android_ETC2TargetPlatform (91)
[2017.06.21-22.05.51:673][297]LogModuleManager: Shutting down and abandoning module Android_ETC1TargetPlatform (89)
[2017.06.21-22.05.51:673][297]LogModuleManager: Shutting down and abandoning module Android_DXTTargetPlatform (87)
[2017.06.21-22.05.51:673][297]LogModuleManager: Shutting down and abandoning module Android_ATCTargetPlatform (85)
[2017.06.21-22.05.51:673][297]LogModuleManager: Shutting down and abandoning module Android_ASTCTargetPlatform (83)
[2017.06.21-22.05.51:673][297]LogModuleManager: Shutting down and abandoning module AndroidTargetPlatform (81)
[2017.06.21-22.05.51:673][297]LogModuleManager: Shutting down and abandoning module WindowsTargetPlatform (79)
[2017.06.21-22.05.51:673][297]LogModuleManager: Shutting down and abandoning module WindowsServerTargetPlatform (77)
[2017.06.21-22.05.51:673][297]LogModuleManager: Shutting down and abandoning module WindowsNoEditorTargetPlatform (75)
[2017.06.21-22.05.51:673][297]LogModuleManager: Shutting down and abandoning module WindowsClientTargetPlatform (73)
[2017.06.21-22.05.51:673][297]LogModuleManager: Shutting down and abandoning module MacTargetPlatform (71)
[2017.06.21-22.05.51:673][297]LogModuleManager: Shutting down and abandoning module MacServerTargetPlatform (69)
[2017.06.21-22.05.51:673][297]LogModuleManager: Shutting down and abandoning module MacNoEditorTargetPlatform (67)
[2017.06.21-22.05.51:673][297]LogModuleManager: Shutting down and abandoning module MacClientTargetPlatform (65)
[2017.06.21-22.05.51:673][297]LogModuleManager: Shutting down and abandoning module AllDesktopTargetPlatform (63)
[2017.06.21-22.05.51:673][297]LogModuleManager: Shutting down and abandoning module InputCore (60)
[2017.06.21-22.05.51:673][297]LogModuleManager: Shutting down and abandoning module Settings (58)
[2017.06.21-22.05.51:673][297]LogModuleManager: Shutting down and abandoning module OculusRift (56)
[2017.06.21-22.05.51:673][297]LogModuleManager: Shutting down and abandoning module GearVRController (54)
[2017.06.21-22.05.51:673][297]LogModuleManager: Shutting down and abandoning module GearVR (52)
[2017.06.21-22.05.51:673][297]LogModuleManager: Shutting down and abandoning module ExampleDeviceProfileSelector (50)
[2017.06.21-22.05.51:673][297]LogModuleManager: Shutting down and abandoning module OnlineBlueprintSupport (48)
[2017.06.21-22.05.51:673][297]LogModuleManager: Shutting down and abandoning module OnlineSubsystem (44)
[2017.06.21-22.05.51:673][297]LogOnline:Display: Unloading online subsystem: NULL
[2017.06.21-22.05.51:673][297]LogModuleManager: Shutting down and abandoning module XMPP (43)
[2017.06.21-22.05.51:673][297]LogModuleManager: Shutting down and abandoning module HTTP (41)
[2017.06.21-22.05.51:673][297]LogHttp:Display: Http module shutting down, but needs to wait on 1 outstanding Http requests:
[2017.06.21-22.05.51:673][297]LogHttp:Display: 	verb=[POST] url=[https://datarouter.ol.epicgames.com/datarouter/api/v1/public/data?SessionID=%7BA10ADE4B-4A5C-0F96-C2E3-9F955B5DBF17%7D&AppID=UEEditor.Rocket.Release&AppVersion=4.16.1-3466753%2B%2B%2BUE4%2BRelease-4.16&UserID=8ae7d5fa4f7486a30978d59b4f147e43%7Ca3cbe5661c454bb4a082ec41ce73bf73%7Cc0d59f40-b27e-4a6a-9587-c49865568328&AppEnvironment=datacollector-binary&UploadType=eteventstream] status=Processing
[2017.06.21-22.05.51:694][297]LogModuleManager: Shutting down and abandoning module SSL (40)
[2017.06.21-22.05.51:695][297]LogModuleManager: Shutting down and abandoning module HTTPChunkInstaller (36)
[2017.06.21-22.05.51:695][297]LogModuleManager: Shutting down and abandoning module AnimationModifiers (34)
[2017.06.21-22.05.51:695][297]LogModuleManager: Shutting down and abandoning module PropertyEditor (33)
[2017.06.21-22.05.51:695][297]LogModuleManager: Shutting down and abandoning module AudioEditor (30)
[2017.06.21-22.05.51:695][297]LogModuleManager: Shutting down and abandoning module TextureCompressor (28)
[2017.06.21-22.05.51:695][297]LogModuleManager: Shutting down and abandoning module ShaderCore (26)
[2017.06.21-22.05.51:695][297]LogModuleManager: Shutting down and abandoning module Landscape (24)
[2017.06.21-22.05.51:695][297]LogModuleManager: Shutting down and abandoning module SlateRHIRenderer (22)
[2017.06.21-22.05.51:696][297]LogModuleManager: Shutting down and abandoning module OpenGLDrv (20)
[2017.06.21-22.05.51:696][297]LogModuleManager: Shutting down and abandoning module D3D11RHI (18)
[2017.06.21-22.05.51:696][297]LogModuleManager: Shutting down and abandoning module AnimGraphRuntime (16)
[2017.06.21-22.05.51:696][297]LogModuleManager: Shutting down and abandoning module Renderer (14)
[2017.06.21-22.05.51:696][297]LogModuleManager: Shutting down and abandoning module Engine (12)
[2017.06.21-22.05.51:696][297]LogModuleManager: Shutting down and abandoning module CoreUObject (10)
[2017.06.21-22.05.51:696][297]LogModuleManager: Shutting down and abandoning module NetworkFile (8)
[2017.06.21-22.05.51:696][297]LogModuleManager: Shutting down and abandoning module StreamingFile (6)
[2017.06.21-22.05.51:696][297]LogModuleManager: Shutting down and abandoning module SandboxFile (4)
[2017.06.21-22.05.51:696][297]LogModuleManager: Shutting down and abandoning module PakFile (2)
[2017.06.21-22.05.51:698][297]LogExit: Exiting.
[2017.06.21-22.05.51:711][297]Log file closed, 06/21/17 18:05:51
