Log file open, 05/09/18 17:49:52
LogWindows: Failed to load 'aqProf.dll' (GetLastError=126)
LogWindows: File 'aqProf.dll' does not exist
LogWindows: Failed to load 'VtuneApi.dll' (GetLastError=126)
LogWindows: File 'VtuneApi.dll' does not exist
LogWindows: Failed to load 'VtuneApi32e.dll' (GetLastError=126)
LogWindows: File 'VtuneApi32e.dll' does not exist
LogInit: Display: Running engine for game: Hour_16
LogPlatformFile: Not using cached read wrapper
LogInit: Display: RandInit(1121353335) SRandInit(1121353335).
LogInit: Read version file with build ID '3944462'
LogInit: Overriding engine version to CL 4033788, compatible CL 3944462
LogInit: Registered custom module enumerator with build ID '3944462'
LogTaskGraph: Started task graph with 5 named threads and 23 total threads with 3 sets of task threads.
LogStats: Stats thread started at 0.282605
LogD3D11RHI: Aftermath initialized
LogICUInternationalization: Display: ICU TimeZone Detection - Raw Offset: -5:00, Platform Override: ''
LogModuleManager: Display: Found up-to-date module file ../../../Engine/Plugins/2D/Paper2D/Binaries/Win64/UE4Editor-Paper2D.dll (API version 3944462).
LogModuleManager: Display: Found up-to-date module file ../../../Engine/Plugins/2D/Paper2D/Binaries/Win64/UE4Editor-Paper2DEditor.dll (API version 3944462).
LogModuleManager: Display: Found up-to-date module file ../../../Engine/Plugins/2D/Paper2D/Binaries/Win64/UE4Editor-PaperSpriteSheetImporter.dll (API version 3944462).
LogModuleManager: Display: Found up-to-date module file ../../../Engine/Plugins/2D/Paper2D/Binaries/Win64/UE4Editor-PaperTiledImporter.dll (API version 3944462).
LogModuleManager: Display: Found up-to-date module file ../../../Engine/Plugins/2D/Paper2D/Binaries/Win64/UE4Editor-SmartSnapping.dll (API version 3944462).
LogModuleManager: Display: Found up-to-date module file ../../../Engine/Plugins/Blendables/LightPropagationVolume/Binaries/Win64/UE4Editor-LightPropagationVolumeRuntime.dll (API version 3944462).
LogModuleManager: Display: Found up-to-date module file ../../../Engine/Plugins/Blendables/LightPropagationVolume/Binaries/Win64/UE4Editor-LightPropagationVolumeEditor.dll (API version 3944462).
LogModuleManager: Display: Found up-to-date module file ../../../Engine/Plugins/Developer/CLionSourceCodeAccess/Binaries/Win64/UE4Editor-CLionSourceCodeAccess.dll (API version 3944462).
LogModuleManager: Display: Found up-to-date module file ../../../Engine/Plugins/Developer/GitSourceControl/Binaries/Win64/UE4Editor-GitSourceControl.dll (API version 3944462).
LogModuleManager: Display: Found up-to-date module file ../../../Engine/Plugins/Developer/PerforceSourceControl/Binaries/Win64/UE4Editor-PerforceSourceControl.dll (API version 3944462).
LogModuleManager: Display: Found up-to-date module file ../../../Engine/Plugins/Developer/SubversionSourceControl/Binaries/Win64/UE4Editor-SubversionSourceControl.dll (API version 3944462).
LogModuleManager: Display: Found up-to-date module file ../../../Engine/Plugins/Developer/UObjectPlugin/Binaries/Win64/UE4Editor-UObjectPlugin.dll (API version 3944462).
LogModuleManager: Display: Found up-to-date module file ../../../Engine/Plugins/Developer/VisualStudioCodeSourceCodeAccess/Binaries/Win64/UE4Editor-VisualStudioCodeSourceCodeAccess.dll (API version 3944462).
LogModuleManager: Display: Found up-to-date module file ../../../Engine/Plugins/Developer/VisualStudioSourceCodeAccess/Binaries/Win64/UE4Editor-VisualStudioSourceCodeAccess.dll (API version 3944462).
LogModuleManager: Display: Found up-to-date module file ../../../Engine/Plugins/Editor/AssetManagerEditor/Binaries/Win64/UE4Editor-AssetManagerEditor.dll (API version 3944462).
LogModuleManager: Display: Found up-to-date module file ../../../Engine/Plugins/Editor/CryptoKeys/Binaries/Win64/UE4Editor-CryptoKeys.dll (API version 3944462).
LogModuleManager: Display: Found up-to-date module file ../../../Engine/Plugins/Editor/CryptoKeys/Binaries/Win64/UE4Editor-CryptoKeysOpenSSL.dll (API version 3944462).
LogModuleManager: Display: Found up-to-date module file ../../../Engine/Plugins/Editor/DataValidation/Binaries/Win64/UE4Editor-DataValidation.dll (API version 3944462).
LogModuleManager: Display: Found up-to-date module file ../../../Engine/Plugins/Editor/FacialAnimation/Binaries/Win64/UE4Editor-FacialAnimation.dll (API version 3944462).
LogModuleManager: Display: Found up-to-date module file ../../../Engine/Plugins/Editor/FacialAnimation/Binaries/Win64/UE4Editor-FacialAnimationEditor.dll (API version 3944462).
LogModuleManager: Display: Found up-to-date module file ../../../Engine/Plugins/Editor/GameplayTagsEditor/Binaries/Win64/UE4Editor-GameplayTagsEditor.dll (API version 3944462).
LogModuleManager: Display: Found up-to-date module file ../../../Engine/Plugins/Editor/MobileLauncherProfileWizard/Binaries/Win64/UE4Editor-MobileLauncherProfileWizard.dll (API version 3944462).
LogModuleManager: Display: Found up-to-date module file ../../../Engine/Plugins/Editor/PluginBrowser/Binaries/Win64/UE4Editor-PluginBrowser.dll (API version 3944462).
LogModuleManager: Display: Found up-to-date module file ../../../Engine/Plugins/Editor/SpeedTreeImporter/Binaries/Win64/UE4Editor-SpeedTreeImporter.dll (API version 3944462).
LogModuleManager: Display: Found up-to-date module file ../../../Engine/Plugins/Enterprise/DatasmithContent/Binaries/Win64/UE4Editor-DatasmithContent.dll (API version 3944462).
LogModuleManager: Display: Found up-to-date module file ../../../Engine/Plugins/Experimental/AlembicImporter/Binaries/Win64/UE4Editor-AlembicImporter.dll (API version 3944462).
LogModuleManager: Display: Found up-to-date module file ../../../Engine/Plugins/Experimental/AlembicImporter/Binaries/Win64/UE4Editor-AlembicLibrary.dll (API version 3944462).
LogModuleManager: Display: Found up-to-date module file ../../../Engine/Plugins/Experimental/CharacterAI/Binaries/Win64/UE4Editor-CharacterAI.dll (API version 3944462).
LogModuleManager: Display: Found up-to-date module file ../../../Engine/Plugins/Experimental/HTML5Networking/Binaries/Win64/UE4Editor-HTML5Networking.dll (API version 3944462).
LogModuleManager: Display: Found up-to-date module file ../../../Engine/Plugins/Media/AndroidMedia/Binaries/Win64/UE4Editor-AndroidMediaEditor.dll (API version 3944462).
LogModuleManager: Display: Found up-to-date module file ../../../Engine/Plugins/Media/AndroidMedia/Binaries/Win64/UE4Editor-AndroidMediaFactory.dll (API version 3944462).
LogModuleManager: Display: Found up-to-date module file ../../../Engine/Plugins/Media/AvfMedia/Binaries/Win64/UE4Editor-AvfMediaEditor.dll (API version 3944462).
LogModuleManager: Display: Found up-to-date module file ../../../Engine/Plugins/Media/AvfMedia/Binaries/Win64/UE4Editor-AvfMediaFactory.dll (API version 3944462).
LogModuleManager: Display: Found up-to-date module file ../../../Engine/Plugins/Media/AvfMedia/Binaries/Win64/UE4Editor-AvfMediaFactory.dll (API version 3944462).
LogModuleManager: Display: Found up-to-date module file ../../../Engine/Plugins/Media/ImgMedia/Binaries/Win64/UE4Editor-ImgMedia.dll (API version 3944462).
LogModuleManager: Display: Found up-to-date module file ../../../Engine/Plugins/Media/ImgMedia/Binaries/Win64/UE4Editor-ImgMediaEditor.dll (API version 3944462).
LogModuleManager: Display: Found up-to-date module file ../../../Engine/Plugins/Media/ImgMedia/Binaries/Win64/UE4Editor-ImgMediaFactory.dll (API version 3944462).
LogModuleManager: Display: Found up-to-date module file ../../../Engine/Plugins/Media/ImgMedia/Binaries/Win64/UE4Editor-ImgMediaFactory.dll (API version 3944462).
LogModuleManager: Display: Found up-to-date module file ../../../Engine/Plugins/Media/ImgMedia/Binaries/Win64/UE4Editor-OpenExrWrapper.dll (API version 3944462).
LogModuleManager: Display: Found up-to-date module file ../../../Engine/Plugins/Media/LinearTimecode/Binaries/Win64/UE4Editor-LinearTimecode.dll (API version 3944462).
LogModuleManager: Display: Found up-to-date module file ../../../Engine/Plugins/Media/MediaCompositing/Binaries/Win64/UE4Editor-MediaCompositing.dll (API version 3944462).
LogModuleManager: Display: Found up-to-date module file ../../../Engine/Plugins/Media/MediaCompositing/Binaries/Win64/UE4Editor-MediaCompositingEditor.dll (API version 3944462).
LogModuleManager: Display: Found up-to-date module file ../../../Engine/Plugins/Media/MediaPlayerEditor/Binaries/Win64/UE4Editor-MediaPlayerEditor.dll (API version 3944462).
LogModuleManager: Display: Found up-to-date module file ../../../Engine/Plugins/Media/WmfMedia/Binaries/Win64/UE4Editor-WmfMedia.dll (API version 3944462).
LogModuleManager: Display: Found up-to-date module file ../../../Engine/Plugins/Media/WmfMedia/Binaries/Win64/UE4Editor-WmfMediaEditor.dll (API version 3944462).
LogModuleManager: Display: Found up-to-date module file ../../../Engine/Plugins/Media/WmfMedia/Binaries/Win64/UE4Editor-WmfMediaFactory.dll (API version 3944462).
LogModuleManager: Display: Found up-to-date module file ../../../Engine/Plugins/Media/WmfMedia/Binaries/Win64/UE4Editor-WmfMediaFactory.dll (API version 3944462).
LogModuleManager: Display: Found up-to-date module file ../../../Engine/Plugins/Messaging/TcpMessaging/Binaries/Win64/UE4Editor-TcpMessaging.dll (API version 3944462).
LogModuleManager: Display: Found up-to-date module file ../../../Engine/Plugins/Messaging/UdpMessaging/Binaries/Win64/UE4Editor-UdpMessaging.dll (API version 3944462).
LogModuleManager: Display: Found up-to-date module file ../../../Engine/Plugins/MovieScene/ActorSequence/Binaries/Win64/UE4Editor-ActorSequence.dll (API version 3944462).
LogModuleManager: Display: Found up-to-date module file ../../../Engine/Plugins/MovieScene/LevelSequenceEditor/Binaries/Win64/UE4Editor-LevelSequenceEditor.dll (API version 3944462).
LogModuleManager: Display: Found up-to-date module file ../../../Engine/Plugins/MovieScene/MatineeToLevelSequence/Binaries/Win64/UE4Editor-MatineeToLevelSequence.dll (API version 3944462).
LogModuleManager: Display: Found up-to-date module file ../../../Engine/Plugins/NetcodeUnitTest/NetcodeUnitTest/Binaries/Win64/UE4Editor-NetcodeUnitTest.dll (API version 3944462).
LogModuleManager: Display: Found up-to-date module file ../../../Engine/Plugins/NetcodeUnitTest/NUTUnrealEngine4/Binaries/Win64/UE4Editor-NUTUnrealEngine4.dll (API version 3944462).
LogModuleManager: Display: Found up-to-date module file ../../../Engine/Plugins/Online/OnlineSubsystem/Binaries/Win64/UE4Editor-OnlineSubsystem.dll (API version 3944462).
LogModuleManager: Display: Found up-to-date module file ../../../Engine/Plugins/Runtime/AndroidPermission/Binaries/Win64/UE4Editor-AndroidPermission.dll (API version 3944462).
LogModuleManager: Display: Found up-to-date module file ../../../Engine/Plugins/Online/OnlineSubsystemNull/Binaries/Win64/UE4Editor-OnlineSubsystemNull.dll (API version 3944462).
LogModuleManager: Display: Found up-to-date module file ../../../Engine/Plugins/Online/OnlineSubsystemUtils/Binaries/Win64/UE4Editor-OnlineSubsystemUtils.dll (API version 3944462).
LogModuleManager: Display: Found up-to-date module file ../../../Engine/Plugins/Online/OnlineSubsystemUtils/Binaries/Win64/UE4Editor-OnlineBlueprintSupport.dll (API version 3944462).
LogModuleManager: Display: Found up-to-date module file ../../../Engine/Plugins/Runtime/AndroidDeviceProfileSelector/Binaries/Win64/UE4Editor-AndroidDeviceProfileSelector.dll (API version 3944462).
LogModuleManager: Display: Found up-to-date module file ../../../Engine/Plugins/Runtime/AppleARKit/Binaries/Win64/UE4Editor-AppleARKit.dll (API version 3944462).
LogModuleManager: Display: Found up-to-date module file ../../../Engine/Plugins/Runtime/ProceduralMeshComponent/Binaries/Win64/UE4Editor-ProceduralMeshComponent.dll (API version 3944462).
LogModuleManager: Display: Found up-to-date module file ../../../Engine/Plugins/Runtime/ProceduralMeshComponent/Binaries/Win64/UE4Editor-ProceduralMeshComponentEditor.dll (API version 3944462).
LogModuleManager: Display: Found up-to-date module file ../../../Engine/Plugins/Animation/LiveLink/Binaries/Win64/UE4Editor-LiveLink.dll (API version 3944462).
LogModuleManager: Display: Found up-to-date module file ../../../Engine/Plugins/Animation/LiveLink/Binaries/Win64/UE4Editor-LiveLinkEditor.dll (API version 3944462).
LogModuleManager: Display: Found up-to-date module file ../../../Engine/Plugins/Runtime/ArchVisCharacter/Binaries/Win64/UE4Editor-ArchVisCharacter.dll (API version 3944462).
LogModuleManager: Display: Found up-to-date module file ../../../Engine/Plugins/Runtime/AudioCapture/Binaries/Win64/UE4Editor-AudioCapture.dll (API version 3944462).
LogModuleManager: Display: Found up-to-date module file ../../../Engine/Plugins/Runtime/AudioCapture/Binaries/Win64/UE4Editor-AudioCaptureEditor.dll (API version 3944462).
LogModuleManager: Display: Found up-to-date module file ../../../Engine/Plugins/Runtime/CableComponent/Binaries/Win64/UE4Editor-CableComponent.dll (API version 3944462).
LogModuleManager: Display: Found up-to-date module file ../../../Engine/Plugins/Runtime/CustomMeshComponent/Binaries/Win64/UE4Editor-CustomMeshComponent.dll (API version 3944462).
LogModuleManager: Display: Found up-to-date module file ../../../Engine/Plugins/Runtime/ExampleDeviceProfileSelector/Binaries/Win64/UE4Editor-ExampleDeviceProfileSelector.dll (API version 3944462).
LogModuleManager: Display: Found up-to-date module file ../../../Engine/Plugins/Runtime/ImmediatePhysics/Binaries/Win64/UE4Editor-ImmediatePhysics.dll (API version 3944462).
LogModuleManager: Display: Found up-to-date module file ../../../Engine/Plugins/Runtime/ImmediatePhysics/Binaries/Win64/UE4Editor-ImmediatePhysicsEditor.dll (API version 3944462).
LogModuleManager: Display: Found up-to-date module file ../../../Engine/Plugins/Runtime/LocationServicesBPLibrary/Binaries/Win64/UE4Editor-LocationServicesBPLibrary.dll (API version 3944462).
LogModuleManager: Display: Found up-to-date module file ../../../Engine/Plugins/Runtime/MobilePatchingUtils/Binaries/Win64/UE4Editor-MobilePatchingUtils.dll (API version 3944462).
LogModuleManager: Display: Found up-to-date module file ../../../Engine/Plugins/Runtime/Oculus/OculusVR/Binaries/Win64/UE4Editor-OculusHMD.dll (API version 3944462).
LogModuleManager: Display: Found up-to-date module file ../../../Engine/Plugins/Runtime/Oculus/OculusVR/Binaries/Win64/UE4Editor-OculusInput.dll (API version 3944462).
LogModuleManager: Display: Found up-to-date module file ../../../Engine/Plugins/Runtime/Oculus/OculusVR/Binaries/Win64/UE4Editor-OculusEditor.dll (API version 3944462).
LogModuleManager: Display: Found up-to-date module file ../../../Engine/Plugins/Runtime/PhysXVehicles/Binaries/Win64/UE4Editor-PhysXVehicles.dll (API version 3944462).
LogModuleManager: Display: Found up-to-date module file ../../../Engine/Plugins/Runtime/PhysXVehicles/Binaries/Win64/UE4Editor-PhysXVehiclesEditor.dll (API version 3944462).
LogModuleManager: Display: Found up-to-date module file ../../../Engine/Plugins/Runtime/RuntimePhysXCooking/Binaries/Win64/UE4Editor-RuntimePhysXCooking.dll (API version 3944462).
LogModuleManager: Display: Found up-to-date module file ../../../Engine/Plugins/Runtime/Steam/SteamVR/Binaries/Win64/UE4Editor-SteamVR.dll (API version 3944462).
LogModuleManager: Display: Found up-to-date module file ../../../Engine/Plugins/Runtime/Steam/SteamVR/Binaries/Win64/UE4Editor-SteamVRController.dll (API version 3944462).
LogModuleManager: Display: Found up-to-date module file ../../../Engine/Plugins/Runtime/WindowsMoviePlayer/Binaries/Win64/UE4Editor-WindowsMoviePlayer.dll (API version 3944462).
LogPluginManager: Mounting plugin Paper2D
LogPluginManager: Mounting plugin LiveLink
LogPluginManager: Mounting plugin LightPropagationVolume
LogPluginManager: Mounting plugin CLionSourceCodeAccess
LogPluginManager: Mounting plugin CodeLiteSourceCodeAccess
LogPluginManager: Mounting plugin GitSourceControl
LogPluginManager: Mounting plugin KDevelopSourceCodeAccess
LogPluginManager: Mounting plugin NullSourceCodeAccess
LogPluginManager: Mounting plugin PerforceSourceControl
LogPluginManager: Mounting plugin SubversionSourceControl
LogPluginManager: Mounting plugin UObjectPlugin
LogPluginManager: Mounting plugin VisualStudioCodeSourceCodeAccess
LogPluginManager: Mounting plugin VisualStudioSourceCodeAccess
LogPluginManager: Mounting plugin XCodeSourceCodeAccess
LogPluginManager: Mounting plugin AssetManagerEditor
LogPluginManager: Mounting plugin CryptoKeys
LogPluginManager: Mounting plugin DataValidation
LogPluginManager: Mounting plugin FacialAnimation
LogPluginManager: Mounting plugin GameplayTagsEditor
LogPluginManager: Mounting plugin MobileLauncherProfileWizard
LogPluginManager: Mounting plugin PluginBrowser
LogPluginManager: Mounting plugin SpeedTreeImporter
LogPluginManager: Mounting plugin DatasmithContent
LogPluginManager: Mounting plugin AlembicImporter
LogPluginManager: Mounting plugin CharacterAI
LogPluginManager: Mounting plugin HTML5Networking
LogPluginManager: Mounting plugin AndroidMedia
LogPluginManager: Mounting plugin AvfMedia
LogPluginManager: Mounting plugin ImgMedia
LogPluginManager: Mounting plugin LinearTimecode
LogPluginManager: Mounting plugin MediaCompositing
LogPluginManager: Mounting plugin MediaPlayerEditor
LogPluginManager: Mounting plugin WmfMedia
LogPluginManager: Mounting plugin TcpMessaging
LogPluginManager: Mounting plugin UdpMessaging
LogPluginManager: Mounting plugin ActorSequence
LogPluginManager: Mounting plugin LevelSequenceEditor
LogPluginManager: Mounting plugin MatineeToLevelSequence
LogPluginManager: Mounting plugin NetcodeUnitTest
LogPluginManager: Mounting plugin NUTUnrealEngine4
LogPluginManager: Mounting plugin OnlineSubsystemGooglePlay
LogPluginManager: Mounting plugin OnlineSubsystemIOS
LogPluginManager: Mounting plugin OnlineSubsystem
LogPluginManager: Mounting plugin OnlineSubsystemNull
LogPluginManager: Mounting plugin OnlineSubsystemUtils
LogPluginManager: Mounting plugin AndroidDeviceProfileSelector
LogPluginManager: Mounting plugin AndroidMoviePlayer
LogPluginManager: Mounting plugin AndroidPermission
LogPluginManager: Mounting plugin AppleARKit
LogPluginManager: Mounting plugin AppleMoviePlayer
LogPluginManager: Mounting plugin ArchVisCharacter
LogPluginManager: Mounting plugin AudioCapture
LogPluginManager: Mounting plugin CableComponent
LogPluginManager: Mounting plugin CustomMeshComponent
LogPluginManager: Mounting plugin ExampleDeviceProfileSelector
LogPluginManager: Mounting plugin GoogleCloudMessaging
LogPluginManager: Mounting plugin ImmediatePhysics
LogPluginManager: Mounting plugin IOSDeviceProfileSelector
LogPluginManager: Mounting plugin LinuxDeviceProfileSelector
LogPluginManager: Mounting plugin LocationServicesBPLibrary
LogPluginManager: Mounting plugin MobilePatchingUtils
LogPluginManager: Mounting plugin OculusVR
LogPluginManager: Plugin shader directory ../../../Engine/Plugins/Runtime/Oculus/OculusVR/Shaders found
LogPluginManager: Mapping shader source directory ../../../Engine/Plugins/Runtime/Oculus/OculusVR/Shaders to virtual directory /Plugin/OculusVR
LogPluginManager: Mounting plugin PhysXVehicles
LogPluginManager: Mounting plugin ProceduralMeshComponent
LogPluginManager: Mounting plugin RuntimePhysXCooking
LogPluginManager: Mounting plugin SteamVR
LogPluginManager: Mounting plugin WindowsMoviePlayer
LogStreaming: Display: Took  0.850s to configure plugins.
LogInit: Using libcurl 7.47.1
LogInit:  - built for x86_64-pc-win32
LogInit:  - supports SSL with OpenSSL/1.0.2g
LogInit:  - supports HTTP deflate (compression) using libz 1.2.8
LogInit:  - other features:
LogInit:      CURL_VERSION_SSL
LogInit:      CURL_VERSION_LIBZ
LogInit:      CURL_VERSION_IPV6
LogInit:      CURL_VERSION_ASYNCHDNS
LogInit:      CURL_VERSION_LARGEFILE
LogInit:      CURL_VERSION_IDN
LogInit:  CurlRequestOptions (configurable via config and command line):
LogInit:  - bVerifyPeer = false  - Libcurl will NOT verify peer certificate
LogInit:  - bUseHttpProxy = false  - Libcurl will NOT use HTTP proxy
LogInit:  - bDontReuseConnections = false  - Libcurl will reuse connections
LogInit:  - CertBundlePath = nullptr  - Libcurl will use whatever was configured at build time.
LogInit:  - MaxHostConnections = 16  - Libcurl will limit the number of connections to a host
LogInit:  - LocalHostAddr = Default
LogInit: WinSock: version 1.1 (2.2), MaxSocks=32767, MaxUdp=65467
LogInit: WinSock: I am monster (10.0.1.31:0)
LogInit: Build: ++UE4+Release-4.19-CL-4033788
LogInit: Engine Version: 4.19.2-4033788+++UE4+Release-4.19
LogInit: Compatible Engine Version: 4.19.0-3944462+++UE4+Release-4.19
LogInit: Net CL: 3944462
LogDevObjectVersion: Number of dev versions registered: 18
LogDevObjectVersion:   Dev-Blueprints (B0D832E4-1F89-4F0D-ACCF-7EB736FD4AA2): 10
LogDevObjectVersion:   Dev-Build (E1C64328-A22C-4D53-A36C-8E866417BD8C): 0
LogDevObjectVersion:   Dev-Core (375EC13C-06E4-48FB-B500-84F0262A717E): 2
LogDevObjectVersion:   Dev-Editor (E4B068ED-F494-42E9-A231-DA0B2E46BB41): 23
LogDevObjectVersion:   Dev-Framework (CFFC743F-43B0-4480-9391-14DF171D2073): 33
LogDevObjectVersion:   Dev-Mobile (B02B49B5-BB20-44E9-A304-32B752E40360): 2
LogDevObjectVersion:   Dev-Networking (A4E4105C-59A1-49B5-A7C5-40C4547EDFEE): 0
LogDevObjectVersion:   Dev-Online (39C831C9-5AE6-47DC-9A44-9C173E1C8E7C): 0
LogDevObjectVersion:   Dev-Physics (78F01B33-EBEA-4F98-B9B4-84EACCB95AA2): 0
LogDevObjectVersion:   Dev-Platform (6631380F-2D4D-43E0-8009-CF276956A95A): 0
LogDevObjectVersion:   Dev-Rendering (12F88B9F-8875-4AFC-A67C-D90C383ABD29): 25
LogDevObjectVersion:   Dev-Sequencer (7B5AE74C-D270-4C10-A958-57980B212A5A): 6
LogDevObjectVersion:   Dev-VR (D7296918-1DD6-4BDD-9DE2-64A83CC13884): 1
LogDevObjectVersion:   Dev-LoadTimes (C2A15278-BFE7-4AFE-6C17-90FF531DF755): 1
LogDevObjectVersion:   Private-Geometry (6EACA3D4-40EC-4CC1-B786-8BED09428FC5): 2
LogDevObjectVersion:   Dev-AnimPhys (29E575DD-E0A3-4627-9D10-D276232CDCEA): 16
LogDevObjectVersion:   Dev-ReflectionCapture (6B266CEC-1EC7-4B8F-A30B-E4D90942FC07): 1
LogDevObjectVersion:   Dev-Automation (0DF73D61-A23F-47EA-B727-89E90C41499A): 1
LogInit: Compiled (64-bit): Apr 27 2018 02:06:57
LogInit: Compiled with Visual C++: 19.00.24215.01
LogInit: Build Configuration: Development
LogInit: Branch Name: ++UE4+Release-4.19
LogInit: Command Line: -EpicPortal 
LogInit: Base Directory: D:/UE_4.19/Engine/Binaries/Win64/
LogInit: Installed Engine Build: 1
LogStreaming: Display: Took  0.000s to delete old logs.
LogInit: Presizing for max 8388607 objects, including 0 objects not considered by GC, pre-allocating 0 bytes for permanent pool.
LogInit: Object subsystem initialized
[2018.05.09-21.49.53:871][  0]LogInit: Selected Device Profile: [Windows]
[2018.05.09-21.49.53:871][  0]LogInit: Applying CVar settings loaded from the selected device profile: [Windows]
[2018.05.09-21.49.53:888][  0]LogInit: Computer: MONSTER
[2018.05.09-21.49.53:888][  0]LogInit: User: acookson
[2018.05.09-21.49.53:888][  0]LogInit: CPU Page size=4096, Cores=4
[2018.05.09-21.49.53:888][  0]LogInit: High frequency timer resolution =3.517828 MHz
[2018.05.09-21.49.53:889][  0]LogMemory: Memory total: Physical=15.9GB (16GB approx)
[2018.05.09-21.49.53:889][  0]LogMemory: Platform Memory Stats for Windows
[2018.05.09-21.49.53:889][  0]LogMemory: Process Physical Memory: 276.55 MB used, 276.55 MB peak
[2018.05.09-21.49.53:889][  0]LogMemory: Process Virtual Memory: 265.01 MB used, 265.01 MB peak
[2018.05.09-21.49.53:889][  0]LogMemory: Physical Memory: 6375.33 MB used,  9950.42 MB free, 16325.75 MB total
[2018.05.09-21.49.53:889][  0]LogMemory: Virtual Memory: 698.35 MB used,  9950.42 MB free, 134217728.00 MB total
[2018.05.09-21.49.53:908][  0]LogInit: Using OS detected language (en-US).
[2018.05.09-21.49.53:908][  0]LogInit: Using OS detected locale (en-US).
[2018.05.09-21.49.53:911][  0]LogTextLocalizationManager: No specific localization for 'en-US' exists, so the 'en' localization will be used.
[2018.05.09-21.49.54:412][  0]LogStreaming: Display: Took  0.504s to EndInitTextLocalization.
[2018.05.09-21.49.54:412][  0]LogInit: Setting process to per monitor DPI aware
[2018.05.09-21.49.54:478][  0]LogSlate: New Slate User Created.  User Index 0, Is Virtual User: 0
[2018.05.09-21.49.54:478][  0]LogSlate: Slate User Registered.  User Index 0, Is Virtual User: 0
[2018.05.09-21.49.54:706][  0]LogD3D11RHI: D3D11 adapters:
[2018.05.09-21.49.54:769][  0]LogD3D11RHI:    0. 'NVIDIA GeForce GTX 1070' (Feature Level 11_0)
[2018.05.09-21.49.54:769][  0]LogD3D11RHI:       8088/0/8162 MB DedicatedVideo/DedicatedSystem/SharedSystem, Outputs:2, VendorId:0x10de
[2018.05.09-21.49.54:771][  0]LogD3D11RHI:    1. 'Microsoft Basic Render Driver' (Feature Level 11_0)
[2018.05.09-21.49.54:771][  0]LogD3D11RHI:       0/0/8162 MB DedicatedVideo/DedicatedSystem/SharedSystem, Outputs:0, VendorId:0x1414
[2018.05.09-21.49.54:771][  0]LogD3D11RHI: Chosen D3D11 Adapter: 0
[2018.05.09-21.49.54:786][  0]LogD3D11RHI: Creating new Direct3DDevice
[2018.05.09-21.49.54:786][  0]LogD3D11RHI:     GPU DeviceId: 0x1b81 (for the marketing name, search the web for "GPU Device Id")
[2018.05.09-21.49.54:786][  0]LogWindows: EnumDisplayDevices:
[2018.05.09-21.49.54:786][  0]LogWindows:    0. 'NVIDIA GeForce GTX 1070' (P:1 D:1)
[2018.05.09-21.49.54:787][  0]LogWindows:    1. 'NVIDIA GeForce GTX 1070' (P:0 D:1)
[2018.05.09-21.49.54:787][  0]LogWindows:    2. 'NVIDIA GeForce GTX 1070' (P:0 D:0)
[2018.05.09-21.49.54:787][  0]LogWindows:    3. 'NVIDIA GeForce GTX 1070' (P:0 D:0)
[2018.05.09-21.49.54:787][  0]LogWindows: DebugString: GetVideoDriverDetailsInvalid PrimaryIsNotTheChoosenAdapter GetVideoDriverDetailsInvalid PrimaryIsNotTheChoosenAdapter GetVideoDriverDetailsInvalid PrimaryIsNotTheChoosenAdapter GetVideoDriverDetailsInvalid PrimaryIsNotTheChoosenAdapter FoundDriverCount:0 
[2018.05.09-21.49.54:788][  0]LogD3D11RHI:     Adapter Name: NVIDIA GeForce GTX 1070
[2018.05.09-21.49.54:788][  0]LogD3D11RHI:   Driver Version: Unknown (internal:Unknown, unified:Unknown)
[2018.05.09-21.49.54:788][  0]LogD3D11RHI:      Driver Date: Unknown
[2018.05.09-21.49.54:788][  0]LogRHI: Texture pool is 5661 MB (70% of 8088 MB)
[2018.05.09-21.49.54:843][  0]LogD3D11RHI: [Aftermath] Aftermath enabled and primed
[2018.05.09-21.49.54:843][  0]LogD3D11RHI: [Aftermath] Aftermath enabled and primed
[2018.05.09-21.49.54:843][  0]LogD3D11RHI: Async texture creation enabled
[2018.05.09-21.49.54:954][  0]LogD3D11RHI: GPU Timing Frequency: 1000.000000 (Debug: 2 2)
[2018.05.09-21.49.55:042][  0]LogShaderCompilers: Guid format shader working directory is 8 characters bigger than the processId version (../../../../bookProjects/Hour_16/Hour_16/Intermediate/Shaders/WorkingDirectory/24032/).
[2018.05.09-21.49.55:042][  0]LogShaderCompilers: Cleaned the shader compiler working directory 'C:/Users/acookson/AppData/Local/Temp/UnrealShaderWorkingDir/B0FD7E424DF6D923788DA59E29AACDAD/'.
[2018.05.09-21.49.55:391][  0]LogTemp: Display: Loaded TP AllDesktopTargetPlatform
[2018.05.09-21.49.55:409][  0]LogTemp: Display: Loaded TP MacClientTargetPlatform
[2018.05.09-21.49.55:423][  0]LogTemp: Display: Loaded TP MacNoEditorTargetPlatform
[2018.05.09-21.49.55:437][  0]LogTemp: Display: Loaded TP MacServerTargetPlatform
[2018.05.09-21.49.55:466][  0]LogTemp: Display: Loaded TP MacTargetPlatform
[2018.05.09-21.49.55:500][  0]LogTemp: Display: Loaded TP WindowsClientTargetPlatform
[2018.05.09-21.49.55:540][  0]LogTemp: Display: Loaded TP WindowsNoEditorTargetPlatform
[2018.05.09-21.49.55:570][  0]LogTemp: Display: Loaded TP WindowsServerTargetPlatform
[2018.05.09-21.49.55:581][  0]LogTemp: Display: Loaded TP WindowsTargetPlatform
[2018.05.09-21.49.55:597][  0]LogTemp: Display: Loaded TP Android_ASTCTargetPlatform
[2018.05.09-21.49.55:613][  0]LogTemp: Display: Loaded TP Android_ATCTargetPlatform
[2018.05.09-21.49.55:627][  0]LogTemp: Display: Loaded TP Android_DXTTargetPlatform
[2018.05.09-21.49.55:640][  0]LogTemp: Display: Loaded TP Android_ETC1aTargetPlatform
[2018.05.09-21.49.55:664][  0]LogTemp: Display: Loaded TP Android_ETC1TargetPlatform
[2018.05.09-21.49.55:679][  0]LogTemp: Display: Loaded TP Android_ETC2TargetPlatform
[2018.05.09-21.49.55:732][  0]LogTemp: Display: Loaded TP Android_MultiTargetPlatform
[2018.05.09-21.49.55:732][  0]LogTemp: Display: Loaded TP Android_PVRTCTargetPlatform
[2018.05.09-21.49.55:749][  0]LogTemp: Display: Loaded TP AndroidTargetPlatform
[2018.05.09-21.49.55:752][  0]LogTemp: Display: Loaded TP HTML5TargetPlatform
[2018.05.09-21.49.55:806][  0]LogTemp: Display: Loaded TP IOSTargetPlatform
[2018.05.09-21.49.55:849][  0]LogTemp: Display: Loaded TP TVOSTargetPlatform
[2018.05.09-21.49.55:866][  0]LogTemp: Display: Loaded TP LinuxClientTargetPlatform
[2018.05.09-21.49.55:883][  0]LogTemp: Display: Loaded TP LinuxNoEditorTargetPlatform
[2018.05.09-21.49.55:913][  0]LogTemp: Display: Loaded TP LinuxServerTargetPlatform
[2018.05.09-21.49.55:932][  0]LogTemp: Display: Loaded TP LinuxTargetPlatform
[2018.05.09-21.49.55:932][  0]LogTargetPlatformManager: Display: Building Assets For Windows
[2018.05.09-21.49.56:091][  0]LogXGEController: Cannot use XGE Controller as Incredibuild is not installed on this machine.
[2018.05.09-21.49.56:092][  0]LogShaderCompilers: Cannot use XGE Shader Compiler as Incredibuild is not installed on this machine.
[2018.05.09-21.49.56:092][  0]LogShaderCompilers: Display: Using Local Shader Compiler.
[2018.05.09-21.49.57:261][  0]LogDerivedDataCache: Display: Max Cache Size: 512 MB
[2018.05.09-21.49.57:359][  0]LogDerivedDataCache: Loaded boot cache 0.10s 74MB C:/Users/acookson/AppData/Local/UnrealEngine/4.19/DerivedDataCache/Boot.ddc.
[2018.05.09-21.49.57:359][  0]LogDerivedDataCache: Display: Loaded Boot cache: C:/Users/acookson/AppData/Local/UnrealEngine/4.19/DerivedDataCache/Boot.ddc
[2018.05.09-21.49.57:359][  0]LogDerivedDataCache: FDerivedDataBackendGraph:  Pak pak cache file ../../../../bookProjects/Hour_16/Hour_16/DerivedDataCache/DDC.ddp not found, will not use a pak cache.
[2018.05.09-21.49.57:359][  0]LogDerivedDataCache: Unable to find inner node Pak for hierarchical cache Hierarchy.
[2018.05.09-21.49.57:359][  0]LogDerivedDataCache: FDerivedDataBackendGraph:  CompressedPak pak cache file ../../../../bookProjects/Hour_16/Hour_16/DerivedDataCache/Compressed.ddp not found, will not use a pak cache.
[2018.05.09-21.49.57:359][  0]LogDerivedDataCache: Unable to find inner node CompressedPak for hierarchical cache Hierarchy.
[2018.05.09-21.49.57:387][  0]LogDerivedDataCache: Display: Pak cache opened for reading ../../../Engine/DerivedDataCache/Compressed.ddp.
[2018.05.09-21.49.57:400][  0]LogDerivedDataCache: Using Local data cache path C:/Users/acookson/AppData/Local/UnrealEngine/Common/DerivedDataCache: Writable
[2018.05.09-21.49.57:400][  0]LogDerivedDataCache: Shared data cache path not found in *engine.ini, will not use an Shared cache.
[2018.05.09-21.49.57:400][  0]LogDerivedDataCache: Unable to find inner node Shared for hierarchical cache Hierarchy.
[2018.05.09-21.49.57:441][  0]LogMaterial: Verifying Global Shaders for PCD3D_SM5
[2018.05.09-21.49.57:442][  0]LogSlate: Using Freetype 2.6.0
[2018.05.09-21.49.57:442][  0]LogSlate: SlateFontCache - WITH_FREETYPE: 1, WITH_HARFBUZZ: 1
[2018.05.09-21.49.57:442][  0]LogSlate: SlateFontCache - WITH_FREETYPE: 1, WITH_HARFBUZZ: 1
[2018.05.09-21.49.57:634][  0]LogAssetRegistry: FAssetRegistry took 0.0364 seconds to start up
[2018.05.09-21.49.58:083][  0]LogInit: Selected Device Profile: [Windows]
[2018.05.09-21.49.58:264][  0]LogSimplygon: Simplygon DLL not present - disabling.
[2018.05.09-21.49.58:266][  0]LogMeshReduction: Using SimplygonSwarm for distributed automatic mesh merging
[2018.05.09-21.49.58:267][  0]LogMeshReduction: Using QuadricMeshReduction for automatic static mesh reduction
[2018.05.09-21.49.58:267][  0]LogMeshReduction: No automatic skeletal mesh reduction module available
[2018.05.09-21.49.58:267][  0]LogMeshReduction: No automatic mesh merging module available
[2018.05.09-21.49.58:267][  0]LogMeshMerging: No automatic mesh merging module available
[2018.05.09-21.49.58:306][  0]LogNetVersion: Hour_16 , NetCL: 3944462, EngineNetVer: 2, GameNetVer: 0 (Checksum: 1566174259)
[2018.05.09-21.49.58:805][  0]LogPackageLocalizationCache: Processed 9 localized package path(s) for 2 prioritized culture(s) in 0.082503 seconds
[2018.05.09-21.49.58:811][  0]LogUObjectArray: 36728 objects as part of root set at end of initial load.
[2018.05.09-21.49.58:811][  0]LogUObjectAllocator: 7314304 out of 0 bytes used by permanent object pool.
[2018.05.09-21.49.58:811][  0]LogUObjectArray: CloseDisregardForGC: 0/0 objects in disregard for GC pool
[2018.05.09-21.50.00:596][  0]LogTcpMessaging: Initializing TcpMessaging bridge
[2018.05.09-21.50.00:623][  0]LogUdpMessaging: Initializing bridge on interface 0.0.0.0:0 to multicast group 230.0.0.1:6666.
[2018.05.09-21.50.01:026][  0]SourceControl: Source control is disabled
[2018.05.09-21.50.01:026][  0]SourceControl: Source control is disabled
[2018.05.09-21.50.01:060][  0]SourceControl: Source control is disabled
[2018.05.09-21.50.01:081][  0]SourceControl: Source control is disabled
[2018.05.09-21.50.01:688][  0]LogAndroidPermission: UAndroidPermissionCallbackProxy::GetInstance
[2018.05.09-21.50.02:045][  0]LogOcInput: OculusInput pre-init called
[2018.05.09-21.50.02:192][  0]LogEngine: Initializing Engine...
[2018.05.09-21.50.02:194][  0]LogHMD: Failed to initialize OpenVR with code 110
[2018.05.09-21.50.02:195][  0]LogStats: UGameplayTagsManager::ConstructGameplayTagTree: Construct from data asset -  0.000 s
[2018.05.09-21.50.02:195][  0]LogStats: UGameplayTagsManager::ConstructGameplayTagTree: GameplayTagTreeChangedEvent.Broadcast -  0.000 s
[2018.05.09-21.50.02:481][  0]LogAIModule: Creating AISystem for world Untitled
[2018.05.09-21.50.02:523][  0]LogInit: XAudio2 using 'Speakers (4- Dell AC511 USB SoundBar)' : 2 channels at 48 kHz using 16 bits per sample (channel mask 0x3)
[2018.05.09-21.50.02:566][  0]LogInit: FAudioDevice initialized.
[2018.05.09-21.50.02:667][  0]LogDerivedDataCache: Saved boot cache 0.10s 74MB C:/Users/acookson/AppData/Local/UnrealEngine/4.19/DerivedDataCache/Boot.ddc.
[2018.05.09-21.50.02:695][  0]LogInit: Texture streaming: Enabled
[2018.05.09-21.50.02:712][  0]LogEngineSessionManager: EngineSessionManager initialized
[2018.05.09-21.50.02:749][  0]LogInit: Transaction tracking system initialized
[2018.05.09-21.50.02:781][  0]BlueprintLog: New page: Editor Load
[2018.05.09-21.50.02:891][  0]LocalizationService: Localization service is disabled
[2018.05.09-21.50.03:025][  0]LogConsoleResponse: Display: 
[2018.05.09-21.50.03:205][  0]LogCook: Display: Max memory allowance for cook 16384mb min free memory 0mb
[2018.05.09-21.50.03:205][  0]LogCook: Display: Mobile HDR setting 1
[2018.05.09-21.50.03:205][  0]LogGameplayTags: Display: UGameplayTagsManager::DoneAddingNativeTags. DelegateIsBound: 0
[2018.05.09-21.50.03:205][  0]LogStats: UGameplayTagsManager::ConstructGameplayTagTree: Construct from data asset -  0.000 s
[2018.05.09-21.50.03:205][  0]LogStats: UGameplayTagsManager::ConstructGameplayTagTree: GameplayTagTreeChangedEvent.Broadcast -  0.000 s
[2018.05.09-21.50.03:679][  0]LogFileCache: Scanning file cache for directory 'D:/bookProjects/Hour_16/Hour_16/Content/' took 0.01s
[2018.05.09-21.50.03:679][  0]SourceControl: Source control is disabled
[2018.05.09-21.50.03:680][  0]Cmd: MAP LOAD FILE="../../../../bookProjects/Hour_16/Hour_16/Content/Hour_16/Maps/PickupExample.umap" TEMPLATE=0 SHOWPROGRESS=1 FEATURELEVEL=3
[2018.05.09-21.50.03:681][  0]LightingResults: New page: Lighting Build
[2018.05.09-21.50.03:686][  0]MapCheck: New page: Map Check
[2018.05.09-21.50.03:686][  0]LightingResults: New page: Lighting Build
[2018.05.09-21.50.04:060][  0]LogUObjectGlobals: Created PersistentFrame Addr=0x000001a33e886680, Size=384, Default__MyFirstPickup_C Function /Game/Hour_16/MyBlueprints/MyFirstPickup.MyFirstPickup_C:ExecuteUbergraph_MyFirstPickup
[2018.05.09-21.50.04:109][  0]LogUObjectGlobals: Destroyed PersistentFrame Addr=0x000001a33e886680, Size=384
[2018.05.09-21.50.04:110][  0]LogUObjectGlobals: Created PersistentFrame Addr=0x000001a35ecefa00, Size=384, Default__MyFirstPickup_C Function /Engine/Transient.REINST_MyFirstPickup_C_5:ExecuteUbergraph_MyFirstPickup
[2018.05.09-21.50.04:131][  0]LogUObjectGlobals: Created PersistentFrame Addr=0x000001a35ecc3ac0, Size=400, Default__MyFirstPickup_C Function /Game/Hour_16/MyBlueprints/MyFirstPickup.MyFirstPickup_C:ExecuteUbergraph_MyFirstPickup
[2018.05.09-21.50.04:154][  0]LogUObjectGlobals: Created PersistentFrame Addr=0x000001a35ed11d00, Size=560, Default__MyPickupExercise_C Function /Game/Hour_16/MyBlueprints/MyPickupExercise.MyPickupExercise_C:ExecuteUbergraph_MyPickupExercise
[2018.05.09-21.50.04:192][  0]LogUObjectGlobals: Destroyed PersistentFrame Addr=0x000001a35ed11d00, Size=560
[2018.05.09-21.50.04:192][  0]LogUObjectGlobals: Created PersistentFrame Addr=0x000001a35ed11d00, Size=560, Default__MyPickupExercise_C Function /Engine/Transient.REINST_MyPickupExercise_C_7:ExecuteUbergraph_MyPickupExercise
[2018.05.09-21.50.04:219][  0]LogUObjectGlobals: Created PersistentFrame Addr=0x000001a33f08f600, Size=560, Default__MyPickupExercise_C Function /Game/Hour_16/MyBlueprints/MyPickupExercise.MyPickupExercise_C:ExecuteUbergraph_MyPickupExercise
[2018.05.09-21.50.04:382][  0]LogMaterial: Missing cached shader map for material M_Basic_Wall, compiling. 
[2018.05.09-21.50.04:518][  0]LogShaderCompilers: Display: Shaders left to compile 69
[2018.05.09-21.50.04:518][  0]LogShaderCompilers: Display: Shaders left to compile 59
[2018.05.09-21.50.04:518][  0]LogShaderCompilers: Display: Shaders left to compile 49
[2018.05.09-21.50.04:518][  0]LogShaderCompilers: Display: Shaders left to compile 39
[2018.05.09-21.50.04:518][  0]LogShaderCompilers: Display: Shaders left to compile 29
[2018.05.09-21.50.04:518][  0]LogAudioDerivedData: Display: Building compressed audio format OGG wave bong...
[2018.05.09-21.50.04:587][  0]LogAudioDerivedData: Display: Building compressed audio format OGG wave b3...
[2018.05.09-21.50.04:641][  0]LogAudioDerivedData: Display: Building compressed audio format OGG wave a3...
[2018.05.09-21.50.04:696][  0]LogAudioDerivedData: Display: Building compressed audio format OGG wave c3...
[2018.05.09-21.50.04:751][  0]LogAIModule: Creating AISystem for world PickupExample
[2018.05.09-21.50.04:752][  0]LogActorComponent: RegisterComponentWithWorld: (/Game/Hour_16/Maps/PickupExample.PickupExample:PersistentLevel.WorldSettings_1.StaticMeshComponent0) Trying to register component with IsPendingKill() == true. Aborting.
[2018.05.09-21.50.04:779][  0]LogEditorServer: Finished looking for orphan Actors (0.000 secs)
[2018.05.09-21.50.04:791][  0]LogUObjectGlobals: Destroyed PersistentFrame Addr=0x000001a35ecefa00, Size=384
[2018.05.09-21.50.04:791][  0]LogUObjectGlobals: Destroyed PersistentFrame Addr=0x000001a35ed11d00, Size=560
[2018.05.09-21.50.04:793][  0]Cmd: MAP CHECKDEP NOCLEARLOG
[2018.05.09-21.50.04:850][  0]MapCheck: Map check complete: 0 Error(s), 0 Warning(s), took 56.516ms to complete.
[2018.05.09-21.50.04:850][  0]LogFileHelpers: Loading map 'PickupExample' took 1.170
[2018.05.09-21.50.05:061][  0]LogCollectionManager: Loaded 0 collections in 0.001907 seconds
[2018.05.09-21.50.05:113][  0]LogFileCache: Scanning file cache for directory 'D:/bookProjects/Hour_16/Hour_16/Saved/Collections/' took 0.01s
[2018.05.09-21.50.05:113][  0]LogFileCache: Scanning file cache for directory 'D:/bookProjects/Hour_16/Hour_16/Content/Developers/acookson/Collections/' took 0.01s
[2018.05.09-21.50.05:113][  0]LogFileCache: Scanning file cache for directory 'D:/bookProjects/Hour_16/Hour_16/Content/Collections/' took 0.01s
[2018.05.09-21.50.05:113][  0]LogCollectionManager: Rebuilt the GUID cache for 0 collections in 0.000001 seconds
[2018.05.09-21.50.05:133][  0]LogContentBrowser: Native class hierarchy populated in 0.0194 seconds. Added 2452 classes and 558 folders.
[2018.05.09-21.50.05:142][  0]LogContentBrowser: Native class hierarchy updated for 'WidgetCarousel' in 0.0003 seconds. Added 0 classes and 0 folders.
[2018.05.09-21.50.05:197][  0]LogContentBrowser: Native class hierarchy updated for 'AddContentDialog' in 0.0003 seconds. Added 0 classes and 0 folders.
[2018.05.09-21.50.05:206][  0]LogContentBrowser: Native class hierarchy updated for 'SceneOutliner' in 0.0004 seconds. Added 1 classes and 2 folders.
[2018.05.09-21.50.05:220][  0]LogContentBrowser: Native class hierarchy updated for 'WorldBrowser' in 0.0004 seconds. Added 2 classes and 3 folders.
[2018.05.09-21.50.05:334][  0]LogSlate: Took 0.000276 seconds to synchronously load lazily loaded font '../../../Engine/Content/Slate/Fonts/Roboto-Regular.ttf' (155K)
[2018.05.09-21.50.05:337][  0]LogSlate: Took 0.000257 seconds to synchronously load lazily loaded font '../../../Engine/Content/Slate/Fonts/Roboto-Bold.ttf' (160K)
[2018.05.09-21.50.05:347][  0]LogSlate: Took 0.000298 seconds to synchronously load lazily loaded font '../../../Engine/Content/Editor/Slate/Fonts/FontAwesome.ttf' (139K)
[2018.05.09-21.50.05:513][  0]LogRenderer: Reallocating scene render targets to support 1040x488 Format 10 NumSamples 1 (Frame:1).
[2018.05.09-21.50.05:699][  0]LogContentBrowser: Native class hierarchy updated for 'HierarchicalLODOutliner' in 0.0003 seconds. Added 0 classes and 0 folders.
[2018.05.09-21.50.05:699][  0]LogLoad: (Engine Initialization) Total time: 14.19 seconds
[2018.05.09-21.50.05:699][  0]LogLoad: (Engine Initialization) Total Blueprint compile time: 0.00 seconds
[2018.05.09-21.50.05:710][  0]LogWindowsTextInputMethodSystem: Display: IME system now deactivated.
[2018.05.09-21.50.05:754][  0]LogContentStreaming: Texture pool size now 1000 MB
[2018.05.09-21.50.05:886][  2]LogAssetRegistry: Asset discovery search completed in 8.2752 seconds
[2018.05.09-21.50.05:889][  2]LogCollectionManager: Rebuilt the object cache for 0 collections in 0.000001 seconds (found 0 objects)
[2018.05.09-21.50.05:889][  2]LogCollectionManager: Fixed up redirectors for 0 collections in 0.000139 seconds (updated 0 objects)
[2018.05.09-21.50.06:751][ 75]LogSlate: Took 0.000276 seconds to synchronously load lazily loaded font '../../../Engine/Content/Slate/Fonts/Roboto-Light.ttf' (167K)
[2018.05.09-21.50.06:985][ 91]LogShaderCompilers: Display: Shaders left to compile 19
[2018.05.09-21.50.07:934][172]LogShaderCompilers: Display: Shaders left to compile 9
[2018.05.09-21.50.13:029][751]LogSlate: FSceneViewport::OnFocusLost() reason 0
[2018.05.09-21.50.13:184][768]LogUObjectGlobals: Created PersistentFrame Addr=0x000001a33efb4868, Size=20, Default__MyPulseLight_BP_C Function /Game/Hour_16/MyBlueprints/MyPulseLight_BP.MyPulseLight_BP_C:ExecuteUbergraph_MyPulseLight_BP
[2018.05.09-21.50.13:187][768]LogUObjectGlobals: Destroyed PersistentFrame Addr=0x000001a33efb4868, Size=20
[2018.05.09-21.50.13:187][768]LogUObjectGlobals: Created PersistentFrame Addr=0x000001a33efb7880, Size=20, Default__MyPulseLight_BP_C Function /Engine/Transient.REINST_MyPulseLight_BP_C_9:ExecuteUbergraph_MyPulseLight_BP
[2018.05.09-21.50.13:189][768]LogUObjectGlobals: Created PersistentFrame Addr=0x000001a33efb45c8, Size=20, Default__MyPulseLight_BP_C Function /Game/Hour_16/MyBlueprints/MyPulseLight_BP.MyPulseLight_BP_C:ExecuteUbergraph_MyPulseLight_BP
[2018.05.09-21.50.14:045][768]LogContentBrowser: Native class hierarchy updated for 'BlueprintGraph' in 0.0018 seconds. Added 116 classes and 0 folders.
[2018.05.09-21.50.14:852][768]LogUObjectGlobals: Created PersistentFrame Addr=0x000001a30620e250, Size=4, Default__SKEL_PROTO_BP_AnimBlueprint_0_C Function /Engine/Transient.SKEL_PROTO_BP_AnimBlueprint_0_C:ExecuteUbergraph_PROTO_BP_AnimBlueprint_0
[2018.05.09-21.50.14:854][768]LogUObjectGlobals: Created PersistentFrame Addr=0x000001a30620e248, Size=4, Default__PROTO_BP_AnimBlueprint_0_C Function /Engine/Transient.PROTO_BP_AnimBlueprint_0_C:ExecuteUbergraph_PROTO_BP_AnimBlueprint_0
[2018.05.09-21.50.15:939][768]LogMaterial: Missing cached shader map for material PersonaFloorMat, compiling. 
[2018.05.09-21.50.16:184][768]LogShaderCompilers: Display: Shaders left to compile 31
[2018.05.09-21.50.16:185][768]LogShaderCompilers: Display: Shaders left to compile 21
[2018.05.09-21.50.16:185][768]LogShaderCompilers: Display: Shaders left to compile 11
[2018.05.09-21.50.16:185][768]LogShaderCompilers: Display: Shaders left to compile 1
[2018.05.09-21.50.16:697][768]LogSlate: Took 0.017251 seconds to synchronously load lazily loaded font '../../../Engine/Content/Slate/Fonts/Roboto-BoldCondensed.ttf' (158K)
[2018.05.09-21.50.17:030][769]LogSlate: Took 0.013404 seconds to synchronously load lazily loaded font '../../../Engine/Content/Slate/Fonts/Roboto-Italic.ttf' (157K)
[2018.05.09-21.50.24:256][205]LogSlate: Window 'MyFirstPickup' being destroyed
[2018.05.09-21.50.28:020][632]LogSlate: FSceneViewport::OnFocusLost() reason 0
[2018.05.09-21.50.36:955][546]LogSlate: FSceneViewport::OnFocusLost() reason 0
[2018.05.09-21.50.43:970][267]LogSlate: FSceneViewport::OnFocusLost() reason 0
[2018.05.09-21.50.44:194][286]LogTexture: Display: Building textures: HQ_Lightmap0_2 (AutoDXT, 64X64)
[2018.05.09-21.50.44:194][286]LogTexture: Display: Building textures: LQ_Lightmap_0_2 (DXT1, 64X64)
[2018.05.09-21.50.44:194][286]LogTexture: Display: Building textures: HQ_Lightmap1_1 (AutoDXT, 256X256)
[2018.05.09-21.50.44:194][286]LogTexture: Display: Building textures: LQ_Lightmap_1_1 (DXT1, 256X256)
[2018.05.09-21.50.44:194][286]LogTexture: Display: Building textures: ShadowMapTexture2D_2 (BGRA8, 256X128)
[2018.05.09-21.50.44:194][286]LogTexture: Display: Building textures: ShadowMapTexture2D_3 (G8, 64X32)
[2018.05.09-21.50.44:197][286]LogAIModule: Creating AISystem for world LightExample
[2018.05.09-21.50.44:198][286]LogActorComponent: RegisterComponentWithWorld: (/Game/Hour_16/Maps/LightExample.LightExample:PersistentLevel.WorldSettings_1.StaticMeshComponent0) Trying to register component with IsPendingKill() == true. Aborting.
[2018.05.09-21.50.44:228][286]LogUObjectGlobals: Destroyed PersistentFrame Addr=0x000001a33efb7880, Size=20
[2018.05.09-21.50.44:231][286]Cmd: MAP LOAD FILE="../../../../bookProjects/Hour_16/Hour_16/Content/Hour_16/Maps/LightExample.umap" TEMPLATE=0 SHOWPROGRESS=1 FEATURELEVEL=3
[2018.05.09-21.50.44:232][286]LightingResults: New page: Lighting Build
[2018.05.09-21.50.44:232][286]LoadErrors: New page: Loading map: LightExample.umap
[2018.05.09-21.50.44:234][286]MapCheck: New page: Map Check
[2018.05.09-21.50.44:234][286]LightingResults: New page: Lighting Build
[2018.05.09-21.50.44:336][286]LogEditorServer: Finished looking for orphan Actors (0.000 secs)
[2018.05.09-21.50.44:381][286]Cmd: MAP CHECKDEP NOCLEARLOG
[2018.05.09-21.50.44:437][286]MapCheck: Map check complete: 0 Error(s), 0 Warning(s), took 55.23ms to complete.
[2018.05.09-21.50.44:438][286]LogFileHelpers: Loading map 'LightExample' took 0.208
[2018.05.09-21.50.47:235][604]LogSlate: FSceneViewport::OnFocusLost() reason 0
[2018.05.09-21.50.47:471][628]LogAIModule: Creating AISystem for world PickupExample
[2018.05.09-21.50.47:472][628]LogActorComponent: RegisterComponentWithWorld: (/Game/Hour_16/Maps/PickupExample.PickupExample:PersistentLevel.WorldSettings_1.StaticMeshComponent0) Trying to register component with IsPendingKill() == true. Aborting.
[2018.05.09-21.50.47:503][628]Cmd: MAP LOAD FILE="../../../../bookProjects/Hour_16/Hour_16/Content/Hour_16/Maps/PickupExample.umap" TEMPLATE=0 SHOWPROGRESS=1 FEATURELEVEL=3
[2018.05.09-21.50.47:503][628]LightingResults: New page: Lighting Build
[2018.05.09-21.50.47:504][628]LoadErrors: New page: Loading map: PickupExample.umap
[2018.05.09-21.50.47:505][628]MapCheck: New page: Map Check
[2018.05.09-21.50.47:505][628]LightingResults: New page: Lighting Build
[2018.05.09-21.50.47:622][628]LogEditorServer: Finished looking for orphan Actors (0.000 secs)
[2018.05.09-21.50.47:668][628]Cmd: MAP CHECKDEP NOCLEARLOG
[2018.05.09-21.50.47:719][628]MapCheck: Map check complete: 0 Error(s), 0 Warning(s), took 51.004ms to complete.
[2018.05.09-21.50.47:721][628]LogFileHelpers: Loading map 'PickupExample' took 0.219
[2018.05.09-21.50.53:140][194]LogSlate: FSceneViewport::OnFocusLost() reason 0
[2018.05.09-21.50.57:479][628]LogSlate: FSceneViewport::OnFocusLost() reason 2
[2018.05.09-21.51.03:829][215]LogSlate: FSceneViewport::OnFocusLost() reason 0
[2018.05.09-21.51.04:057][237]LogAIModule: Creating AISystem for world LightExample
[2018.05.09-21.51.04:058][237]LogActorComponent: RegisterComponentWithWorld: (/Game/Hour_16/Maps/LightExample.LightExample:PersistentLevel.WorldSettings_1.StaticMeshComponent0) Trying to register component with IsPendingKill() == true. Aborting.
[2018.05.09-21.51.04:082][237]Cmd: MAP LOAD FILE="../../../../bookProjects/Hour_16/Hour_16/Content/Hour_16/Maps/LightExample.umap" TEMPLATE=0 SHOWPROGRESS=1 FEATURELEVEL=3
[2018.05.09-21.51.04:082][237]LightingResults: New page: Lighting Build
[2018.05.09-21.51.04:083][237]LoadErrors: New page: Loading map: LightExample.umap
[2018.05.09-21.51.04:084][237]MapCheck: New page: Map Check
[2018.05.09-21.51.04:084][237]LightingResults: New page: Lighting Build
[2018.05.09-21.51.04:210][237]LogEditorServer: Finished looking for orphan Actors (0.000 secs)
[2018.05.09-21.51.04:255][237]Cmd: MAP CHECKDEP NOCLEARLOG
[2018.05.09-21.51.04:308][237]MapCheck: Map check complete: 0 Error(s), 0 Warning(s), took 52.712ms to complete.
[2018.05.09-21.51.04:309][237]LogFileHelpers: Loading map 'LightExample' took 0.228
[2018.05.09-21.51.05:830][405]LogSlate: FSceneViewport::OnFocusLost() reason 0
[2018.05.09-21.51.06:165][426]LogAIModule: Creating AISystem for world Startmap
[2018.05.09-21.51.06:165][426]LogActorComponent: RegisterComponentWithWorld: (/Game/Hour_16/Maps/Startmap.Startmap:PersistentLevel.WorldSettings_1.StaticMeshComponent0) Trying to register component with IsPendingKill() == true. Aborting.
[2018.05.09-21.51.06:190][426]Cmd: MAP LOAD FILE="../../../../bookProjects/Hour_16/Hour_16/Content/Hour_16/Maps/Startmap.umap" TEMPLATE=0 SHOWPROGRESS=1 FEATURELEVEL=3
[2018.05.09-21.51.06:190][426]LightingResults: New page: Lighting Build
[2018.05.09-21.51.06:191][426]LoadErrors: New page: Loading map: Startmap.umap
[2018.05.09-21.51.06:191][426]MapCheck: New page: Map Check
[2018.05.09-21.51.06:191][426]LightingResults: New page: Lighting Build
[2018.05.09-21.51.06:358][426]LogEditorServer: Finished looking for orphan Actors (0.000 secs)
[2018.05.09-21.51.06:410][426]Cmd: MAP CHECKDEP NOCLEARLOG
[2018.05.09-21.51.06:466][426]MapCheck: Map check complete: 0 Error(s), 0 Warning(s), took 55.406ms to complete.
[2018.05.09-21.51.06:466][426]LogFileHelpers: Loading map 'Startmap' took 0.277
[2018.05.09-21.51.09:116][718]LogSlate: FSceneViewport::OnFocusLost() reason 0
[2018.05.09-21.51.09:308][737]LogAIModule: Creating AISystem for world PickupExample
[2018.05.09-21.51.09:308][737]LogActorComponent: RegisterComponentWithWorld: (/Game/Hour_16/Maps/PickupExample.PickupExample:PersistentLevel.WorldSettings_1.StaticMeshComponent0) Trying to register component with IsPendingKill() == true. Aborting.
[2018.05.09-21.51.09:339][737]Cmd: MAP LOAD FILE="../../../../bookProjects/Hour_16/Hour_16/Content/Hour_16/Maps/PickupExample.umap" TEMPLATE=0 SHOWPROGRESS=1 FEATURELEVEL=3
[2018.05.09-21.51.09:339][737]LightingResults: New page: Lighting Build
[2018.05.09-21.51.09:340][737]LoadErrors: New page: Loading map: PickupExample.umap
[2018.05.09-21.51.09:341][737]MapCheck: New page: Map Check
[2018.05.09-21.51.09:341][737]LightingResults: New page: Lighting Build
[2018.05.09-21.51.09:540][737]LogEditorServer: Finished looking for orphan Actors (0.000 secs)
[2018.05.09-21.51.09:611][737]Cmd: MAP CHECKDEP NOCLEARLOG
[2018.05.09-21.51.09:704][737]MapCheck: Map check complete: 0 Error(s), 0 Warning(s), took 92.613ms to complete.
[2018.05.09-21.51.09:704][737]LogFileHelpers: Loading map 'PickupExample' took 0.366
[2018.05.09-21.51.11:821][969]LogSlate: FSceneViewport::OnFocusLost() reason 0
[2018.05.09-21.51.18:534][657]LogSlate: FSceneViewport::OnFocusLost() reason 2
[2018.05.09-21.51.18:876][689]LogSlate: FSceneViewport::OnFocusLost() reason 2
[2018.05.09-21.51.19:592][742]LogSlate: FSceneViewport::OnFocusLost() reason 2
[2018.05.09-21.51.25:325][300]LogSlate: FSceneViewport::OnFocusLost() reason 0
[2018.05.09-21.51.25:525][320]LogAIModule: Creating AISystem for world Startmap
[2018.05.09-21.51.25:526][320]LogActorComponent: RegisterComponentWithWorld: (/Game/Hour_16/Maps/Startmap.Startmap:PersistentLevel.WorldSettings_1.StaticMeshComponent0) Trying to register component with IsPendingKill() == true. Aborting.
[2018.05.09-21.51.25:551][320]Cmd: MAP LOAD FILE="../../../../bookProjects/Hour_16/Hour_16/Content/Hour_16/Maps/Startmap.umap" TEMPLATE=0 SHOWPROGRESS=1 FEATURELEVEL=3
[2018.05.09-21.51.25:551][320]LightingResults: New page: Lighting Build
[2018.05.09-21.51.25:552][320]LoadErrors: New page: Loading map: Startmap.umap
[2018.05.09-21.51.25:554][320]MapCheck: New page: Map Check
[2018.05.09-21.51.25:554][320]LightingResults: New page: Lighting Build
[2018.05.09-21.51.25:769][320]LogEditorServer: Finished looking for orphan Actors (0.000 secs)
[2018.05.09-21.51.25:844][320]Cmd: MAP CHECKDEP NOCLEARLOG
[2018.05.09-21.51.25:948][320]MapCheck: Map check complete: 0 Error(s), 0 Warning(s), took 103.88ms to complete.
[2018.05.09-21.51.25:948][320]LogFileHelpers: Loading map 'Startmap' took 0.398
[2018.05.09-21.51.26:660][387]LogSlate: FSceneViewport::OnFocusLost() reason 0
[2018.05.09-21.51.26:865][408]LogAIModule: Creating AISystem for world PickupExample
[2018.05.09-21.51.26:866][408]LogActorComponent: RegisterComponentWithWorld: (/Game/Hour_16/Maps/PickupExample.PickupExample:PersistentLevel.WorldSettings_1.StaticMeshComponent0) Trying to register component with IsPendingKill() == true. Aborting.
[2018.05.09-21.51.26:897][408]Cmd: MAP LOAD FILE="../../../../bookProjects/Hour_16/Hour_16/Content/Hour_16/Maps/PickupExample.umap" TEMPLATE=0 SHOWPROGRESS=1 FEATURELEVEL=3
[2018.05.09-21.51.26:897][408]LightingResults: New page: Lighting Build
[2018.05.09-21.51.26:898][408]LoadErrors: New page: Loading map: PickupExample.umap
[2018.05.09-21.51.26:899][408]MapCheck: New page: Map Check
[2018.05.09-21.51.26:899][408]LightingResults: New page: Lighting Build
[2018.05.09-21.51.27:250][408]LogEditorServer: Finished looking for orphan Actors (0.000 secs)
[2018.05.09-21.51.27:351][408]Cmd: MAP CHECKDEP NOCLEARLOG
[2018.05.09-21.51.27:437][408]MapCheck: Map check complete: 0 Error(s), 0 Warning(s), took 85.901ms to complete.
[2018.05.09-21.51.27:437][408]LogFileHelpers: Loading map 'PickupExample' took 0.542
[2018.05.09-21.51.29:413][623]LogSlate: FSceneViewport::OnFocusLost() reason 0
[2018.05.09-21.51.35:208][183]LogEditorViewport: Clicking on Actor (LMB): MyFirstPickup_C (MyPickup8)
[2018.05.09-21.51.37:058][344]LogSlate: FSceneViewport::OnFocusLost() reason 2
[2018.05.09-21.51.38:136][435]LogSlate: FSceneViewport::OnFocusLost() reason 2
[2018.05.09-21.51.38:215][435]Cmd: OBJ SAVEPACKAGE PACKAGE="/Game/Hour_16/Maps/PickupExample" FILE="../../../../bookProjects/Hour_16/Hour_16/Content/Hour_16/Maps/PickupExample.umap" SILENT=true AUTOSAVING=false KEEPDIRTY=false
[2018.05.09-21.51.38:419][435]LogSavePackage: Save=158.17ms
[2018.05.09-21.51.38:419][435]LogSavePackage: Moving '../../../../bookProjects/Hour_16/Hour_16/Saved/PickupExample5B7A8AF24D1D5D7B015407B3023BE527.tmp' to '../../../../bookProjects/Hour_16/Hour_16/Content/Hour_16/Maps/PickupExample.umap'
[2018.05.09-21.51.38:431][435]LogSavePackage: Display: Finished SavePackage ../../../../bookProjects/Hour_16/Hour_16/Content/Hour_16/Maps/PickupExample.umap
[2018.05.09-21.51.38:496][435]LogFileHelpers: Saving map 'PickupExample' took 0.352
[2018.05.09-21.51.40:766][658]LogSlate: FSceneViewport::OnFocusLost() reason 0
[2018.05.09-21.51.56:935][206]LogUProjectInfo: Found projects:
[2018.05.09-21.52.01:966][665]LogSlate: Window 'Open Project' being destroyed
[2018.05.09-21.55.16:431][721]BlueprintLog: New page: Compile MyPulseLight_BP
[2018.05.09-21.55.16:445][721]LogUObjectGlobals: Destroyed PersistentFrame Addr=0x000001a33efb45c8, Size=20
[2018.05.09-21.55.16:445][721]LogUObjectGlobals: Created PersistentFrame Addr=0x000001a36e7d18b8, Size=20, Default__MyPulseLight_BP_C Function /Engine/Transient.REINST_MyPulseLight_BP_C_25:ExecuteUbergraph_MyPulseLight_BP
[2018.05.09-21.55.16:447][721]LogUObjectGlobals: Created PersistentFrame Addr=0x000001a36e7d06d0, Size=20, Default__MyPulseLight_BP_C Function /Game/Hour_16/MyBlueprints/MyPulseLight_BP.MyPulseLight_BP_C:ExecuteUbergraph_MyPulseLight_BP
[2018.05.09-21.55.17:646][790]Cmd: OBJ SAVEPACKAGE PACKAGE="/Game/Hour_16/MyBlueprints/MyPulseLight_BP" FILE="../../../../bookProjects/Hour_16/Hour_16/Content/Hour_16/MyBlueprints/MyPulseLight_BP.uasset" SILENT=true
[2018.05.09-21.55.17:724][790]LogSavePackage: Save=68.85ms
[2018.05.09-21.55.17:724][790]LogSavePackage: Moving '../../../../bookProjects/Hour_16/Hour_16/Saved/MyPulseLight_BPDE70F64E4CF41DF7CE9A60B53BB96F9B.tmp' to '../../../../bookProjects/Hour_16/Hour_16/Content/Hour_16/MyBlueprints/MyPulseLight_BP.uasset'
[2018.05.09-21.55.17:726][790]LogSavePackage: Display: Finished SavePackage ../../../../bookProjects/Hour_16/Hour_16/Content/Hour_16/MyBlueprints/MyPulseLight_BP.uasset
[2018.05.09-21.55.31:773][ 29]LogEditorTransaction: Undo Move Node
[2018.05.09-21.55.31:789][ 29]LogUObjectGlobals: Created PersistentFrame Addr=0x000001a3aa509558, Size=4, Default__SKEL_MyFirstPickup_C Function /Game/Hour_16/MyBlueprints/MyFirstPickup.SKEL_MyFirstPickup_C:ExecuteUbergraph_MyFirstPickup
[2018.05.09-21.57.19:093][778]BlueprintLog: New page: Compile MyFirstPickup
[2018.05.09-21.57.19:102][778]LogUObjectGlobals: Destroyed PersistentFrame Addr=0x000001a3aa509558, Size=4
[2018.05.09-21.57.19:102][778]LogUObjectGlobals: Created PersistentFrame Addr=0x000001a3a9fd1a00, Size=4, Default__SKEL_MyFirstPickup_C Function /Engine/Transient.REINST_SKEL_MyFirstPickup_C_29:ExecuteUbergraph_MyFirstPickup
[2018.05.09-21.57.19:111][778]LogUObjectGlobals: Destroyed PersistentFrame Addr=0x000001a35ecc3ac0, Size=400
[2018.05.09-21.57.19:111][778]LogUObjectGlobals: Created PersistentFrame Addr=0x000001a310df0800, Size=400, Default__MyFirstPickup_C Function /Engine/Transient.REINST_MyFirstPickup_C_31:ExecuteUbergraph_MyFirstPickup
[2018.05.09-21.57.19:115][778]LogUObjectGlobals: Created PersistentFrame Addr=0x000001a3ab7a2b00, Size=400, Default__MyFirstPickup_C Function /Game/Hour_16/MyBlueprints/MyFirstPickup.MyFirstPickup_C:ExecuteUbergraph_MyFirstPickup
[2018.05.09-21.57.21:618][778]LogUObjectGlobals: Destroyed PersistentFrame Addr=0x000001a36e7d18b8, Size=20
[2018.05.09-21.57.21:618][778]LogUObjectGlobals: Destroyed PersistentFrame Addr=0x000001a3a9fd1a00, Size=4
[2018.05.09-21.57.22:450][830]Cmd: OBJ SAVEPACKAGE PACKAGE="/Game/Hour_16/MyBlueprints/MyFirstPickup" FILE="../../../../bookProjects/Hour_16/Hour_16/Content/Hour_16/MyBlueprints/MyFirstPickup.uasset" SILENT=true
[2018.05.09-21.57.22:500][830]LogSavePackage: Save=41.08ms
[2018.05.09-21.57.22:500][830]LogSavePackage: Moving '../../../../bookProjects/Hour_16/Hour_16/Saved/MyFirstPickup50DB383B45E7EB85D7E9E89DF52EBF2C.tmp' to '../../../../bookProjects/Hour_16/Hour_16/Content/Hour_16/MyBlueprints/MyFirstPickup.uasset'
[2018.05.09-21.57.22:540][830]LogSavePackage: Display: Finished SavePackage ../../../../bookProjects/Hour_16/Hour_16/Content/Hour_16/MyBlueprints/MyFirstPickup.uasset
[2018.05.09-21.57.26:716][199]LogUObjectGlobals: Destroyed PersistentFrame Addr=0x000001a310df0800, Size=400
[2018.05.09-21.57.26:789][199]Cmd: OBJ SAVEPACKAGE PACKAGE="/Game/Hour_16/Maps/PickupExample" FILE="../../../../bookProjects/Hour_16/Hour_16/Content/Hour_16/Maps/PickupExample.umap" SILENT=true AUTOSAVING=false KEEPDIRTY=false
[2018.05.09-21.57.26:914][199]LogSavePackage: Save=74.36ms
[2018.05.09-21.57.26:914][199]LogSavePackage: Moving '../../../../bookProjects/Hour_16/Hour_16/Saved/PickupExample3CB05EF042C6BB610BAF1BBBEC83E7F1.tmp' to '../../../../bookProjects/Hour_16/Hour_16/Content/Hour_16/Maps/PickupExample.umap'
[2018.05.09-21.57.26:919][199]LogSavePackage: Display: Finished SavePackage ../../../../bookProjects/Hour_16/Hour_16/Content/Hour_16/Maps/PickupExample.umap
[2018.05.09-21.57.26:964][199]LogFileHelpers: Saving map 'PickupExample' took 0.232
[2018.05.09-21.57.39:416][604]LogSlate: Window 'Convert Project' being destroyed
[2018.05.09-21.57.40:639][604]LogSlate: Window 'Convert Project' being destroyed
[2018.05.09-21.57.40:741][605]Cmd: CLOSE_SLATE_MAINFRAME
[2018.05.09-21.57.40:949][605]LogActorComponent: UnregisterComponent: (/Engine/Transient.EditorFloorComp) Not registered. Aborting.
[2018.05.09-21.57.41:022][605]LogSlate: Window 'Open Project' being destroyed
[2018.05.09-21.57.41:025][605]LogSlate: Window 'Hour_16 - Unreal Editor' being destroyed
[2018.05.09-21.57.41:026][605]LogWindowsTextInputMethodSystem: Display: IME system now deactivated.
[2018.05.09-21.57.41:386][606]Cmd: QUIT_EDITOR
[2018.05.09-21.57.41:471][606]LogSlate: Slate User Destroyed.  User Index 0, Is Virtual User: 0
[2018.05.09-21.57.41:471][606]LogExit: Preparing to exit.
[2018.05.09-21.57.41:855][606]LogDirectoryWatcher: A directory notification for 'D:/bookProjects/Hour_16/Hour_16/Content/' was aborted.
[2018.05.09-21.57.41:902][606]LogExit: Editor shut down
[2018.05.09-21.57.41:906][606]LogExit: Transaction tracking system shut down
[2018.05.09-21.57.41:908][606]LogUObjectGlobals: Destroyed PersistentFrame Addr=0x000001a3ab7a2b00, Size=400
[2018.05.09-21.57.41:908][606]LogUObjectGlobals: Destroyed PersistentFrame Addr=0x000001a33f08f600, Size=560
[2018.05.09-21.57.41:909][606]LogUObjectGlobals: Destroyed PersistentFrame Addr=0x000001a36e7d06d0, Size=20
[2018.05.09-21.57.41:910][606]LogUObjectGlobals: Destroyed PersistentFrame Addr=0x000001a30620e250, Size=4
[2018.05.09-21.57.41:910][606]LogUObjectGlobals: Destroyed PersistentFrame Addr=0x000001a30620e248, Size=4
[2018.05.09-21.57.42:083][606]LogDirectoryWatcher: A directory notification for '../../../Engine/Content/' was aborted.
[2018.05.09-21.57.42:083][606]LogDirectoryWatcher: A directory notification for '../../../../bookProjects/Hour_16/Hour_16/Content/' was aborted.
[2018.05.09-21.57.42:083][606]LogDirectoryWatcher: A directory notification for '../../Plugins/2D/Paper2D/Content/' was aborted.
[2018.05.09-21.57.42:083][606]LogDirectoryWatcher: A directory notification for '../../Plugins/Enterprise/DatasmithContent/Content/' was aborted.
[2018.05.09-21.57.42:083][606]LogDirectoryWatcher: A directory notification for '../../Plugins/Media/MediaCompositing/Content/' was aborted.
[2018.05.09-21.57.42:083][606]LogDirectoryWatcher: A directory notification for '../../Plugins/Runtime/AppleARKit/Content/' was aborted.
[2018.05.09-21.57.42:083][606]LogDirectoryWatcher: A directory notification for '../../Plugins/Runtime/Oculus/OculusVR/Content/' was aborted.
[2018.05.09-21.57.42:084][606]LogDirectoryWatcher: A directory notification for '../../Plugins/Runtime/Steam/SteamVR/Content/' was aborted.
[2018.05.09-21.57.42:195][606]LogExit: Object subsystem successfully closed.
[2018.05.09-21.57.42:214][606]LogShaderCompilers: Display: Shaders left to compile 0
[2018.05.09-21.57.42:218][606]LogD3D11RHI: Shutdown
[2018.05.09-21.57.42:218][606]LogD3D11RHI: CleanupD3DDevice
[2018.05.09-21.57.42:221][606]LogD3D11RHI: ~FD3D11DynamicRHI
[2018.05.09-21.57.42:235][606]LogModuleManager: Shutting down and abandoning module BlueprintGraph (578)
[2018.05.09-21.57.42:235][606]LogModuleManager: Shutting down and abandoning module HierarchicalLODOutliner (576)
[2018.05.09-21.57.42:235][606]LogModuleManager: Shutting down and abandoning module WorldBrowser (574)
[2018.05.09-21.57.42:235][606]LogModuleManager: Shutting down and abandoning module SceneOutliner (572)
[2018.05.09-21.57.42:235][606]LogModuleManager: Shutting down and abandoning module AddContentDialog (570)
[2018.05.09-21.57.42:236][606]LogDirectoryWatcher: A directory notification for 'D:/UE_4.19/FeaturePacks/' was aborted.
[2018.05.09-21.57.42:236][606]LogDirectoryWatcher: A directory notification for 'D:/UE_4.19/Enterprise/FeaturePacks/' was aborted.
[2018.05.09-21.57.42:237][606]LogModuleManager: Shutting down and abandoning module WidgetCarousel (569)
[2018.05.09-21.57.42:237][606]LogModuleManager: Shutting down and abandoning module EditorWidgets (566)
[2018.05.09-21.57.42:237][606]LogModuleManager: Shutting down and abandoning module CollectionManager (564)
[2018.05.09-21.57.42:237][606]LogDirectoryWatcher: A directory notification for 'D:/bookProjects/Hour_16/Hour_16/Content/Collections/' was aborted.
[2018.05.09-21.57.42:237][606]LogDirectoryWatcher: A directory notification for 'D:/bookProjects/Hour_16/Hour_16/Content/Developers/acookson/Collections/' was aborted.
[2018.05.09-21.57.42:237][606]LogDirectoryWatcher: A directory notification for 'D:/bookProjects/Hour_16/Hour_16/Saved/Collections/' was aborted.
[2018.05.09-21.57.42:237][606]LogModuleManager: Shutting down and abandoning module StatsViewer (562)
[2018.05.09-21.57.42:237][606]LogModuleManager: Shutting down and abandoning module FoliageEdit (560)
[2018.05.09-21.57.42:237][606]LogModuleManager: Shutting down and abandoning module LandscapeEditor (558)
[2018.05.09-21.57.42:237][606]LogModuleManager: Shutting down and abandoning module MeshPaintMode (556)
[2018.05.09-21.57.42:237][606]LogModuleManager: Shutting down and abandoning module SceneDepthPickerMode (554)
[2018.05.09-21.57.42:237][606]LogModuleManager: Shutting down and abandoning module ActorPickerMode (552)
[2018.05.09-21.57.42:237][606]LogModuleManager: Shutting down and abandoning module GeometryMode (550)
[2018.05.09-21.57.42:237][606]LogModuleManager: Shutting down and abandoning module TextureAlignMode (548)
[2018.05.09-21.57.42:237][606]LogModuleManager: Shutting down and abandoning module BspMode (546)
[2018.05.09-21.57.42:237][606]LogModuleManager: Shutting down and abandoning module PIEPreviewDeviceProfileSelector (544)
[2018.05.09-21.57.42:237][606]LogModuleManager: Shutting down and abandoning module HardwareSurvey (542)
[2018.05.09-21.57.42:237][606]LogModuleManager: Shutting down and abandoning module SequenceRecorderSections (540)
[2018.05.09-21.57.42:237][606]LogModuleManager: Shutting down and abandoning module AutomationWorker (538)
[2018.05.09-21.57.42:237][606]LogModuleManager: Shutting down and abandoning module AudioCaptureEditor (536)
[2018.05.09-21.57.42:237][606]LogModuleManager: Shutting down and abandoning module SequenceRecorder (535)
[2018.05.09-21.57.42:237][606]LogModuleManager: Shutting down and abandoning module MatineeToLevelSequence (532)
[2018.05.09-21.57.42:237][606]LogModuleManager: Shutting down and abandoning module LevelSequenceEditor (530)
[2018.05.09-21.57.42:238][606]LogModuleManager: Shutting down and abandoning module PlacementMode (529)
[2018.05.09-21.57.42:238][606]LogModuleManager: Shutting down and abandoning module MaterialEditor (528)
[2018.05.09-21.57.42:238][606]LogModuleManager: Shutting down and abandoning module WmfMediaFactory (524)
[2018.05.09-21.57.42:238][606]LogModuleManager: Shutting down and abandoning module WmfMediaEditor (522)
[2018.05.09-21.57.42:238][606]LogModuleManager: Shutting down and abandoning module MediaPlayerEditor (520)
[2018.05.09-21.57.42:238][606]LogModuleManager: Shutting down and abandoning module OpenExrWrapper (518)
[2018.05.09-21.57.42:238][606]LogModuleManager: Shutting down and abandoning module ImgMediaFactory (516)
[2018.05.09-21.57.42:238][606]LogModuleManager: Shutting down and abandoning module ImgMediaEditor (514)
[2018.05.09-21.57.42:238][606]LogModuleManager: Shutting down and abandoning module AvfMediaFactory (512)
[2018.05.09-21.57.42:238][606]LogModuleManager: Shutting down and abandoning module AvfMediaEditor (510)
[2018.05.09-21.57.42:238][606]LogModuleManager: Shutting down and abandoning module AndroidMediaFactory (508)
[2018.05.09-21.57.42:238][606]LogModuleManager: Shutting down and abandoning module AndroidMediaEditor (506)
[2018.05.09-21.57.42:238][606]LogModuleManager: Shutting down and abandoning module CharacterAI (504)
[2018.05.09-21.57.42:238][606]LogModuleManager: Shutting down and abandoning module SmartSnapping (502)
[2018.05.09-21.57.42:238][606]LogModuleManager: Shutting down and abandoning module SessionServices (500)
[2018.05.09-21.57.42:238][606]LogModuleManager: Shutting down and abandoning module ViewportSnapping (498)
[2018.05.09-21.57.42:238][606]LogModuleManager: Shutting down and abandoning module ViewportInteraction (496)
[2018.05.09-21.57.42:238][606]LogModuleManager: Shutting down and abandoning module ClothPainter (494)
[2018.05.09-21.57.42:238][606]LogModuleManager: Shutting down and abandoning module SkeletalMeshEditor (493)
[2018.05.09-21.57.42:238][606]LogModuleManager: Shutting down and abandoning module LogVisualizer (490)
[2018.05.09-21.57.42:238][606]LogModuleManager: Shutting down and abandoning module IntroTutorials (488)
[2018.05.09-21.57.42:239][606]LogModuleManager: Shutting down and abandoning module GameProjectGeneration (487)
[2018.05.09-21.57.42:239][606]LogModuleManager: Shutting down and abandoning module IOSPlatformEditor (484)
[2018.05.09-21.57.42:239][606]LogModuleManager: Shutting down and abandoning module HTML5PlatformEditor (482)
[2018.05.09-21.57.42:239][606]LogModuleManager: Shutting down and abandoning module AndroidPlatformEditor (480)
[2018.05.09-21.57.42:239][606]LogModuleManager: Shutting down and abandoning module AndroidDeviceDetection (479)
[2018.05.09-21.57.43:158][606]LogModuleManager: Shutting down and abandoning module WindowsPlatformEditor (476)
[2018.05.09-21.57.43:158][606]LogModuleManager: Shutting down and abandoning module IOSRuntimeSettings (474)
[2018.05.09-21.57.43:158][606]LogModuleManager: Shutting down and abandoning module AndroidRuntimeSettings (472)
[2018.05.09-21.57.43:158][606]LogModuleManager: Shutting down and abandoning module InputBindingEditor (470)
[2018.05.09-21.57.43:158][606]LogModuleManager: Shutting down and abandoning module MergeActors (468)
[2018.05.09-21.57.43:158][606]LogModuleManager: Shutting down and abandoning module LocalizationDashboard (466)
[2018.05.09-21.57.43:158][606]LogModuleManager: Shutting down and abandoning module LocalizationService (465)
[2018.05.09-21.57.43:159][606]LogModuleManager: Shutting down and abandoning module HardwareTargeting (462)
[2018.05.09-21.57.43:159][606]LogModuleManager: Shutting down and abandoning module DeviceProfileEditor (460)
[2018.05.09-21.57.43:159][606]LogModuleManager: Shutting down and abandoning module UndoHistory (458)
[2018.05.09-21.57.43:159][606]LogModuleManager: Shutting down and abandoning module XmlParser (456)
[2018.05.09-21.57.43:159][606]LogModuleManager: Shutting down and abandoning module Blutility (454)
[2018.05.09-21.57.43:159][606]LogModuleManager: Shutting down and abandoning module ProjectSettingsViewer (452)
[2018.05.09-21.57.43:159][606]LogModuleManager: Shutting down and abandoning module ProjectTargetPlatformEditor (451)
[2018.05.09-21.57.43:159][606]LogModuleManager: Shutting down and abandoning module EditorSettingsViewer (448)
[2018.05.09-21.57.43:159][606]LogModuleManager: Shutting down and abandoning module SettingsEditor (446)
[2018.05.09-21.57.43:159][606]LogModuleManager: Shutting down and abandoning module ProjectLauncher (444)
[2018.05.09-21.57.43:159][606]LogModuleManager: Shutting down and abandoning module SessionFrontend (442)
[2018.05.09-21.57.43:159][606]LogModuleManager: Shutting down and abandoning module ProfilerClient (440)
[2018.05.09-21.57.43:159][606]LogModuleManager: Shutting down and abandoning module DeviceManager (438)
[2018.05.09-21.57.43:159][606]LogModuleManager: Shutting down and abandoning module TargetDeviceServices (437)
[2018.05.09-21.57.43:214][606]LogModuleManager: Shutting down and abandoning module AutomationController (434)
[2018.05.09-21.57.43:214][606]LogModuleManager: Shutting down and abandoning module AutomationWindow (432)
[2018.05.09-21.57.43:214][606]LogModuleManager: Shutting down and abandoning module Layers (430)
[2018.05.09-21.57.43:214][606]LogModuleManager: Shutting down and abandoning module ComponentVisualizers (428)
[2018.05.09-21.57.43:214][606]LogModuleManager: Shutting down and abandoning module DetailCustomizations (426)
[2018.05.09-21.57.43:214][606]LogModuleManager: Shutting down and abandoning module PackagesDialog (424)
[2018.05.09-21.57.43:215][606]LogModuleManager: Shutting down and abandoning module Persona (422)
[2018.05.09-21.57.43:215][606]LogModuleManager: Shutting down and abandoning module AdvancedPreviewScene (421)
[2018.05.09-21.57.43:215][606]LogModuleManager: Shutting down and abandoning module AnimGraph (419)
[2018.05.09-21.57.43:215][606]LogModuleManager: Shutting down and abandoning module Kismet (416)
[2018.05.09-21.57.43:223][606]LogModuleManager: Shutting down and abandoning module GraphEditor (414)
[2018.05.09-21.57.43:223][606]LogModuleManager: Shutting down and abandoning module ClassViewer (412)
[2018.05.09-21.57.43:223][606]LogModuleManager: Shutting down and abandoning module Toolbox (410)
[2018.05.09-21.57.43:223][606]LogModuleManager: Shutting down and abandoning module ModuleUI (408)
[2018.05.09-21.57.43:223][606]LogModuleManager: Shutting down and abandoning module MovieSceneTools (406)
[2018.05.09-21.57.43:223][606]LogModuleManager: Shutting down and abandoning module OutputLog (404)
[2018.05.09-21.57.43:223][606]LogModuleManager: Shutting down and abandoning module GammaUI (402)
[2018.05.09-21.57.43:223][606]LogModuleManager: Shutting down and abandoning module Documentation (400)
[2018.05.09-21.57.43:224][606]LogModuleManager: Shutting down and abandoning module MovieSceneTracks (398)
[2018.05.09-21.57.43:224][606]LogModuleManager: Shutting down and abandoning module MovieScene (396)
[2018.05.09-21.57.43:224][606]LogModuleManager: Shutting down and abandoning module StreamingPauseRendering (394)
[2018.05.09-21.57.43:224][606]LogModuleManager: Shutting down and abandoning module LauncherPlatform (392)
[2018.05.09-21.57.43:224][606]LogModuleManager: Shutting down and abandoning module AnalyticsET (390)
[2018.05.09-21.57.43:224][606]LogModuleManager: Shutting down and abandoning module PortalServices (388)
[2018.05.09-21.57.43:224][606]LogModuleManager: Shutting down and abandoning module PortalRpc (386)
[2018.05.09-21.57.43:224][606]LogModuleManager: Shutting down and abandoning module MessagingRpc (384)
[2018.05.09-21.57.43:224][606]LogModuleManager: Shutting down and abandoning module AIModule (382)
[2018.05.09-21.57.43:224][606]LogModuleManager: Shutting down and abandoning module GameplayDebugger (381)
[2018.05.09-21.57.43:224][606]LogModuleManager: Shutting down and abandoning module AITestSuite (379)
[2018.05.09-21.57.43:224][606]LogModuleManager: Shutting down and abandoning module DesktopPlatform (376)
[2018.05.09-21.57.43:224][606]LogModuleManager: Shutting down and abandoning module ProfilerService (374)
[2018.05.09-21.57.43:335][606]LogModuleManager: Shutting down and abandoning module TaskGraph (372)
[2018.05.09-21.57.43:335][606]LogModuleManager: Shutting down and abandoning module SteamVRController (370)
[2018.05.09-21.57.43:335][606]LogModuleManager: Shutting down and abandoning module ProceduralMeshComponentEditor (368)
[2018.05.09-21.57.43:335][606]LogModuleManager: Shutting down and abandoning module ProceduralMeshComponent (366)
[2018.05.09-21.57.43:335][606]LogModuleManager: Shutting down and abandoning module OculusInput (364)
[2018.05.09-21.57.43:335][606]LogModuleManager: Shutting down and abandoning module MobilePatchingUtils (362)
[2018.05.09-21.57.43:335][606]LogModuleManager: Shutting down and abandoning module CustomMeshComponent (360)
[2018.05.09-21.57.43:336][606]LogModuleManager: Shutting down and abandoning module CableComponent (358)
[2018.05.09-21.57.43:336][606]LogModuleManager: Shutting down and abandoning module AudioCapture (356)
[2018.05.09-21.57.43:336][606]LogModuleManager: Shutting down and abandoning module ArchVisCharacter (354)
[2018.05.09-21.57.43:336][606]LogModuleManager: Shutting down and abandoning module AndroidPermission (352)
[2018.05.09-21.57.43:336][606]LogModuleManager: Shutting down and abandoning module NUTUnrealEngine4 (348)
[2018.05.09-21.57.43:336][606]LogModuleManager: Shutting down and abandoning module NetcodeUnitTest (346)
[2018.05.09-21.57.43:336][606]LogModuleManager: Shutting down and abandoning module MediaCompositingEditor (344)
[2018.05.09-21.57.43:336][606]LogModuleManager: Shutting down and abandoning module MediaCompositing (342)
[2018.05.09-21.57.43:336][606]LogModuleManager: Shutting down and abandoning module LinearTimecode (340)
[2018.05.09-21.57.43:336][606]LogModuleManager: Shutting down and abandoning module ImgMedia (338)
[2018.05.09-21.57.43:342][606]LogModuleManager: Shutting down and abandoning module HTML5Networking (336)
[2018.05.09-21.57.43:342][606]LogModuleManager: Shutting down and abandoning module AlembicImporter (334)
[2018.05.09-21.57.43:342][606]LogModuleManager: Shutting down and abandoning module AlembicLibrary (333)
[2018.05.09-21.57.43:342][606]LogModuleManager: Shutting down and abandoning module GeometryCache (332)
[2018.05.09-21.57.43:342][606]LogModuleManager: Shutting down and abandoning module GeometryCacheEd (331)
[2018.05.09-21.57.43:342][606]LogModuleManager: Shutting down and abandoning module DatasmithContent (326)
[2018.05.09-21.57.43:342][606]LogModuleManager: Shutting down and abandoning module SpeedTreeImporter (324)
[2018.05.09-21.57.43:342][606]LogModuleManager: Shutting down and abandoning module PluginBrowser (322)
[2018.05.09-21.57.43:342][606]LogModuleManager: Shutting down and abandoning module MobileLauncherProfileWizard (320)
[2018.05.09-21.57.43:342][606]LogModuleManager: Shutting down and abandoning module CryptoKeysOpenSSL (318)
[2018.05.09-21.57.43:342][606]LogModuleManager: Shutting down and abandoning module CryptoKeys (316)
[2018.05.09-21.57.43:342][606]LogModuleManager: Shutting down and abandoning module VisualStudioSourceCodeAccess (314)
[2018.05.09-21.57.43:342][606]LogModuleManager: Shutting down and abandoning module VisualStudioCodeSourceCodeAccess (312)
[2018.05.09-21.57.43:342][606]LogModuleManager: Shutting down and abandoning module UObjectPlugin (310)
[2018.05.09-21.57.43:342][606]LogModuleManager: Shutting down and abandoning module SubversionSourceControl (308)
[2018.05.09-21.57.43:343][606]LogModuleManager: Shutting down and abandoning module PerforceSourceControl (306)
[2018.05.09-21.57.43:343][606]LogModuleManager: Shutting down and abandoning module GitSourceControl (304)
[2018.05.09-21.57.43:343][606]LogModuleManager: Shutting down and abandoning module SourceControl (303)
[2018.05.09-21.57.43:343][606]LogModuleManager: Shutting down and abandoning module CLionSourceCodeAccess (300)
[2018.05.09-21.57.43:343][606]LogModuleManager: Shutting down and abandoning module LightPropagationVolumeEditor (298)
[2018.05.09-21.57.43:343][606]LogModuleManager: Shutting down and abandoning module PaperTiledImporter (296)
[2018.05.09-21.57.43:343][606]LogModuleManager: Shutting down and abandoning module PaperSpriteSheetImporter (294)
[2018.05.09-21.57.43:343][606]LogModuleManager: Shutting down and abandoning module Paper2DEditor (292)
[2018.05.09-21.57.43:343][606]LogModuleManager: Shutting down and abandoning module MeshPaint (291)
[2018.05.09-21.57.43:343][606]LogModuleManager: Shutting down and abandoning module RuntimePhysXCooking (288)
[2018.05.09-21.57.43:343][606]LogModuleManager: Shutting down and abandoning module PhysXVehiclesEditor (286)
[2018.05.09-21.57.43:343][606]LogModuleManager: Shutting down and abandoning module PhysXVehicles (284)
[2018.05.09-21.57.43:343][606]LogModuleManager: Shutting down and abandoning module OculusEditor (282)
[2018.05.09-21.57.43:343][606]LogModuleManager: Shutting down and abandoning module LocationServicesBPLibrary (280)
[2018.05.09-21.57.43:343][606]LogModuleManager: Shutting down and abandoning module ImmediatePhysicsEditor (278)
[2018.05.09-21.57.43:343][606]LogModuleManager: Shutting down and abandoning module ImmediatePhysics (276)
[2018.05.09-21.57.43:343][606]LogModuleManager: Shutting down and abandoning module ActorSequence (274)
[2018.05.09-21.57.43:343][606]LogModuleManager: Shutting down and abandoning module UdpMessaging (272)
[2018.05.09-21.57.43:444][606]LogModuleManager: Shutting down and abandoning module TcpMessaging (270)
[2018.05.09-21.57.43:545][606]LogModuleManager: Shutting down and abandoning module GameplayTagsEditor (268)
[2018.05.09-21.57.43:545][606]LogModuleManager: Shutting down and abandoning module FacialAnimationEditor (266)
[2018.05.09-21.57.43:545][606]LogModuleManager: Shutting down and abandoning module FacialAnimation (264)
[2018.05.09-21.57.43:545][606]LogModuleManager: Shutting down and abandoning module DataValidation (262)
[2018.05.09-21.57.43:545][606]LogModuleManager: Shutting down and abandoning module AssetManagerEditor (260)
[2018.05.09-21.57.43:545][606]LogModuleManager: Shutting down and abandoning module LevelEditor (259)
[2018.05.09-21.57.43:546][606]LogModuleManager: Shutting down and abandoning module PixelInspectorModule (258)
[2018.05.09-21.57.43:546][606]LogModuleManager: Shutting down and abandoning module CommonMenuExtensions (256)
[2018.05.09-21.57.43:546][606]LogModuleManager: Shutting down and abandoning module MainFrame (254)
[2018.05.09-21.57.43:546][606]LogModuleManager: Shutting down and abandoning module HotReload (253)
[2018.05.09-21.57.43:546][606]LogModuleManager: Shutting down and abandoning module ContentBrowser (249)
[2018.05.09-21.57.43:547][606]LogModuleManager: Shutting down and abandoning module TreeMap (247)
[2018.05.09-21.57.43:547][606]LogModuleManager: Shutting down and abandoning module LightPropagationVolumeRuntime (244)
[2018.05.09-21.57.43:547][606]LogModuleManager: Shutting down and abandoning module LiveLinkEditor (242)
[2018.05.09-21.57.43:547][606]LogModuleManager: Shutting down and abandoning module LiveLink (240)
[2018.05.09-21.57.44:415][606]LogModuleManager: Shutting down and abandoning module Paper2D (238)
[2018.05.09-21.57.44:415][606]LogModuleManager: Shutting down and abandoning module WindowsMoviePlayer (236)
[2018.05.09-21.57.44:415][606]LogModuleManager: Shutting down and abandoning module WmfMedia (234)
[2018.05.09-21.57.44:419][606]LogModuleManager: Shutting down and abandoning module Media (233)
[2018.05.09-21.57.44:426][606]LogModuleManager: Shutting down and abandoning module PacketHandler (230)
[2018.05.09-21.57.44:426][606]LogModuleManager: Shutting down and abandoning module ClothingSystemEditor (228)
[2018.05.09-21.57.44:426][606]LogModuleManager: Shutting down and abandoning module ClothingSystemRuntime (226)
[2018.05.09-21.57.44:426][606]LogModuleManager: Shutting down and abandoning module MediaAssets (224)
[2018.05.09-21.57.44:426][606]LogModuleManager: Shutting down and abandoning module Overlay (222)
[2018.05.09-21.57.44:426][606]LogModuleManager: Shutting down and abandoning module OverlayEditor (221)
[2018.05.09-21.57.44:426][606]LogModuleManager: Shutting down and abandoning module VREditor (218)
[2018.05.09-21.57.44:426][606]LogModuleManager: Shutting down and abandoning module StringTableEditor (216)
[2018.05.09-21.57.44:426][606]LogModuleManager: Shutting down and abandoning module GameplayTasksEditor (214)
[2018.05.09-21.57.44:426][606]LogModuleManager: Shutting down and abandoning module BehaviorTreeEditor (212)
[2018.05.09-21.57.44:426][606]LogModuleManager: Shutting down and abandoning module FunctionalTesting (210)
[2018.05.09-21.57.44:426][606]LogModuleManager: Shutting down and abandoning module CollisionAnalyzer (208)
[2018.05.09-21.57.44:427][606]LogModuleManager: Shutting down and abandoning module WorkspaceMenuStructure (207)
[2018.05.09-21.57.44:427][606]LogModuleManager: Shutting down and abandoning module UMG (204)
[2018.05.09-21.57.44:427][606]LogModuleManager: Shutting down and abandoning module UMGEditor (203)
[2018.05.09-21.57.44:427][606]LogModuleManager: Shutting down and abandoning module Sequencer (202)
[2018.05.09-21.57.44:427][606]LogModuleManager: Shutting down and abandoning module MessageLog (199)
[2018.05.09-21.57.44:427][606]LogModuleManager: Shutting down and abandoning module SlateReflector (194)
[2018.05.09-21.57.44:427][606]LogModuleManager: Shutting down and abandoning module Slate (192)
[2018.05.09-21.57.44:427][606]LogModuleManager: Shutting down and abandoning module EditorStyle (190)
[2018.05.09-21.57.44:431][606]LogModuleManager: Shutting down and abandoning module MRMesh (188)
[2018.05.09-21.57.44:431][606]LogModuleManager: Shutting down and abandoning module SourceCodeAccess (186)
[2018.05.09-21.57.44:431][606]LogModuleManager: Shutting down and abandoning module HeadMountedDisplay (184)
[2018.05.09-21.57.44:431][606]LogModuleManager: Shutting down and abandoning module XAudio2 (182)
[2018.05.09-21.57.44:431][606]LogModuleManager: Shutting down and abandoning module Networking (180)
[2018.05.09-21.57.44:431][606]LogModuleManager: Shutting down and abandoning module Core (178)
[2018.05.09-21.57.44:431][606]LogModuleManager: Shutting down and abandoning module LevelSequence (176)
[2018.05.09-21.57.44:432][606]LogModuleManager: Shutting down and abandoning module KismetCompiler (174)
[2018.05.09-21.57.44:432][606]LogModuleManager: Shutting down and abandoning module MeshUtilities (172)
[2018.05.09-21.57.44:432][606]LogModuleManager: Shutting down and abandoning module MeshMergeUtilities (171)
[2018.05.09-21.57.44:432][606]LogModuleManager: Shutting down and abandoning module MeshReductionInterface (170)
[2018.05.09-21.57.44:432][606]LogModuleManager: Shutting down and abandoning module SimplygonSwarm (169)
[2018.05.09-21.57.44:432][606]LogModuleManager: Shutting down and abandoning module SimplygonMeshReduction (167)
[2018.05.09-21.57.44:432][606]LogModuleManager: Shutting down and abandoning module QuadricMeshReduction (165)
[2018.05.09-21.57.44:432][606]LogModuleManager: Shutting down and abandoning module MaterialBaking (161)
[2018.05.09-21.57.44:432][606]LogModuleManager: Shutting down and abandoning module DirectoryWatcher (157)
[2018.05.09-21.57.44:434][606]LogModuleManager: Shutting down and abandoning module DerivedDataCache (154)
[2018.05.09-21.57.44:494][606]LogDerivedDataCache: Shutdown
[2018.05.09-21.57.44:494][606]LogModuleManager: Shutting down and abandoning module XGEController (152)
[2018.05.09-21.57.44:494][606]LogModuleManager: Shutting down and abandoning module TargetPlatform (150)
[2018.05.09-21.57.44:494][606]LogModuleManager: Shutting down and abandoning module VulkanShaderFormat (149)
[2018.05.09-21.57.44:494][606]LogModuleManager: Shutting down and abandoning module ShaderFormatVectorVM (147)
[2018.05.09-21.57.44:494][606]LogModuleManager: Shutting down and abandoning module ShaderFormatOpenGL (145)
[2018.05.09-21.57.44:494][606]LogModuleManager: Shutting down and abandoning module ShaderFormatD3D (143)
[2018.05.09-21.57.44:494][606]LogModuleManager: Shutting down and abandoning module MetalShaderFormat (141)
[2018.05.09-21.57.44:495][606]LogModuleManager: Shutting down and abandoning module TextureFormatUncompressed (139)
[2018.05.09-21.57.44:495][606]LogModuleManager: Shutting down and abandoning module TextureFormatPVR (137)
[2018.05.09-21.57.44:495][606]LogModuleManager: Shutting down and abandoning module TextureFormatDXT (135)
[2018.05.09-21.57.44:495][606]LogModuleManager: Shutting down and abandoning module TextureFormatIntelISPCTexComp (133)
[2018.05.09-21.57.44:495][606]LogModuleManager: Shutting down and abandoning module TextureFormatASTC (131)
[2018.05.09-21.57.44:495][606]LogModuleManager: Shutting down and abandoning module ImageWrapper (130)
[2018.05.09-21.57.44:495][606]LogModuleManager: Shutting down and abandoning module TextureFormatAndroid (127)
[2018.05.09-21.57.44:495][606]LogModuleManager: Shutting down and abandoning module AudioFormatOpus (125)
[2018.05.09-21.57.44:495][606]LogModuleManager: Shutting down and abandoning module AudioFormatOgg (123)
[2018.05.09-21.57.44:495][606]LogModuleManager: Shutting down and abandoning module AudioFormatADPCM (121)
[2018.05.09-21.57.44:495][606]LogModuleManager: Shutting down and abandoning module LinuxTargetPlatform (119)
[2018.05.09-21.57.44:495][606]LogModuleManager: Shutting down and abandoning module LinuxServerTargetPlatform (117)
[2018.05.09-21.57.44:495][606]LogModuleManager: Shutting down and abandoning module LinuxNoEditorTargetPlatform (115)
[2018.05.09-21.57.44:495][606]LogModuleManager: Shutting down and abandoning module LinuxClientTargetPlatform (113)
[2018.05.09-21.57.44:496][606]LogModuleManager: Shutting down and abandoning module TVOSTargetPlatform (111)
[2018.05.09-21.57.44:496][606]LogModuleManager: Shutting down and abandoning module Messaging (109)
[2018.05.09-21.57.44:496][606]LogModuleManager: Shutting down and abandoning module IOSTargetPlatform (107)
[2018.05.09-21.57.44:496][606]LogModuleManager: Shutting down and abandoning module HTML5TargetPlatform (105)
[2018.05.09-21.57.44:496][606]LogModuleManager: Shutting down and abandoning module AndroidTargetPlatform (103)
[2018.05.09-21.57.44:496][606]LogModuleManager: Shutting down and abandoning module Android_PVRTCTargetPlatform (101)
[2018.05.09-21.57.44:496][606]LogModuleManager: Shutting down and abandoning module Android_MultiTargetPlatform (99)
[2018.05.09-21.57.44:496][606]LogModuleManager: Shutting down and abandoning module Android_ETC2TargetPlatform (97)
[2018.05.09-21.57.44:496][606]LogModuleManager: Shutting down and abandoning module Android_ETC1TargetPlatform (95)
[2018.05.09-21.57.44:496][606]LogModuleManager: Shutting down and abandoning module Android_ETC1aTargetPlatform (93)
[2018.05.09-21.57.44:496][606]LogModuleManager: Shutting down and abandoning module Android_DXTTargetPlatform (91)
[2018.05.09-21.57.44:496][606]LogModuleManager: Shutting down and abandoning module Android_ATCTargetPlatform (89)
[2018.05.09-21.57.44:496][606]LogModuleManager: Shutting down and abandoning module Android_ASTCTargetPlatform (87)
[2018.05.09-21.57.44:496][606]LogModuleManager: Shutting down and abandoning module WindowsTargetPlatform (85)
[2018.05.09-21.57.44:496][606]LogModuleManager: Shutting down and abandoning module WindowsServerTargetPlatform (83)
[2018.05.09-21.57.44:496][606]LogModuleManager: Shutting down and abandoning module WindowsNoEditorTargetPlatform (81)
[2018.05.09-21.57.44:496][606]LogModuleManager: Shutting down and abandoning module WindowsClientTargetPlatform (79)
[2018.05.09-21.57.44:497][606]LogModuleManager: Shutting down and abandoning module MacTargetPlatform (77)
[2018.05.09-21.57.44:497][606]LogModuleManager: Shutting down and abandoning module MacServerTargetPlatform (75)
[2018.05.09-21.57.44:497][606]LogModuleManager: Shutting down and abandoning module MacNoEditorTargetPlatform (73)
[2018.05.09-21.57.44:497][606]LogModuleManager: Shutting down and abandoning module MacClientTargetPlatform (71)
[2018.05.09-21.57.44:497][606]LogModuleManager: Shutting down and abandoning module AllDesktopTargetPlatform (69)
[2018.05.09-21.57.44:497][606]LogModuleManager: Shutting down and abandoning module InputCore (66)
[2018.05.09-21.57.44:497][606]LogModuleManager: Shutting down and abandoning module Settings (64)
[2018.05.09-21.57.44:497][606]LogModuleManager: Shutting down and abandoning module PhysXCooking (62)
[2018.05.09-21.57.44:497][606]LogModuleManager: Shutting down and abandoning module SteamVR (60)
[2018.05.09-21.57.44:497][606]LogModuleManager: Shutting down and abandoning module OculusHMD (58)
[2018.05.09-21.57.44:497][606]LogModuleManager: Shutting down and abandoning module ExampleDeviceProfileSelector (56)
[2018.05.09-21.57.44:497][606]LogModuleManager: Shutting down and abandoning module AppleARKit (54)
[2018.05.09-21.57.44:497][606]LogModuleManager: Shutting down and abandoning module AugmentedReality (51)
[2018.05.09-21.57.44:497][606]LogModuleManager: Shutting down and abandoning module OnlineBlueprintSupport (48)
[2018.05.09-21.57.44:497][606]LogModuleManager: Shutting down and abandoning module OnlineSubsystem (44)
[2018.05.09-21.57.44:498][606]LogModuleManager: Shutting down and abandoning module XMPP (43)
[2018.05.09-21.57.44:498][606]LogModuleManager: Shutting down and abandoning module HTTP (41)
[2018.05.09-21.57.44:498][606]LogHttp: Display: Http module shutting down, but needs to wait on 2 outstanding Http requests:
[2018.05.09-21.57.44:498][606]LogHttp: Display: 	verb=[POST] url=[https://datarouter.ol.epicgames.com/datarouter/api/v1/public/data?SessionID=%7B956D9CB7-483A-362D-9072-55834FE6E50B%7D&AppID=UEEditor.Rocket.Release&AppVersion=4.19.2-4033788%2B%2B%2BUE4%2BRelease-4.19&UserID=453094ea448c6ce9ddea0d993876b92d%7Ca3cbe5661c454bb4a082ec41ce73bf73%7Cc0d59f40-b27e-4a6a-9587-c49865568328&AppEnvironment=datacollector-binary&UploadType=eteventstream] status=Processing
[2018.05.09-21.57.44:498][606]LogHttp: Display: 	verb=[POST] url=[https://datarouter.ol.epicgames.com/datarouter/api/v1/public/data?SessionID=%7B956D9CB7-483A-362D-9072-55834FE6E50B%7D&AppID=UEEditor.Rocket.Release&AppVersion=4.19.2-4033788%2B%2B%2BUE4%2BRelease-4.19&UserID=453094ea448c6ce9ddea0d993876b92d%7Ca3cbe5661c454bb4a082ec41ce73bf73%7Cc0d59f40-b27e-4a6a-9587-c49865568328&AppEnvironment=datacollector-binary&UploadType=eteventstream] status=Processing
[2018.05.09-21.57.44:519][606]LogModuleManager: Shutting down and abandoning module SSL (40)
[2018.05.09-21.57.44:520][606]LogModuleManager: Shutting down and abandoning module AnimationModifiers (36)
[2018.05.09-21.57.44:520][606]LogModuleManager: Shutting down and abandoning module PropertyEditor (35)
[2018.05.09-21.57.44:521][606]LogModuleManager: Shutting down and abandoning module AudioEditor (32)
[2018.05.09-21.57.44:521][606]LogModuleManager: Shutting down and abandoning module TextureCompressor (30)
[2018.05.09-21.57.44:521][606]LogModuleManager: Shutting down and abandoning module ShaderCore (28)
[2018.05.09-21.57.44:521][606]LogModuleManager: Shutting down and abandoning module Landscape (26)
[2018.05.09-21.57.44:521][606]LogModuleManager: Shutting down and abandoning module SlateRHIRenderer (24)
[2018.05.09-21.57.44:522][606]LogModuleManager: Shutting down and abandoning module OpenGLDrv (22)
[2018.05.09-21.57.44:522][606]LogModuleManager: Shutting down and abandoning module D3D11RHI (20)
[2018.05.09-21.57.44:522][606]LogModuleManager: Shutting down and abandoning module AnimGraphRuntime (18)
[2018.05.09-21.57.44:522][606]LogModuleManager: Shutting down and abandoning module Renderer (16)
[2018.05.09-21.57.44:522][606]LogModuleManager: Shutting down and abandoning module Engine (14)
[2018.05.09-21.57.44:522][606]LogModuleManager: Shutting down and abandoning module CoreUObject (12)
[2018.05.09-21.57.44:522][606]LogModuleManager: Shutting down and abandoning module NetworkFile (10)
[2018.05.09-21.57.44:522][606]LogModuleManager: Shutting down and abandoning module CookedIterativeFile (8)
[2018.05.09-21.57.44:522][606]LogModuleManager: Shutting down and abandoning module StreamingFile (6)
[2018.05.09-21.57.44:522][606]LogModuleManager: Shutting down and abandoning module SandboxFile (4)
[2018.05.09-21.57.44:522][606]LogModuleManager: Shutting down and abandoning module PakFile (2)
[2018.05.09-21.57.44:530][606]LogExit: Exiting.
[2018.05.09-21.57.44:545][606]Log file closed, 05/09/18 17:57:44
