Log file open, 05/09/18 17:27:56
LogWindows: Failed to load 'aqProf.dll' (GetLastError=126)
LogWindows: File 'aqProf.dll' does not exist
LogWindows: Failed to load 'VtuneApi.dll' (GetLastError=126)
LogWindows: File 'VtuneApi.dll' does not exist
LogWindows: Failed to load 'VtuneApi32e.dll' (GetLastError=126)
LogWindows: File 'VtuneApi32e.dll' does not exist
LogInit: Display: Running engine for game: Hour_09
LogPlatformFile: Not using cached read wrapper
LogInit: Display: RandInit(785136853) SRandInit(785136853).
LogInit: Read version file with build ID '3944462'
LogInit: Overriding engine version to CL 4033788, compatible CL 3944462
LogInit: Registered custom module enumerator with build ID '3944462'
LogTaskGraph: Started task graph with 5 named threads and 23 total threads with 3 sets of task threads.
LogStats: Stats thread started at 0.283701
LogD3D11RHI: Aftermath initialized
LogICUInternationalization: Display: ICU TimeZone Detection - Raw Offset: -5:00, Platform Override: ''
LogModuleManager: Display: Found up-to-date module file ../../../Engine/Plugins/2D/Paper2D/Binaries/Win64/UE4Editor-Paper2D.dll (API version 3944462).
LogModuleManager: Display: Found up-to-date module file ../../../Engine/Plugins/2D/Paper2D/Binaries/Win64/UE4Editor-Paper2DEditor.dll (API version 3944462).
LogModuleManager: Display: Found up-to-date module file ../../../Engine/Plugins/2D/Paper2D/Binaries/Win64/UE4Editor-PaperSpriteSheetImporter.dll (API version 3944462).
LogModuleManager: Display: Found up-to-date module file ../../../Engine/Plugins/2D/Paper2D/Binaries/Win64/UE4Editor-PaperTiledImporter.dll (API version 3944462).
LogModuleManager: Display: Found up-to-date module file ../../../Engine/Plugins/2D/Paper2D/Binaries/Win64/UE4Editor-SmartSnapping.dll (API version 3944462).
LogModuleManager: Display: Found up-to-date module file ../../../Engine/Plugins/Blendables/LightPropagationVolume/Binaries/Win64/UE4Editor-LightPropagationVolumeRuntime.dll (API version 3944462).
LogModuleManager: Display: Found up-to-date module file ../../../Engine/Plugins/Blendables/LightPropagationVolume/Binaries/Win64/UE4Editor-LightPropagationVolumeEditor.dll (API version 3944462).
LogModuleManager: Display: Found up-to-date module file ../../../Engine/Plugins/Developer/CLionSourceCodeAccess/Binaries/Win64/UE4Editor-CLionSourceCodeAccess.dll (API version 3944462).
LogModuleManager: Display: Found up-to-date module file ../../../Engine/Plugins/Developer/GitSourceControl/Binaries/Win64/UE4Editor-GitSourceControl.dll (API version 3944462).
LogModuleManager: Display: Found up-to-date module file ../../../Engine/Plugins/Developer/PerforceSourceControl/Binaries/Win64/UE4Editor-PerforceSourceControl.dll (API version 3944462).
LogModuleManager: Display: Found up-to-date module file ../../../Engine/Plugins/Developer/SubversionSourceControl/Binaries/Win64/UE4Editor-SubversionSourceControl.dll (API version 3944462).
LogModuleManager: Display: Found up-to-date module file ../../../Engine/Plugins/Developer/UObjectPlugin/Binaries/Win64/UE4Editor-UObjectPlugin.dll (API version 3944462).
LogModuleManager: Display: Found up-to-date module file ../../../Engine/Plugins/Developer/VisualStudioCodeSourceCodeAccess/Binaries/Win64/UE4Editor-VisualStudioCodeSourceCodeAccess.dll (API version 3944462).
LogModuleManager: Display: Found up-to-date module file ../../../Engine/Plugins/Developer/VisualStudioSourceCodeAccess/Binaries/Win64/UE4Editor-VisualStudioSourceCodeAccess.dll (API version 3944462).
LogModuleManager: Display: Found up-to-date module file ../../../Engine/Plugins/Editor/AssetManagerEditor/Binaries/Win64/UE4Editor-AssetManagerEditor.dll (API version 3944462).
LogModuleManager: Display: Found up-to-date module file ../../../Engine/Plugins/Editor/CryptoKeys/Binaries/Win64/UE4Editor-CryptoKeys.dll (API version 3944462).
LogModuleManager: Display: Found up-to-date module file ../../../Engine/Plugins/Editor/CryptoKeys/Binaries/Win64/UE4Editor-CryptoKeysOpenSSL.dll (API version 3944462).
LogModuleManager: Display: Found up-to-date module file ../../../Engine/Plugins/Editor/DataValidation/Binaries/Win64/UE4Editor-DataValidation.dll (API version 3944462).
LogModuleManager: Display: Found up-to-date module file ../../../Engine/Plugins/Editor/FacialAnimation/Binaries/Win64/UE4Editor-FacialAnimation.dll (API version 3944462).
LogModuleManager: Display: Found up-to-date module file ../../../Engine/Plugins/Editor/FacialAnimation/Binaries/Win64/UE4Editor-FacialAnimationEditor.dll (API version 3944462).
LogModuleManager: Display: Found up-to-date module file ../../../Engine/Plugins/Editor/GameplayTagsEditor/Binaries/Win64/UE4Editor-GameplayTagsEditor.dll (API version 3944462).
LogModuleManager: Display: Found up-to-date module file ../../../Engine/Plugins/Editor/MobileLauncherProfileWizard/Binaries/Win64/UE4Editor-MobileLauncherProfileWizard.dll (API version 3944462).
LogModuleManager: Display: Found up-to-date module file ../../../Engine/Plugins/Editor/PluginBrowser/Binaries/Win64/UE4Editor-PluginBrowser.dll (API version 3944462).
LogModuleManager: Display: Found up-to-date module file ../../../Engine/Plugins/Editor/SpeedTreeImporter/Binaries/Win64/UE4Editor-SpeedTreeImporter.dll (API version 3944462).
LogModuleManager: Display: Found up-to-date module file ../../../Engine/Plugins/Enterprise/DatasmithContent/Binaries/Win64/UE4Editor-DatasmithContent.dll (API version 3944462).
LogModuleManager: Display: Found up-to-date module file ../../../Engine/Plugins/Experimental/AlembicImporter/Binaries/Win64/UE4Editor-AlembicImporter.dll (API version 3944462).
LogModuleManager: Display: Found up-to-date module file ../../../Engine/Plugins/Experimental/AlembicImporter/Binaries/Win64/UE4Editor-AlembicLibrary.dll (API version 3944462).
LogModuleManager: Display: Found up-to-date module file ../../../Engine/Plugins/Experimental/CharacterAI/Binaries/Win64/UE4Editor-CharacterAI.dll (API version 3944462).
LogModuleManager: Display: Found up-to-date module file ../../../Engine/Plugins/Experimental/HTML5Networking/Binaries/Win64/UE4Editor-HTML5Networking.dll (API version 3944462).
LogModuleManager: Display: Found up-to-date module file ../../../Engine/Plugins/Media/AndroidMedia/Binaries/Win64/UE4Editor-AndroidMediaEditor.dll (API version 3944462).
LogModuleManager: Display: Found up-to-date module file ../../../Engine/Plugins/Media/AndroidMedia/Binaries/Win64/UE4Editor-AndroidMediaFactory.dll (API version 3944462).
LogModuleManager: Display: Found up-to-date module file ../../../Engine/Plugins/Media/AvfMedia/Binaries/Win64/UE4Editor-AvfMediaEditor.dll (API version 3944462).
LogModuleManager: Display: Found up-to-date module file ../../../Engine/Plugins/Media/AvfMedia/Binaries/Win64/UE4Editor-AvfMediaFactory.dll (API version 3944462).
LogModuleManager: Display: Found up-to-date module file ../../../Engine/Plugins/Media/AvfMedia/Binaries/Win64/UE4Editor-AvfMediaFactory.dll (API version 3944462).
LogModuleManager: Display: Found up-to-date module file ../../../Engine/Plugins/Media/ImgMedia/Binaries/Win64/UE4Editor-ImgMedia.dll (API version 3944462).
LogModuleManager: Display: Found up-to-date module file ../../../Engine/Plugins/Media/ImgMedia/Binaries/Win64/UE4Editor-ImgMediaEditor.dll (API version 3944462).
LogModuleManager: Display: Found up-to-date module file ../../../Engine/Plugins/Media/ImgMedia/Binaries/Win64/UE4Editor-ImgMediaFactory.dll (API version 3944462).
LogModuleManager: Display: Found up-to-date module file ../../../Engine/Plugins/Media/ImgMedia/Binaries/Win64/UE4Editor-ImgMediaFactory.dll (API version 3944462).
LogModuleManager: Display: Found up-to-date module file ../../../Engine/Plugins/Media/ImgMedia/Binaries/Win64/UE4Editor-OpenExrWrapper.dll (API version 3944462).
LogModuleManager: Display: Found up-to-date module file ../../../Engine/Plugins/Media/LinearTimecode/Binaries/Win64/UE4Editor-LinearTimecode.dll (API version 3944462).
LogModuleManager: Display: Found up-to-date module file ../../../Engine/Plugins/Media/MediaCompositing/Binaries/Win64/UE4Editor-MediaCompositing.dll (API version 3944462).
LogModuleManager: Display: Found up-to-date module file ../../../Engine/Plugins/Media/MediaCompositing/Binaries/Win64/UE4Editor-MediaCompositingEditor.dll (API version 3944462).
LogModuleManager: Display: Found up-to-date module file ../../../Engine/Plugins/Media/MediaPlayerEditor/Binaries/Win64/UE4Editor-MediaPlayerEditor.dll (API version 3944462).
LogModuleManager: Display: Found up-to-date module file ../../../Engine/Plugins/Media/WmfMedia/Binaries/Win64/UE4Editor-WmfMedia.dll (API version 3944462).
LogModuleManager: Display: Found up-to-date module file ../../../Engine/Plugins/Media/WmfMedia/Binaries/Win64/UE4Editor-WmfMediaEditor.dll (API version 3944462).
LogModuleManager: Display: Found up-to-date module file ../../../Engine/Plugins/Media/WmfMedia/Binaries/Win64/UE4Editor-WmfMediaFactory.dll (API version 3944462).
LogModuleManager: Display: Found up-to-date module file ../../../Engine/Plugins/Media/WmfMedia/Binaries/Win64/UE4Editor-WmfMediaFactory.dll (API version 3944462).
LogModuleManager: Display: Found up-to-date module file ../../../Engine/Plugins/Messaging/TcpMessaging/Binaries/Win64/UE4Editor-TcpMessaging.dll (API version 3944462).
LogModuleManager: Display: Found up-to-date module file ../../../Engine/Plugins/Messaging/UdpMessaging/Binaries/Win64/UE4Editor-UdpMessaging.dll (API version 3944462).
LogModuleManager: Display: Found up-to-date module file ../../../Engine/Plugins/MovieScene/ActorSequence/Binaries/Win64/UE4Editor-ActorSequence.dll (API version 3944462).
LogModuleManager: Display: Found up-to-date module file ../../../Engine/Plugins/MovieScene/LevelSequenceEditor/Binaries/Win64/UE4Editor-LevelSequenceEditor.dll (API version 3944462).
LogModuleManager: Display: Found up-to-date module file ../../../Engine/Plugins/MovieScene/MatineeToLevelSequence/Binaries/Win64/UE4Editor-MatineeToLevelSequence.dll (API version 3944462).
LogModuleManager: Display: Found up-to-date module file ../../../Engine/Plugins/NetcodeUnitTest/NetcodeUnitTest/Binaries/Win64/UE4Editor-NetcodeUnitTest.dll (API version 3944462).
LogModuleManager: Display: Found up-to-date module file ../../../Engine/Plugins/NetcodeUnitTest/NUTUnrealEngine4/Binaries/Win64/UE4Editor-NUTUnrealEngine4.dll (API version 3944462).
LogModuleManager: Display: Found up-to-date module file ../../../Engine/Plugins/Online/OnlineSubsystem/Binaries/Win64/UE4Editor-OnlineSubsystem.dll (API version 3944462).
LogModuleManager: Display: Found up-to-date module file ../../../Engine/Plugins/Runtime/AndroidPermission/Binaries/Win64/UE4Editor-AndroidPermission.dll (API version 3944462).
LogModuleManager: Display: Found up-to-date module file ../../../Engine/Plugins/Online/OnlineSubsystemNull/Binaries/Win64/UE4Editor-OnlineSubsystemNull.dll (API version 3944462).
LogModuleManager: Display: Found up-to-date module file ../../../Engine/Plugins/Online/OnlineSubsystemUtils/Binaries/Win64/UE4Editor-OnlineSubsystemUtils.dll (API version 3944462).
LogModuleManager: Display: Found up-to-date module file ../../../Engine/Plugins/Online/OnlineSubsystemUtils/Binaries/Win64/UE4Editor-OnlineBlueprintSupport.dll (API version 3944462).
LogModuleManager: Display: Found up-to-date module file ../../../Engine/Plugins/Runtime/AndroidDeviceProfileSelector/Binaries/Win64/UE4Editor-AndroidDeviceProfileSelector.dll (API version 3944462).
LogModuleManager: Display: Found up-to-date module file ../../../Engine/Plugins/Runtime/AppleARKit/Binaries/Win64/UE4Editor-AppleARKit.dll (API version 3944462).
LogModuleManager: Display: Found up-to-date module file ../../../Engine/Plugins/Runtime/ProceduralMeshComponent/Binaries/Win64/UE4Editor-ProceduralMeshComponent.dll (API version 3944462).
LogModuleManager: Display: Found up-to-date module file ../../../Engine/Plugins/Runtime/ProceduralMeshComponent/Binaries/Win64/UE4Editor-ProceduralMeshComponentEditor.dll (API version 3944462).
LogModuleManager: Display: Found up-to-date module file ../../../Engine/Plugins/Animation/LiveLink/Binaries/Win64/UE4Editor-LiveLink.dll (API version 3944462).
LogModuleManager: Display: Found up-to-date module file ../../../Engine/Plugins/Animation/LiveLink/Binaries/Win64/UE4Editor-LiveLinkEditor.dll (API version 3944462).
LogModuleManager: Display: Found up-to-date module file ../../../Engine/Plugins/Runtime/ArchVisCharacter/Binaries/Win64/UE4Editor-ArchVisCharacter.dll (API version 3944462).
LogModuleManager: Display: Found up-to-date module file ../../../Engine/Plugins/Runtime/AudioCapture/Binaries/Win64/UE4Editor-AudioCapture.dll (API version 3944462).
LogModuleManager: Display: Found up-to-date module file ../../../Engine/Plugins/Runtime/AudioCapture/Binaries/Win64/UE4Editor-AudioCaptureEditor.dll (API version 3944462).
LogModuleManager: Display: Found up-to-date module file ../../../Engine/Plugins/Runtime/CableComponent/Binaries/Win64/UE4Editor-CableComponent.dll (API version 3944462).
LogModuleManager: Display: Found up-to-date module file ../../../Engine/Plugins/Runtime/CustomMeshComponent/Binaries/Win64/UE4Editor-CustomMeshComponent.dll (API version 3944462).
LogModuleManager: Display: Found up-to-date module file ../../../Engine/Plugins/Runtime/ExampleDeviceProfileSelector/Binaries/Win64/UE4Editor-ExampleDeviceProfileSelector.dll (API version 3944462).
LogModuleManager: Display: Found up-to-date module file ../../../Engine/Plugins/Runtime/ImmediatePhysics/Binaries/Win64/UE4Editor-ImmediatePhysics.dll (API version 3944462).
LogModuleManager: Display: Found up-to-date module file ../../../Engine/Plugins/Runtime/ImmediatePhysics/Binaries/Win64/UE4Editor-ImmediatePhysicsEditor.dll (API version 3944462).
LogModuleManager: Display: Found up-to-date module file ../../../Engine/Plugins/Runtime/LocationServicesBPLibrary/Binaries/Win64/UE4Editor-LocationServicesBPLibrary.dll (API version 3944462).
LogModuleManager: Display: Found up-to-date module file ../../../Engine/Plugins/Runtime/MobilePatchingUtils/Binaries/Win64/UE4Editor-MobilePatchingUtils.dll (API version 3944462).
LogModuleManager: Display: Found up-to-date module file ../../../Engine/Plugins/Runtime/Oculus/OculusVR/Binaries/Win64/UE4Editor-OculusHMD.dll (API version 3944462).
LogModuleManager: Display: Found up-to-date module file ../../../Engine/Plugins/Runtime/Oculus/OculusVR/Binaries/Win64/UE4Editor-OculusInput.dll (API version 3944462).
LogModuleManager: Display: Found up-to-date module file ../../../Engine/Plugins/Runtime/Oculus/OculusVR/Binaries/Win64/UE4Editor-OculusEditor.dll (API version 3944462).
LogModuleManager: Display: Found up-to-date module file ../../../Engine/Plugins/Runtime/PhysXVehicles/Binaries/Win64/UE4Editor-PhysXVehicles.dll (API version 3944462).
LogModuleManager: Display: Found up-to-date module file ../../../Engine/Plugins/Runtime/PhysXVehicles/Binaries/Win64/UE4Editor-PhysXVehiclesEditor.dll (API version 3944462).
LogModuleManager: Display: Found up-to-date module file ../../../Engine/Plugins/Runtime/RuntimePhysXCooking/Binaries/Win64/UE4Editor-RuntimePhysXCooking.dll (API version 3944462).
LogModuleManager: Display: Found up-to-date module file ../../../Engine/Plugins/Runtime/Steam/SteamVR/Binaries/Win64/UE4Editor-SteamVR.dll (API version 3944462).
LogModuleManager: Display: Found up-to-date module file ../../../Engine/Plugins/Runtime/Steam/SteamVR/Binaries/Win64/UE4Editor-SteamVRController.dll (API version 3944462).
LogModuleManager: Display: Found up-to-date module file ../../../Engine/Plugins/Runtime/WindowsMoviePlayer/Binaries/Win64/UE4Editor-WindowsMoviePlayer.dll (API version 3944462).
LogPluginManager: Mounting plugin Paper2D
LogPluginManager: Mounting plugin LiveLink
LogPluginManager: Mounting plugin LightPropagationVolume
LogPluginManager: Mounting plugin CLionSourceCodeAccess
LogPluginManager: Mounting plugin CodeLiteSourceCodeAccess
LogPluginManager: Mounting plugin GitSourceControl
LogPluginManager: Mounting plugin KDevelopSourceCodeAccess
LogPluginManager: Mounting plugin NullSourceCodeAccess
LogPluginManager: Mounting plugin PerforceSourceControl
LogPluginManager: Mounting plugin SubversionSourceControl
LogPluginManager: Mounting plugin UObjectPlugin
LogPluginManager: Mounting plugin VisualStudioCodeSourceCodeAccess
LogPluginManager: Mounting plugin VisualStudioSourceCodeAccess
LogPluginManager: Mounting plugin XCodeSourceCodeAccess
LogPluginManager: Mounting plugin AssetManagerEditor
LogPluginManager: Mounting plugin CryptoKeys
LogPluginManager: Mounting plugin DataValidation
LogPluginManager: Mounting plugin FacialAnimation
LogPluginManager: Mounting plugin GameplayTagsEditor
LogPluginManager: Mounting plugin MobileLauncherProfileWizard
LogPluginManager: Mounting plugin PluginBrowser
LogPluginManager: Mounting plugin SpeedTreeImporter
LogPluginManager: Mounting plugin DatasmithContent
LogPluginManager: Mounting plugin AlembicImporter
LogPluginManager: Mounting plugin CharacterAI
LogPluginManager: Mounting plugin HTML5Networking
LogPluginManager: Mounting plugin AndroidMedia
LogPluginManager: Mounting plugin AvfMedia
LogPluginManager: Mounting plugin ImgMedia
LogPluginManager: Mounting plugin LinearTimecode
LogPluginManager: Mounting plugin MediaCompositing
LogPluginManager: Mounting plugin MediaPlayerEditor
LogPluginManager: Mounting plugin WmfMedia
LogPluginManager: Mounting plugin TcpMessaging
LogPluginManager: Mounting plugin UdpMessaging
LogPluginManager: Mounting plugin ActorSequence
LogPluginManager: Mounting plugin LevelSequenceEditor
LogPluginManager: Mounting plugin MatineeToLevelSequence
LogPluginManager: Mounting plugin NetcodeUnitTest
LogPluginManager: Mounting plugin NUTUnrealEngine4
LogPluginManager: Mounting plugin OnlineSubsystemGooglePlay
LogPluginManager: Mounting plugin OnlineSubsystemIOS
LogPluginManager: Mounting plugin OnlineSubsystem
LogPluginManager: Mounting plugin OnlineSubsystemNull
LogPluginManager: Mounting plugin OnlineSubsystemUtils
LogPluginManager: Mounting plugin AndroidDeviceProfileSelector
LogPluginManager: Mounting plugin AndroidMoviePlayer
LogPluginManager: Mounting plugin AndroidPermission
LogPluginManager: Mounting plugin AppleARKit
LogPluginManager: Mounting plugin AppleMoviePlayer
LogPluginManager: Mounting plugin ArchVisCharacter
LogPluginManager: Mounting plugin AudioCapture
LogPluginManager: Mounting plugin CableComponent
LogPluginManager: Mounting plugin CustomMeshComponent
LogPluginManager: Mounting plugin ExampleDeviceProfileSelector
LogPluginManager: Mounting plugin GoogleCloudMessaging
LogPluginManager: Mounting plugin ImmediatePhysics
LogPluginManager: Mounting plugin IOSDeviceProfileSelector
LogPluginManager: Mounting plugin LinuxDeviceProfileSelector
LogPluginManager: Mounting plugin LocationServicesBPLibrary
LogPluginManager: Mounting plugin MobilePatchingUtils
LogPluginManager: Mounting plugin OculusVR
LogPluginManager: Plugin shader directory ../../../Engine/Plugins/Runtime/Oculus/OculusVR/Shaders found
LogPluginManager: Mapping shader source directory ../../../Engine/Plugins/Runtime/Oculus/OculusVR/Shaders to virtual directory /Plugin/OculusVR
LogPluginManager: Mounting plugin PhysXVehicles
LogPluginManager: Mounting plugin ProceduralMeshComponent
LogPluginManager: Mounting plugin RuntimePhysXCooking
LogPluginManager: Mounting plugin SteamVR
LogPluginManager: Mounting plugin WindowsMoviePlayer
LogStreaming: Display: Took  0.807s to configure plugins.
LogInit: Using libcurl 7.47.1
LogInit:  - built for x86_64-pc-win32
LogInit:  - supports SSL with OpenSSL/1.0.2g
LogInit:  - supports HTTP deflate (compression) using libz 1.2.8
LogInit:  - other features:
LogInit:      CURL_VERSION_SSL
LogInit:      CURL_VERSION_LIBZ
LogInit:      CURL_VERSION_IPV6
LogInit:      CURL_VERSION_ASYNCHDNS
LogInit:      CURL_VERSION_LARGEFILE
LogInit:      CURL_VERSION_IDN
LogInit:  CurlRequestOptions (configurable via config and command line):
LogInit:  - bVerifyPeer = false  - Libcurl will NOT verify peer certificate
LogInit:  - bUseHttpProxy = false  - Libcurl will NOT use HTTP proxy
LogInit:  - bDontReuseConnections = false  - Libcurl will reuse connections
LogInit:  - CertBundlePath = nullptr  - Libcurl will use whatever was configured at build time.
LogInit:  - MaxHostConnections = 16  - Libcurl will limit the number of connections to a host
LogInit:  - LocalHostAddr = Default
LogInit: WinSock: version 1.1 (2.2), MaxSocks=32767, MaxUdp=65467
LogInit: WinSock: I am monster (10.0.1.31:0)
LogInit: Build: ++UE4+Release-4.19-CL-4033788
LogInit: Engine Version: 4.19.2-4033788+++UE4+Release-4.19
LogInit: Compatible Engine Version: 4.19.0-3944462+++UE4+Release-4.19
LogInit: Net CL: 3944462
LogDevObjectVersion: Number of dev versions registered: 18
LogDevObjectVersion:   Dev-Blueprints (B0D832E4-1F89-4F0D-ACCF-7EB736FD4AA2): 10
LogDevObjectVersion:   Dev-Build (E1C64328-A22C-4D53-A36C-8E866417BD8C): 0
LogDevObjectVersion:   Dev-Core (375EC13C-06E4-48FB-B500-84F0262A717E): 2
LogDevObjectVersion:   Dev-Editor (E4B068ED-F494-42E9-A231-DA0B2E46BB41): 23
LogDevObjectVersion:   Dev-Framework (CFFC743F-43B0-4480-9391-14DF171D2073): 33
LogDevObjectVersion:   Dev-Mobile (B02B49B5-BB20-44E9-A304-32B752E40360): 2
LogDevObjectVersion:   Dev-Networking (A4E4105C-59A1-49B5-A7C5-40C4547EDFEE): 0
LogDevObjectVersion:   Dev-Online (39C831C9-5AE6-47DC-9A44-9C173E1C8E7C): 0
LogDevObjectVersion:   Dev-Physics (78F01B33-EBEA-4F98-B9B4-84EACCB95AA2): 0
LogDevObjectVersion:   Dev-Platform (6631380F-2D4D-43E0-8009-CF276956A95A): 0
LogDevObjectVersion:   Dev-Rendering (12F88B9F-8875-4AFC-A67C-D90C383ABD29): 25
LogDevObjectVersion:   Dev-Sequencer (7B5AE74C-D270-4C10-A958-57980B212A5A): 6
LogDevObjectVersion:   Dev-VR (D7296918-1DD6-4BDD-9DE2-64A83CC13884): 1
LogDevObjectVersion:   Dev-LoadTimes (C2A15278-BFE7-4AFE-6C17-90FF531DF755): 1
LogDevObjectVersion:   Private-Geometry (6EACA3D4-40EC-4CC1-B786-8BED09428FC5): 2
LogDevObjectVersion:   Dev-AnimPhys (29E575DD-E0A3-4627-9D10-D276232CDCEA): 16
LogDevObjectVersion:   Dev-ReflectionCapture (6B266CEC-1EC7-4B8F-A30B-E4D90942FC07): 1
LogDevObjectVersion:   Dev-Automation (0DF73D61-A23F-47EA-B727-89E90C41499A): 1
LogInit: Compiled (64-bit): Apr 27 2018 02:06:57
LogInit: Compiled with Visual C++: 19.00.24215.01
LogInit: Build Configuration: Development
LogInit: Branch Name: ++UE4+Release-4.19
LogInit: Command Line: -EpicPortal 
LogInit: Base Directory: D:/UE_4.19/Engine/Binaries/Win64/
LogInit: Installed Engine Build: 1
LogStreaming: Display: Took  0.000s to delete old logs.
LogInit: Presizing for max 8388607 objects, including 0 objects not considered by GC, pre-allocating 0 bytes for permanent pool.
LogInit: Object subsystem initialized
[2018.05.09-21.27.57:233][  0]LogInit: Selected Device Profile: [Windows]
[2018.05.09-21.27.57:233][  0]LogInit: Applying CVar settings loaded from the selected device profile: [Windows]
[2018.05.09-21.27.57:252][  0]LogInit: Computer: MONSTER
[2018.05.09-21.27.57:252][  0]LogInit: User: acookson
[2018.05.09-21.27.57:252][  0]LogInit: CPU Page size=4096, Cores=4
[2018.05.09-21.27.57:252][  0]LogInit: High frequency timer resolution =3.517828 MHz
[2018.05.09-21.27.57:253][  0]LogMemory: Memory total: Physical=15.9GB (16GB approx)
[2018.05.09-21.27.57:253][  0]LogMemory: Platform Memory Stats for Windows
[2018.05.09-21.27.57:253][  0]LogMemory: Process Physical Memory: 277.21 MB used, 277.21 MB peak
[2018.05.09-21.27.57:253][  0]LogMemory: Process Virtual Memory: 264.94 MB used, 264.94 MB peak
[2018.05.09-21.27.57:253][  0]LogMemory: Physical Memory: 6127.15 MB used,  10198.60 MB free, 16325.75 MB total
[2018.05.09-21.27.57:253][  0]LogMemory: Virtual Memory: 698.35 MB used,  10198.60 MB free, 134217728.00 MB total
[2018.05.09-21.27.57:269][  0]LogInit: Using OS detected language (en-US).
[2018.05.09-21.27.57:269][  0]LogInit: Using OS detected locale (en-US).
[2018.05.09-21.27.57:272][  0]LogTextLocalizationManager: No specific localization for 'en-US' exists, so the 'en' localization will be used.
[2018.05.09-21.27.57:706][  0]LogStreaming: Display: Took  0.437s to EndInitTextLocalization.
[2018.05.09-21.27.57:706][  0]LogInit: Setting process to per monitor DPI aware
[2018.05.09-21.27.57:764][  0]LogSlate: New Slate User Created.  User Index 0, Is Virtual User: 0
[2018.05.09-21.27.57:764][  0]LogSlate: Slate User Registered.  User Index 0, Is Virtual User: 0
[2018.05.09-21.27.58:006][  0]LogD3D11RHI: D3D11 adapters:
[2018.05.09-21.27.58:066][  0]LogD3D11RHI:    0. 'NVIDIA GeForce GTX 1070' (Feature Level 11_0)
[2018.05.09-21.27.58:066][  0]LogD3D11RHI:       8088/0/8162 MB DedicatedVideo/DedicatedSystem/SharedSystem, Outputs:2, VendorId:0x10de
[2018.05.09-21.27.58:069][  0]LogD3D11RHI:    1. 'Microsoft Basic Render Driver' (Feature Level 11_0)
[2018.05.09-21.27.58:069][  0]LogD3D11RHI:       0/0/8162 MB DedicatedVideo/DedicatedSystem/SharedSystem, Outputs:0, VendorId:0x1414
[2018.05.09-21.27.58:069][  0]LogD3D11RHI: Chosen D3D11 Adapter: 0
[2018.05.09-21.27.58:086][  0]LogD3D11RHI: Creating new Direct3DDevice
[2018.05.09-21.27.58:086][  0]LogD3D11RHI:     GPU DeviceId: 0x1b81 (for the marketing name, search the web for "GPU Device Id")
[2018.05.09-21.27.58:086][  0]LogWindows: EnumDisplayDevices:
[2018.05.09-21.27.58:086][  0]LogWindows:    0. 'NVIDIA GeForce GTX 1070' (P:1 D:1)
[2018.05.09-21.27.58:086][  0]LogWindows:    1. 'NVIDIA GeForce GTX 1070' (P:0 D:1)
[2018.05.09-21.27.58:086][  0]LogWindows:    2. 'NVIDIA GeForce GTX 1070' (P:0 D:0)
[2018.05.09-21.27.58:086][  0]LogWindows:    3. 'NVIDIA GeForce GTX 1070' (P:0 D:0)
[2018.05.09-21.27.58:086][  0]LogWindows: DebugString: GetVideoDriverDetailsInvalid PrimaryIsNotTheChoosenAdapter GetVideoDriverDetailsInvalid PrimaryIsNotTheChoosenAdapter GetVideoDriverDetailsInvalid PrimaryIsNotTheChoosenAdapter GetVideoDriverDetailsInvalid PrimaryIsNotTheChoosenAdapter FoundDriverCount:0 
[2018.05.09-21.27.58:087][  0]LogD3D11RHI:     Adapter Name: NVIDIA GeForce GTX 1070
[2018.05.09-21.27.58:087][  0]LogD3D11RHI:   Driver Version: Unknown (internal:Unknown, unified:Unknown)
[2018.05.09-21.27.58:087][  0]LogD3D11RHI:      Driver Date: Unknown
[2018.05.09-21.27.58:087][  0]LogRHI: Texture pool is 5661 MB (70% of 8088 MB)
[2018.05.09-21.27.58:121][  0]LogD3D11RHI: [Aftermath] Aftermath enabled and primed
[2018.05.09-21.27.58:121][  0]LogD3D11RHI: [Aftermath] Aftermath enabled and primed
[2018.05.09-21.27.58:121][  0]LogD3D11RHI: Async texture creation enabled
[2018.05.09-21.27.58:238][  0]LogD3D11RHI: GPU Timing Frequency: 1000.000000 (Debug: 2 2)
[2018.05.09-21.27.58:329][  0]LogShaderCompilers: Guid format shader working directory is 0 characters bigger than the processId version (../../../../bookProjects/Hour_09/Hour_09/Hour_09/Intermediate/Shaders/WorkingDirectory/22332/).
[2018.05.09-21.27.58:329][  0]LogShaderCompilers: Cleaned the shader compiler working directory 'C:/Users/acookson/AppData/Local/Temp/UnrealShaderWorkingDir/334892B3457447F7659214B40E707DD7/'.
[2018.05.09-21.27.58:681][  0]LogTemp: Display: Loaded TP AllDesktopTargetPlatform
[2018.05.09-21.27.58:713][  0]LogTemp: Display: Loaded TP MacClientTargetPlatform
[2018.05.09-21.27.58:740][  0]LogTemp: Display: Loaded TP MacNoEditorTargetPlatform
[2018.05.09-21.27.58:757][  0]LogTemp: Display: Loaded TP MacServerTargetPlatform
[2018.05.09-21.27.58:772][  0]LogTemp: Display: Loaded TP MacTargetPlatform
[2018.05.09-21.27.58:790][  0]LogTemp: Display: Loaded TP WindowsClientTargetPlatform
[2018.05.09-21.27.58:812][  0]LogTemp: Display: Loaded TP WindowsNoEditorTargetPlatform
[2018.05.09-21.27.58:827][  0]LogTemp: Display: Loaded TP WindowsServerTargetPlatform
[2018.05.09-21.27.58:833][  0]LogTemp: Display: Loaded TP WindowsTargetPlatform
[2018.05.09-21.27.58:846][  0]LogTemp: Display: Loaded TP Android_ASTCTargetPlatform
[2018.05.09-21.27.58:859][  0]LogTemp: Display: Loaded TP Android_ATCTargetPlatform
[2018.05.09-21.27.58:885][  0]LogTemp: Display: Loaded TP Android_DXTTargetPlatform
[2018.05.09-21.27.58:919][  0]LogTemp: Display: Loaded TP Android_ETC1aTargetPlatform
[2018.05.09-21.27.58:941][  0]LogTemp: Display: Loaded TP Android_ETC1TargetPlatform
[2018.05.09-21.27.58:956][  0]LogTemp: Display: Loaded TP Android_ETC2TargetPlatform
[2018.05.09-21.27.58:983][  0]LogTemp: Display: Loaded TP Android_MultiTargetPlatform
[2018.05.09-21.27.58:983][  0]LogTemp: Display: Loaded TP Android_PVRTCTargetPlatform
[2018.05.09-21.27.59:005][  0]LogTemp: Display: Loaded TP AndroidTargetPlatform
[2018.05.09-21.27.59:007][  0]LogTemp: Display: Loaded TP HTML5TargetPlatform
[2018.05.09-21.27.59:048][  0]LogTemp: Display: Loaded TP IOSTargetPlatform
[2018.05.09-21.27.59:068][  0]LogTemp: Display: Loaded TP TVOSTargetPlatform
[2018.05.09-21.27.59:086][  0]LogTemp: Display: Loaded TP LinuxClientTargetPlatform
[2018.05.09-21.27.59:102][  0]LogTemp: Display: Loaded TP LinuxNoEditorTargetPlatform
[2018.05.09-21.27.59:116][  0]LogTemp: Display: Loaded TP LinuxServerTargetPlatform
[2018.05.09-21.27.59:131][  0]LogTemp: Display: Loaded TP LinuxTargetPlatform
[2018.05.09-21.27.59:131][  0]LogTargetPlatformManager: Display: Building Assets For Windows
[2018.05.09-21.27.59:220][  0]LogXGEController: Cannot use XGE Controller as Incredibuild is not installed on this machine.
[2018.05.09-21.27.59:220][  0]LogShaderCompilers: Cannot use XGE Shader Compiler as Incredibuild is not installed on this machine.
[2018.05.09-21.27.59:220][  0]LogShaderCompilers: Display: Using Local Shader Compiler.
[2018.05.09-21.28.00:176][  0]LogDerivedDataCache: Display: Max Cache Size: 512 MB
[2018.05.09-21.28.00:279][  0]LogDerivedDataCache: Loaded boot cache 0.10s 87MB C:/Users/acookson/AppData/Local/UnrealEngine/4.19/DerivedDataCache/Boot.ddc.
[2018.05.09-21.28.00:279][  0]LogDerivedDataCache: Display: Loaded Boot cache: C:/Users/acookson/AppData/Local/UnrealEngine/4.19/DerivedDataCache/Boot.ddc
[2018.05.09-21.28.00:279][  0]LogDerivedDataCache: FDerivedDataBackendGraph:  Pak pak cache file ../../../../bookProjects/Hour_09/Hour_09/Hour_09/DerivedDataCache/DDC.ddp not found, will not use a pak cache.
[2018.05.09-21.28.00:279][  0]LogDerivedDataCache: Unable to find inner node Pak for hierarchical cache Hierarchy.
[2018.05.09-21.28.00:279][  0]LogDerivedDataCache: FDerivedDataBackendGraph:  CompressedPak pak cache file ../../../../bookProjects/Hour_09/Hour_09/Hour_09/DerivedDataCache/Compressed.ddp not found, will not use a pak cache.
[2018.05.09-21.28.00:279][  0]LogDerivedDataCache: Unable to find inner node CompressedPak for hierarchical cache Hierarchy.
[2018.05.09-21.28.00:311][  0]LogDerivedDataCache: Display: Pak cache opened for reading ../../../Engine/DerivedDataCache/Compressed.ddp.
[2018.05.09-21.28.00:325][  0]LogDerivedDataCache: Using Local data cache path C:/Users/acookson/AppData/Local/UnrealEngine/Common/DerivedDataCache: Writable
[2018.05.09-21.28.00:325][  0]LogDerivedDataCache: Shared data cache path not found in *engine.ini, will not use an Shared cache.
[2018.05.09-21.28.00:325][  0]LogDerivedDataCache: Unable to find inner node Shared for hierarchical cache Hierarchy.
[2018.05.09-21.28.00:356][  0]LogMaterial: Verifying Global Shaders for PCD3D_SM5
[2018.05.09-21.28.00:357][  0]LogSlate: Using Freetype 2.6.0
[2018.05.09-21.28.00:358][  0]LogSlate: SlateFontCache - WITH_FREETYPE: 1, WITH_HARFBUZZ: 1
[2018.05.09-21.28.00:358][  0]LogSlate: SlateFontCache - WITH_FREETYPE: 1, WITH_HARFBUZZ: 1
[2018.05.09-21.28.00:497][  0]LogAssetRegistry: FAssetRegistry took 0.0271 seconds to start up
[2018.05.09-21.28.00:934][  0]LogInit: Selected Device Profile: [Windows]
[2018.05.09-21.28.01:116][  0]LogSimplygon: Simplygon DLL not present - disabling.
[2018.05.09-21.28.01:118][  0]LogMeshReduction: Using SimplygonSwarm for distributed automatic mesh merging
[2018.05.09-21.28.01:118][  0]LogMeshReduction: Using QuadricMeshReduction for automatic static mesh reduction
[2018.05.09-21.28.01:118][  0]LogMeshReduction: No automatic skeletal mesh reduction module available
[2018.05.09-21.28.01:118][  0]LogMeshReduction: No automatic mesh merging module available
[2018.05.09-21.28.01:118][  0]LogMeshMerging: No automatic mesh merging module available
[2018.05.09-21.28.01:178][  0]LogNetVersion: Hour_09 , NetCL: 3944462, EngineNetVer: 2, GameNetVer: 0 (Checksum: 2181350237)
[2018.05.09-21.28.01:668][  0]LogPackageLocalizationCache: Processed 9 localized package path(s) for 2 prioritized culture(s) in 0.072095 seconds
[2018.05.09-21.28.01:674][  0]LogUObjectArray: 36728 objects as part of root set at end of initial load.
[2018.05.09-21.28.01:674][  0]LogUObjectAllocator: 7314312 out of 0 bytes used by permanent object pool.
[2018.05.09-21.28.01:674][  0]LogUObjectArray: CloseDisregardForGC: 0/0 objects in disregard for GC pool
[2018.05.09-21.28.03:498][  0]LogTcpMessaging: Initializing TcpMessaging bridge
[2018.05.09-21.28.03:531][  0]LogUdpMessaging: Initializing bridge on interface 0.0.0.0:0 to multicast group 230.0.0.1:6666.
[2018.05.09-21.28.03:907][  0]SourceControl: Source control is disabled
[2018.05.09-21.28.03:908][  0]SourceControl: Source control is disabled
[2018.05.09-21.28.03:932][  0]SourceControl: Source control is disabled
[2018.05.09-21.28.03:954][  0]SourceControl: Source control is disabled
[2018.05.09-21.28.04:438][  0]LogAndroidPermission: UAndroidPermissionCallbackProxy::GetInstance
[2018.05.09-21.28.04:772][  0]LogOcInput: OculusInput pre-init called
[2018.05.09-21.28.04:908][  0]LogEngine: Initializing Engine...
[2018.05.09-21.28.04:910][  0]LogHMD: Failed to initialize OpenVR with code 110
[2018.05.09-21.28.04:912][  0]LogStats: UGameplayTagsManager::ConstructGameplayTagTree: Construct from data asset -  0.000 s
[2018.05.09-21.28.04:912][  0]LogStats: UGameplayTagsManager::ConstructGameplayTagTree: GameplayTagTreeChangedEvent.Broadcast -  0.000 s
[2018.05.09-21.28.05:197][  0]LogAIModule: Creating AISystem for world Untitled
[2018.05.09-21.28.05:243][  0]LogInit: XAudio2 using 'Speakers (4- Dell AC511 USB SoundBar)' : 2 channels at 48 kHz using 16 bits per sample (channel mask 0x3)
[2018.05.09-21.28.05:281][  0]LogInit: FAudioDevice initialized.
[2018.05.09-21.28.05:401][  0]LogDerivedDataCache: Saved boot cache 0.12s 87MB C:/Users/acookson/AppData/Local/UnrealEngine/4.19/DerivedDataCache/Boot.ddc.
[2018.05.09-21.28.05:422][  0]LogInit: Texture streaming: Enabled
[2018.05.09-21.28.05:438][  0]LogEngineSessionManager: EngineSessionManager initialized
[2018.05.09-21.28.05:465][  0]LogInit: Transaction tracking system initialized
[2018.05.09-21.28.05:488][  0]BlueprintLog: New page: Editor Load
[2018.05.09-21.28.05:549][  0]LocalizationService: Localization service is disabled
[2018.05.09-21.28.05:654][  0]LogConsoleResponse: Display: 
[2018.05.09-21.28.05:831][  0]LogCook: Display: Max memory allowance for cook 16384mb min free memory 0mb
[2018.05.09-21.28.05:831][  0]LogCook: Display: Mobile HDR setting 1
[2018.05.09-21.28.05:832][  0]LogGameplayTags: Display: UGameplayTagsManager::DoneAddingNativeTags. DelegateIsBound: 0
[2018.05.09-21.28.05:832][  0]LogStats: UGameplayTagsManager::ConstructGameplayTagTree: Construct from data asset -  0.000 s
[2018.05.09-21.28.05:832][  0]LogStats: UGameplayTagsManager::ConstructGameplayTagTree: GameplayTagTreeChangedEvent.Broadcast -  0.000 s
[2018.05.09-21.28.06:389][  0]LogFileCache: Scanning file cache for directory 'D:/bookProjects/Hour_09/Hour_09/Hour_09/Content/' took 0.01s
[2018.05.09-21.28.06:389][  0]SourceControl: Source control is disabled
[2018.05.09-21.28.06:389][  0]Cmd: MAP LOAD FILE="../../../../bookProjects/Hour_09/Hour_09/Hour_09/Content/Maps/PostProcessing.umap" TEMPLATE=0 SHOWPROGRESS=1 FEATURELEVEL=3
[2018.05.09-21.28.06:390][  0]LightingResults: New page: Lighting Build
[2018.05.09-21.28.06:392][  0]MapCheck: New page: Map Check
[2018.05.09-21.28.06:392][  0]LightingResults: New page: Lighting Build
[2018.05.09-21.28.08:169][  0]LogTexture: Display: Building textures: HQ_Lightmap0_10 (AutoDXT, 128X128)
[2018.05.09-21.28.08:170][  0]LogTexture: Display: Building textures: HQ_Lightmap0_11 (AutoDXT, 128X128)
[2018.05.09-21.28.08:170][  0]LogTexture: Display: Building textures: HQ_Lightmap0_1 (AutoDXT, 1024X1024)
[2018.05.09-21.28.08:170][  0]LogTexture: Display: Building textures: HQ_Lightmap0_12 (AutoDXT, 128X128)
[2018.05.09-21.28.08:170][  0]LogTexture: Display: Building textures: HQ_Lightmap0_13 (AutoDXT, 128X128)
[2018.05.09-21.28.08:170][  0]LogTexture: Display: Building textures: HQ_Lightmap0_14 (AutoDXT, 128X128)
[2018.05.09-21.28.08:170][  0]LogTexture: Display: Building textures: HQ_Lightmap0_15 (AutoDXT, 128X128)
[2018.05.09-21.28.08:170][  0]LogTexture: Display: Building textures: HQ_Lightmap0_16 (AutoDXT, 128X128)
[2018.05.09-21.28.08:170][  0]LogMaterial: Missing cached shader map for material M_Concrete_Poured, compiling. 
[2018.05.09-21.28.08:239][  0]LogTexture: Display: Building textures: HQ_Lightmap0_17 (AutoDXT, 128X128)
[2018.05.09-21.28.08:239][  0]LogTexture: Display: Building textures: HQ_Lightmap0_18 (AutoDXT, 64X64)
[2018.05.09-21.28.08:239][  0]LogTexture: Display: Building textures: HQ_Lightmap0_2 (AutoDXT, 256X256)
[2018.05.09-21.28.08:239][  0]LogTexture: Display: Building textures: HQ_Lightmap0_3 (AutoDXT, 128X128)
[2018.05.09-21.28.08:239][  0]LogTexture: Display: Building textures: HQ_Lightmap0_5 (AutoDXT, 128X128)
[2018.05.09-21.28.08:239][  0]LogTexture: Display: Building textures: HQ_Lightmap0_4 (AutoDXT, 128X128)
[2018.05.09-21.28.08:240][  0]LogTexture: Display: Building textures: HQ_Lightmap0_6 (AutoDXT, 128X128)
[2018.05.09-21.28.08:240][  0]LogTexture: Display: Building textures: HQ_Lightmap0_7 (AutoDXT, 128X128)
[2018.05.09-21.28.08:240][  0]LogTexture: Display: Building textures: HQ_Lightmap0_9 (AutoDXT, 128X128)
[2018.05.09-21.28.08:240][  0]LogTexture: Display: Building textures: HQ_Lightmap0_8 (AutoDXT, 256X256)
[2018.05.09-21.28.08:240][  0]LogTexture: Display: Building textures: LQ_Lightmap_0_10 (DXT1, 128X128)
[2018.05.09-21.28.08:240][  0]LogMaterial: Missing cached shader map for material M_Concrete_Grime, compiling. 
[2018.05.09-21.28.08:261][  0]LogShaderCompilers: Display: Shaders left to compile 31
[2018.05.09-21.28.08:261][  0]LogShaderCompilers: Display: Shaders left to compile 21
[2018.05.09-21.28.08:261][  0]LogShaderCompilers: Display: Shaders left to compile 11
[2018.05.09-21.28.08:261][  0]LogShaderCompilers: Display: Shaders left to compile 1
[2018.05.09-21.28.08:261][  0]LogTexture: Display: Building textures: LQ_Lightmap_0_11 (DXT1, 128X128)
[2018.05.09-21.28.08:261][  0]LogTexture: Display: Building textures: LQ_Lightmap_0_1 (DXT1, 1024X1024)
[2018.05.09-21.28.08:261][  0]LogMaterial: Missing cached shader map for material M_CobbleStone_Pebble, compiling. 
[2018.05.09-21.28.08:300][  0]LogTexture: Display: Building textures: LQ_Lightmap_0_12 (DXT1, 128X128)
[2018.05.09-21.28.08:300][  0]LogTexture: Display: Building textures: LQ_Lightmap_0_13 (DXT1, 128X128)
[2018.05.09-21.28.08:300][  0]LogMaterial: Missing cached shader map for material M_TableRound, compiling. 
[2018.05.09-21.28.08:337][  0]LogTexture: Display: Building textures: LQ_Lightmap_0_14 (DXT1, 128X128)
[2018.05.09-21.28.08:337][  0]LogTexture: Display: Building textures: LQ_Lightmap_0_15 (DXT1, 128X128)
[2018.05.09-21.28.08:337][  0]LogTexture: Display: Building textures: LQ_Lightmap_0_16 (DXT1, 128X128)
[2018.05.09-21.28.08:337][  0]LogTexture: Display: Building textures: LQ_Lightmap_0_17 (DXT1, 128X128)
[2018.05.09-21.28.08:337][  0]LogShaderCompilers: Display: Shaders left to compile 93
[2018.05.09-21.28.08:337][  0]LogTexture: Display: Building textures: LQ_Lightmap_0_18 (DXT1, 64X64)
[2018.05.09-21.28.08:337][  0]LogTexture: Display: Building textures: LQ_Lightmap_0_2 (DXT1, 256X256)
[2018.05.09-21.28.08:337][  0]LogTexture: Display: Building textures: LQ_Lightmap_0_4 (DXT1, 128X128)
[2018.05.09-21.28.08:337][  0]LogTexture: Display: Building textures: LQ_Lightmap_0_3 (DXT1, 128X128)
[2018.05.09-21.28.08:337][  0]LogStaticMesh: Building static mesh SM_Stairs...
[2018.05.09-21.28.08:362][  0]LogTexture: Display: Building textures: LQ_Lightmap_0_6 (DXT1, 128X128)
[2018.05.09-21.28.08:363][  0]LogTexture: Display: Building textures: LQ_Lightmap_0_7 (DXT1, 128X128)
[2018.05.09-21.28.08:363][  0]LogStaticMesh: Built static mesh [0.03s] /Game/StarterContent/Props/SM_Stairs.SM_Stairs
[2018.05.09-21.28.08:375][  0]LogTexture: Display: Building textures: LQ_Lightmap_0_5 (DXT1, 128X128)
[2018.05.09-21.28.08:375][  0]LogMaterial: Missing cached shader map for material M_Shelf, compiling. 
[2018.05.09-21.28.08:396][  0]LogTexture: Display: Building textures: LQ_Lightmap_0_9 (DXT1, 128X128)
[2018.05.09-21.28.08:396][  0]LogTexture: Display: Building textures: LQ_Lightmap_0_8 (DXT1, 256X256)
[2018.05.09-21.28.08:396][  0]LogTexture: Display: Building textures: SkyOcclusion0_10 (AutoDXT, 128X64)
[2018.05.09-21.28.08:396][  0]LogMaterial: Missing cached shader map for material M_Rock, compiling. 
[2018.05.09-21.28.08:432][  0]LogTexture: Display: Building textures: SkyOcclusion0_1 (AutoDXT, 1024X512)
[2018.05.09-21.28.08:432][  0]LogTexture: Display: Building textures: SkyOcclusion0_11 (AutoDXT, 128X64)
[2018.05.09-21.28.08:432][  0]LogTexture: Display: Building textures: SkyOcclusion0_12 (AutoDXT, 128X64)
[2018.05.09-21.28.08:432][  0]LogMaterial: Missing cached shader map for material M_MaterialSphere_Plain, compiling. 
[2018.05.09-21.28.08:447][  0]LogTexture: Display: Building textures: SkyOcclusion0_13 (AutoDXT, 128X64)
[2018.05.09-21.28.08:447][  0]LogTexture: Display: Building textures: SkyOcclusion0_14 (AutoDXT, 128X64)
[2018.05.09-21.28.08:447][  0]LogMaterial: Missing cached shader map for material M_MaterialSphere, compiling. 
[2018.05.09-21.28.08:530][  0]LogTexture: Display: Building textures: SkyOcclusion0_15 (AutoDXT, 128X64)
[2018.05.09-21.28.08:530][  0]LogTexture: Display: Building textures: SkyOcclusion0_16 (AutoDXT, 128X64)
[2018.05.09-21.28.08:531][  0]LogTexture: Display: Building textures: SkyOcclusion0_17 (AutoDXT, 128X64)
[2018.05.09-21.28.08:531][  0]LogTexture: Display: Building textures: SkyOcclusion0_3 (AutoDXT, 128X64)
[2018.05.09-21.28.08:531][  0]LogTexture: Display: Building textures: SkyOcclusion0_18 (AutoDXT, 64X32)
[2018.05.09-21.28.08:531][  0]LogTexture: Display: Building textures: SkyOcclusion0_2 (AutoDXT, 256X128)
[2018.05.09-21.28.08:531][  0]LogTexture: Display: Building textures: SkyOcclusion0_4 (AutoDXT, 128X64)
[2018.05.09-21.28.08:531][  0]LogTexture: Display: Building textures: SkyOcclusion0_5 (AutoDXT, 128X64)
[2018.05.09-21.28.08:531][  0]LogTexture: Display: Building textures: SkyOcclusion0_6 (AutoDXT, 128X64)
[2018.05.09-21.28.08:531][  0]LogTexture: Display: Building textures: SkyOcclusion0_7 (AutoDXT, 128X64)
[2018.05.09-21.28.08:531][  0]LogTexture: Display: Building textures: SkyOcclusion0_8 (AutoDXT, 256X128)
[2018.05.09-21.28.08:531][  0]LogTexture: Display: Building textures: SkyOcclusion0_9 (AutoDXT, 128X64)
[2018.05.09-21.28.08:531][  0]LogMaterial: Missing cached shader map for material M_Lamp, compiling. 
[2018.05.09-21.28.08:607][  0]LogTexture: Display: Building textures: ShadowMapTexture2D_0 (BGRA8, 1024X512)
[2018.05.09-21.28.08:607][  0]LogTexture: Display: Building textures: ShadowMapTexture2D_1 (BGRA8, 128X128)
[2018.05.09-21.28.08:607][  0]LogTexture: Display: Building textures: ShadowMapTexture2D_10 (G8, 128X64)
[2018.05.09-21.28.08:607][  0]LogTexture: Display: Building textures: ShadowMapTexture2D_11 (G8, 64X64)
[2018.05.09-21.28.08:607][  0]LogTexture: Display: Building textures: ShadowMapTexture2D_12 (G8, 128X64)
[2018.05.09-21.28.08:607][  0]LogTexture: Display: Building textures: ShadowMapTexture2D_13 (G8, 64X64)
[2018.05.09-21.28.08:607][  0]LogTexture: Display: Building textures: ShadowMapTexture2D_14 (G8, 64X64)
[2018.05.09-21.28.08:607][  0]LogTexture: Display: Building textures: ShadowMapTexture2D_15 (G8, 64X64)
[2018.05.09-21.28.08:607][  0]LogTexture: Display: Building textures: ShadowMapTexture2D_16 (G8, 64X64)
[2018.05.09-21.28.08:607][  0]LogTexture: Display: Building textures: ShadowMapTexture2D_17 (G8, 64X64)
[2018.05.09-21.28.08:608][  0]LogTexture: Display: Building textures: ShadowMapTexture2D_18 (G8, 32X32)
[2018.05.09-21.28.08:608][  0]LogTexture: Display: Building textures: ShadowMapTexture2D_2 (G8, 64X64)
[2018.05.09-21.28.08:608][  0]LogTexture: Display: Building textures: ShadowMapTexture2D_3 (G8, 128X64)
[2018.05.09-21.28.08:608][  0]LogTexture: Display: Building textures: ShadowMapTexture2D_4 (G8, 64X64)
[2018.05.09-21.28.08:608][  0]LogTexture: Display: Building textures: ShadowMapTexture2D_5 (G8, 64X64)
[2018.05.09-21.28.08:608][  0]LogTexture: Display: Building textures: ShadowMapTexture2D_6 (G8, 128X64)
[2018.05.09-21.28.08:608][  0]LogTexture: Display: Building textures: ShadowMapTexture2D_7 (G8, 256X64)
[2018.05.09-21.28.08:608][  0]LogTexture: Display: Building textures: ShadowMapTexture2D_8 (G8, 128X64)
[2018.05.09-21.28.08:608][  0]LogTexture: Display: Building textures: ShadowMapTexture2D_9 (G8, 128X64)
[2018.05.09-21.28.08:608][  0]LogMaterial: Missing cached shader map for material M_Glass, compiling. 
[2018.05.09-21.28.08:703][  0]LogMaterial: Missing cached shader map for material M_Frame, compiling. 
[2018.05.09-21.28.08:723][  0]LogMaterial: Missing cached shader map for material M_Brick_Cut_Stone, compiling. 
[2018.05.09-21.28.08:793][  0]LogMaterial: Missing cached shader map for material M_Heat_Distortion, compiling. 
[2018.05.09-21.28.08:826][  0]LogMaterial: Missing cached shader map for material M_Radial_Gradient, compiling. 
[2018.05.09-21.28.08:847][  0]LogMaterial: Missing cached shader map for material M_smoke_subUV, compiling. 
[2018.05.09-21.28.08:888][  0]LogMaterial: Missing cached shader map for material M_Fire_SubUV, compiling. 
[2018.05.09-21.28.08:942][  0]LogStaticMesh: Building static mesh Floor_400x400...
[2018.05.09-21.28.08:942][  0]LogStaticMesh: Built static mesh [0.00s] /Game/StarterContent/Architecture/Floor_400x400.Floor_400x400
[2018.05.09-21.28.09:123][  0]LogMaterial: Missing cached shader map for material M_Brick_Clay_Old, compiling. 
[2018.05.09-21.28.09:224][  0]LogMaterial: Missing cached shader map for material M_Brick_Clay_Beveled, compiling. 
[2018.05.09-21.28.09:341][  0]LogMaterial: Missing cached shader map for material M_Chair, compiling. 
[2018.05.09-21.28.09:358][  0]LogMaterial: Missing cached shader map for material M_Bush, compiling. 
[2018.05.09-21.28.09:406][  0]LogMaterial: Missing cached shader map for material M_Basic_Floor, compiling. 
[2018.05.09-21.28.09:422][  0]LogMaterial: Missing cached shader map for material M_Wood_Floor_Walnut_Worn, compiling. 
[2018.05.09-21.28.09:441][  0]LogMaterial: Missing cached shader map for material M_Metal_Steel, compiling. 
[2018.05.09-21.28.09:454][  0]LogMaterial: Missing cached shader map for material M_Metal_Rust, compiling. 
[2018.05.09-21.28.09:485][  0]LogAIModule: Creating AISystem for world PostProcessing
[2018.05.09-21.28.09:501][  0]LogMaterial: Warning: Material /Game/StarterContent/Props/Materials/M_MaterialSphere_Plain.M_MaterialSphere_Plain needed to have new flag set bUsedWithStaticLighting !
[2018.05.09-21.28.09:504][  0]LogMaterial: Missing cached shader map for material M_MaterialSphere_Plain, compiling. 
[2018.05.09-21.28.09:525][  0]MapCheck: Warning: M_MaterialSphere_Plain Material /Game/StarterContent/Props/Materials/M_MaterialSphere_Plain.M_MaterialSphere_Plain was missing the usage flag bUsedWithStaticLighting. If the material asset is not re-saved, it may not render correctly when run outside the editor. Fix
[2018.05.09-21.28.09:540][  0]LogMaterial: Warning: Material /Game/StarterContent/Props/Materials/M_MaterialSphere.M_MaterialSphere needed to have new flag set bUsedWithStaticLighting !
[2018.05.09-21.28.09:550][  0]LogMaterial: Missing cached shader map for material M_MaterialSphere, compiling. 
[2018.05.09-21.28.09:563][  0]MapCheck: Warning: M_MaterialSphere Material /Game/StarterContent/Props/Materials/M_MaterialSphere.M_MaterialSphere was missing the usage flag bUsedWithStaticLighting. If the material asset is not re-saved, it may not render correctly when run outside the editor. Fix
[2018.05.09-21.28.09:591][  0]LogEditorServer: Finished looking for orphan Actors (0.000 secs)
[2018.05.09-21.28.09:649][  0]Cmd: MAP CHECKDEP NOCLEARLOG
[2018.05.09-21.28.09:734][  0]MapCheck: Map check complete: 0 Error(s), 2 Warning(s), took 84.857ms to complete.
[2018.05.09-21.28.09:761][  0]LogShaderCompilers: Display: Shaders left to compile 852
[2018.05.09-21.28.09:765][  0]LogFileHelpers: Loading map 'PostProcessing' took 3.375
[2018.05.09-21.28.09:965][  0]LogCollectionManager: Loaded 0 collections in 0.001573 seconds
[2018.05.09-21.28.10:017][  0]LogFileCache: Scanning file cache for directory 'D:/bookProjects/Hour_09/Hour_09/Hour_09/Saved/Collections/' took 0.01s
[2018.05.09-21.28.10:017][  0]LogFileCache: Scanning file cache for directory 'D:/bookProjects/Hour_09/Hour_09/Hour_09/Content/Developers/acookson/Collections/' took 0.01s
[2018.05.09-21.28.10:017][  0]LogFileCache: Scanning file cache for directory 'D:/bookProjects/Hour_09/Hour_09/Hour_09/Content/Collections/' took 0.01s
[2018.05.09-21.28.10:017][  0]LogCollectionManager: Rebuilt the GUID cache for 0 collections in 0.000000 seconds
[2018.05.09-21.28.10:037][  0]LogContentBrowser: Native class hierarchy populated in 0.0192 seconds. Added 2452 classes and 558 folders.
[2018.05.09-21.28.10:047][  0]LogContentBrowser: Native class hierarchy updated for 'WidgetCarousel' in 0.0004 seconds. Added 0 classes and 0 folders.
[2018.05.09-21.28.10:110][  0]LogContentBrowser: Native class hierarchy updated for 'AddContentDialog' in 0.0003 seconds. Added 0 classes and 0 folders.
[2018.05.09-21.28.10:118][  0]LogContentBrowser: Native class hierarchy updated for 'SceneOutliner' in 0.0003 seconds. Added 1 classes and 2 folders.
[2018.05.09-21.28.10:138][  0]LogContentBrowser: Native class hierarchy updated for 'WorldBrowser' in 0.0004 seconds. Added 2 classes and 3 folders.
[2018.05.09-21.28.10:326][  0]LogSlate: Took 0.000318 seconds to synchronously load lazily loaded font '../../../Engine/Content/Slate/Fonts/Roboto-Regular.ttf' (155K)
[2018.05.09-21.28.10:329][  0]LogSlate: Took 0.000279 seconds to synchronously load lazily loaded font '../../../Engine/Content/Slate/Fonts/Roboto-Bold.ttf' (160K)
[2018.05.09-21.28.10:339][  0]LogSlate: Took 0.000334 seconds to synchronously load lazily loaded font '../../../Engine/Content/Editor/Slate/Fonts/FontAwesome.ttf' (139K)
[2018.05.09-21.28.10:552][  0]LogRenderer: Reallocating scene render targets to support 1040x488 Format 10 NumSamples 1 (Frame:1).
[2018.05.09-21.28.10:799][  0]LogContentBrowser: Native class hierarchy updated for 'HierarchicalLODOutliner' in 0.0003 seconds. Added 0 classes and 0 folders.
[2018.05.09-21.28.10:799][  0]LogLoad: (Engine Initialization) Total time: 15.78 seconds
[2018.05.09-21.28.10:799][  0]LogLoad: (Engine Initialization) Total Blueprint compile time: 0.00 seconds
[2018.05.09-21.28.10:809][  0]LogWindowsTextInputMethodSystem: Display: IME system now deactivated.
[2018.05.09-21.28.10:835][  0]LogContentStreaming: Texture pool size now 1000 MB
[2018.05.09-21.28.11:250][  2]LogAssetRegistry: Asset discovery search completed in 10.7759 seconds
[2018.05.09-21.28.11:254][  2]LogCollectionManager: Rebuilt the object cache for 0 collections in 0.000001 seconds (found 0 objects)
[2018.05.09-21.28.11:254][  2]LogCollectionManager: Fixed up redirectors for 0 collections in 0.000141 seconds (updated 0 objects)
[2018.05.09-21.28.11:865][ 45]LogSlate: Took 0.000283 seconds to synchronously load lazily loaded font '../../../Engine/Content/Slate/Fonts/Roboto-Light.ttf' (167K)
[2018.05.09-21.28.12:022][ 55]LogShaderCompilers: Display: Shaders left to compile 842
[2018.05.09-21.28.12:993][129]LogShaderCompilers: Display: Shaders left to compile 832
[2018.05.09-21.28.13:040][133]LogShaderCompilers: Display: Shaders left to compile 822
[2018.05.09-21.28.13:350][159]LogShaderCompilers: Display: Shaders left to compile 812
[2018.05.09-21.28.14:856][293]LogShaderCompilers: Display: Shaders left to compile 802
[2018.05.09-21.28.15:104][311]LogShaderCompilers: Display: Shaders left to compile 792
[2018.05.09-21.28.16:130][399]LogShaderCompilers: Display: Shaders left to compile 782
[2018.05.09-21.28.16:507][429]LogShaderCompilers: Display: Shaders left to compile 772
[2018.05.09-21.28.16:759][448]LogShaderCompilers: Display: Shaders left to compile 762
[2018.05.09-21.28.18:017][553]LogShaderCompilers: Display: Shaders left to compile 752
[2018.05.09-21.28.18:605][601]LogShaderCompilers: Display: Shaders left to compile 742
[2018.05.09-21.28.19:332][663]LogShaderCompilers: Display: Shaders left to compile 732
[2018.05.09-21.28.19:535][679]LogShaderCompilers: Display: Shaders left to compile 722
[2018.05.09-21.28.20:777][784]LogShaderCompilers: Display: Shaders left to compile 712
[2018.05.09-21.28.20:969][800]LogShaderCompilers: Display: Shaders left to compile 702
[2018.05.09-21.28.21:889][878]LogShaderCompilers: Display: Shaders left to compile 692
[2018.05.09-21.28.22:588][938]LogShaderCompilers: Display: Shaders left to compile 682
[2018.05.09-21.28.22:869][963]LogShaderCompilers: Display: Shaders left to compile 672
[2018.05.09-21.28.23:233][993]LogShaderCompilers: Display: Shaders left to compile 662
[2018.05.09-21.28.24:342][ 87]LogShaderCompilers: Display: Shaders left to compile 652
[2018.05.09-21.28.24:824][126]LogShaderCompilers: Display: Shaders left to compile 642
[2018.05.09-21.28.25:397][175]LogShaderCompilers: Display: Shaders left to compile 632
[2018.05.09-21.28.25:548][188]LogShaderCompilers: Display: Shaders left to compile 622
[2018.05.09-21.28.27:298][335]LogShaderCompilers: Display: Shaders left to compile 612
[2018.05.09-21.28.27:734][371]LogShaderCompilers: Display: Shaders left to compile 602
[2018.05.09-21.28.32:319][731]LogShaderCompilers: Display: Shaders left to compile 592
[2018.05.09-21.28.39:420][305]LogShaderCompilers: Display: Shaders left to compile 582
[2018.05.09-21.28.39:895][345]LogShaderCompilers: Display: Shaders left to compile 572
[2018.05.09-21.28.41:855][508]LogShaderCompilers: Display: Shaders left to compile 562
[2018.05.09-21.28.41:996][520]LogShaderCompilers: Display: Shaders left to compile 552
[2018.05.09-21.28.42:932][599]LogShaderCompilers: Display: Shaders left to compile 542
[2018.05.09-21.28.44:324][713]LogShaderCompilers: Display: Shaders left to compile 532
[2018.05.09-21.28.44:484][727]LogShaderCompilers: Display: Shaders left to compile 522
[2018.05.09-21.28.45:114][779]LogShaderCompilers: Display: Shaders left to compile 512
[2018.05.09-21.28.45:926][845]LogShaderCompilers: Display: Shaders left to compile 502
[2018.05.09-21.28.46:823][921]LogShaderCompilers: Display: Shaders left to compile 492
[2018.05.09-21.28.47:196][953]LogShaderCompilers: Display: Shaders left to compile 482
[2018.05.09-21.28.47:589][987]LogShaderCompilers: Display: Shaders left to compile 472
[2018.05.09-21.28.47:792][  4]LogShaderCompilers: Display: Shaders left to compile 462
[2018.05.09-21.28.49:179][124]LogShaderCompilers: Display: Shaders left to compile 452
[2018.05.09-21.28.50:135][204]LogShaderCompilers: Display: Shaders left to compile 442
[2018.05.09-21.28.50:156][206]LogShaderCompilers: Display: Shaders left to compile 432
[2018.05.09-21.28.50:658][250]LogShaderCompilers: Display: Shaders left to compile 422
[2018.05.09-21.28.52:371][399]LogShaderCompilers: Display: Shaders left to compile 412
[2018.05.09-21.28.54:398][574]LogShaderCompilers: Display: Shaders left to compile 402
[2018.05.09-21.28.54:838][613]LogShaderCompilers: Display: Shaders left to compile 392
[2018.05.09-21.28.55:007][628]LogShaderCompilers: Display: Shaders left to compile 382
[2018.05.09-21.28.57:013][801]LogShaderCompilers: Display: Shaders left to compile 372
[2018.05.09-21.28.58:325][915]LogShaderCompilers: Display: Shaders left to compile 362
[2018.05.09-21.28.58:425][924]LogShaderCompilers: Display: Shaders left to compile 352
[2018.05.09-21.28.59:037][976]LogShaderCompilers: Display: Shaders left to compile 342
[2018.05.09-21.29.00:432][ 97]LogShaderCompilers: Display: Shaders left to compile 332
[2018.05.09-21.29.01:075][151]LogShaderCompilers: Display: Shaders left to compile 322
[2018.05.09-21.29.01:242][165]LogShaderCompilers: Display: Shaders left to compile 312
[2018.05.09-21.29.01:655][200]LogShaderCompilers: Display: Shaders left to compile 302
[2018.05.09-21.29.02:906][303]LogShaderCompilers: Display: Shaders left to compile 292
[2018.05.09-21.29.03:755][376]LogShaderCompilers: Display: Shaders left to compile 282
[2018.05.09-21.29.04:104][406]LogShaderCompilers: Display: Shaders left to compile 272
[2018.05.09-21.29.04:199][414]LogShaderCompilers: Display: Shaders left to compile 262
[2018.05.09-21.29.05:752][545]LogShaderCompilers: Display: Shaders left to compile 252
[2018.05.09-21.29.06:322][594]LogShaderCompilers: Display: Shaders left to compile 242
[2018.05.09-21.29.06:371][597]LogShaderCompilers: Display: Shaders left to compile 232
[2018.05.09-21.29.07:228][671]LogShaderCompilers: Display: Shaders left to compile 222
[2018.05.09-21.29.08:061][741]LogShaderCompilers: Display: Shaders left to compile 212
[2018.05.09-21.29.08:265][758]LogShaderCompilers: Display: Shaders left to compile 202
[2018.05.09-21.29.08:348][764]LogShaderCompilers: Display: Shaders left to compile 192
[2018.05.09-21.29.08:901][812]LogShaderCompilers: Display: Shaders left to compile 182
[2018.05.09-21.29.10:814][975]LogShaderCompilers: Display: Shaders left to compile 172
[2018.05.09-21.29.10:860][979]LogShaderCompilers: Display: Shaders left to compile 162
[2018.05.09-21.29.11:230][ 10]LogShaderCompilers: Display: Shaders left to compile 152
[2018.05.09-21.29.11:304][ 16]LogShaderCompilers: Display: Shaders left to compile 142
[2018.05.09-21.29.13:459][170]LogShaderCompilers: Display: Shaders left to compile 132
[2018.05.09-21.29.13:468][171]LogShaderCompilers: Display: Shaders left to compile 122
[2018.05.09-21.29.13:669][187]LogShaderCompilers: Display: Shaders left to compile 112
[2018.05.09-21.29.14:381][246]LogShaderCompilers: Display: Shaders left to compile 102
[2018.05.09-21.29.15:661][355]LogShaderCompilers: Display: Shaders left to compile 92
[2018.05.09-21.29.16:046][388]LogShaderCompilers: Display: Shaders left to compile 82
[2018.05.09-21.29.16:908][461]LogShaderCompilers: Display: Shaders left to compile 72
[2018.05.09-21.29.17:268][492]LogShaderCompilers: Display: Shaders left to compile 62
[2018.05.09-21.29.17:758][532]LogShaderCompilers: Display: Shaders left to compile 52
[2018.05.09-21.29.18:962][636]LogShaderCompilers: Display: Shaders left to compile 42
[2018.05.09-21.29.19:098][648]LogShaderCompilers: Display: Shaders left to compile 32
[2018.05.09-21.29.19:759][704]LogShaderCompilers: Display: Shaders left to compile 22
[2018.05.09-21.29.20:523][765]LogShaderCompilers: Display: Shaders left to compile 12
[2018.05.09-21.29.20:859][794]LogShaderCompilers: Display: Shaders left to compile 2
[2018.05.09-21.30.21:703][996]LogSlate: FSceneViewport::OnFocusLost() reason 0
[2018.05.09-21.30.22:197][ 19]LogMaterial: Missing cached shader map for material M_SkyBox, compiling. 
[2018.05.09-21.30.22:211][ 19]LogShaderCompilers: Display: Shaders left to compile 5
[2018.05.09-21.30.22:227][ 19]LogMaterial: Missing cached shader map for material GridMaterial, compiling. 
[2018.05.09-21.30.22:241][ 19]LogShaderCompilers: Display: Shaders left to compile 22
[2018.05.09-21.30.22:241][ 19]LogShaderCompilers: Display: Shaders left to compile 12
[2018.05.09-21.30.22:242][ 19]LogShaderCompilers: Display: Shaders left to compile 2
[2018.05.09-21.30.22:827][ 19]LogRenderer: Reallocating scene render targets to support 1072x812 Format 10 NumSamples 1 (Frame:1).
[2018.05.09-21.30.53:876][499]LogSlate: FSceneViewport::OnFocusLost() reason 0
[2018.05.09-21.30.54:059][516]Cmd: OBJ SAVEPACKAGE PACKAGE="/Game/Maps/PostProcessing" FILE="../../../../bookProjects/Hour_09/Hour_09/Hour_09/Content/Maps/PostProcessing.umap" SILENT=true AUTOSAVING=false KEEPDIRTY=false
[2018.05.09-21.30.54:386][516]LogSavePackage: Save=289.83ms
[2018.05.09-21.30.54:386][516]LogSavePackage: Moving '../../../../bookProjects/Hour_09/Hour_09/Hour_09/Saved/PostProcessingA86337E44EB430D6A78F8AB96C4F336E.tmp' to '../../../../bookProjects/Hour_09/Hour_09/Hour_09/Content/Maps/PostProcessing.umap'
[2018.05.09-21.30.54:389][516]LogSavePackage: Display: Finished SavePackage ../../../../bookProjects/Hour_09/Hour_09/Hour_09/Content/Maps/PostProcessing.umap
[2018.05.09-21.30.54:462][516]Cmd: OBJ SAVEPACKAGE PACKAGE="/Game/Maps/PostProcessing_BuiltData" FILE="../../../../bookProjects/Hour_09/Hour_09/Hour_09/Content/Maps/PostProcessing_BuiltData.uasset" SILENT=true
[2018.05.09-21.30.55:250][516]LogSavePackage: Save=753.86ms
[2018.05.09-21.30.55:250][516]LogSavePackage: Moving '../../../../bookProjects/Hour_09/Hour_09/Hour_09/Saved/PostProcessing_BuiltData2DA411074EC69322D7363093588CF9DE.tmp' to '../../../../bookProjects/Hour_09/Hour_09/Hour_09/Content/Maps/PostProcessing_BuiltData.uasset'
[2018.05.09-21.30.55:253][516]LogSavePackage: Display: Finished SavePackage ../../../../bookProjects/Hour_09/Hour_09/Hour_09/Content/Maps/PostProcessing_BuiltData.uasset
[2018.05.09-21.31.09:269][692]LogEditorViewport: Clicking on Actor (LMB): SkyLight (SkyLight)
[2018.05.09-21.31.12:061][874]LogSlate: FSceneViewport::OnFocusLost() reason 2
[2018.05.09-21.31.17:755][238]LogSlate: FSceneViewport::OnFocusLost() reason 2
[2018.05.09-21.31.22:024][438]LogUProjectInfo: Found projects:
[2018.05.09-21.31.22:037][438]LogSlate: FSceneViewport::OnFocusLost() reason 2
[2018.05.09-21.31.30:120][546]LogSlate: FSceneViewport::OnFocusLost() reason 2
[2018.05.09-21.31.31:901][546]LogSlate: Window 'Convert Project' being destroyed
[2018.05.09-21.31.31:914][546]LogSlate: FSceneViewport::OnFocusLost() reason 2
[2018.05.09-21.31.33:143][546]LogSlate: Window 'Convert Project' being destroyed
[2018.05.09-21.31.33:156][546]LogSlate: FSceneViewport::OnFocusLost() reason 2
[2018.05.09-21.31.33:244][547]Cmd: CLOSE_SLATE_MAINFRAME
[2018.05.09-21.31.33:408][547]LogSlate: Window 'SM_Stairs' being destroyed
[2018.05.09-21.31.33:612][547]LogSlate: Window 'Open Project' being destroyed
[2018.05.09-21.31.33:616][547]LogSlate: Window 'Hour_09 - Unreal Editor' being destroyed
[2018.05.09-21.31.33:617][547]LogWindowsTextInputMethodSystem: Display: IME system now deactivated.
[2018.05.09-21.31.33:906][548]Cmd: QUIT_EDITOR
[2018.05.09-21.31.34:023][548]LogSlate: Slate User Destroyed.  User Index 0, Is Virtual User: 0
[2018.05.09-21.31.34:023][548]LogExit: Preparing to exit.
[2018.05.09-21.31.34:658][548]LogDirectoryWatcher: A directory notification for 'D:/bookProjects/Hour_09/Hour_09/Hour_09/Content/' was aborted.
[2018.05.09-21.31.34:682][548]LogExit: Editor shut down
[2018.05.09-21.31.34:687][548]LogExit: Transaction tracking system shut down
[2018.05.09-21.31.34:826][548]LogDirectoryWatcher: A directory notification for '../../../Engine/Content/' was aborted.
[2018.05.09-21.31.34:826][548]LogDirectoryWatcher: A directory notification for '../../../../bookProjects/Hour_09/Hour_09/Hour_09/Content/' was aborted.
[2018.05.09-21.31.34:827][548]LogDirectoryWatcher: A directory notification for '../../Plugins/2D/Paper2D/Content/' was aborted.
[2018.05.09-21.31.34:827][548]LogDirectoryWatcher: A directory notification for '../../Plugins/Enterprise/DatasmithContent/Content/' was aborted.
[2018.05.09-21.31.34:827][548]LogDirectoryWatcher: A directory notification for '../../Plugins/Media/MediaCompositing/Content/' was aborted.
[2018.05.09-21.31.34:827][548]LogDirectoryWatcher: A directory notification for '../../Plugins/Runtime/AppleARKit/Content/' was aborted.
[2018.05.09-21.31.34:827][548]LogDirectoryWatcher: A directory notification for '../../Plugins/Runtime/Oculus/OculusVR/Content/' was aborted.
[2018.05.09-21.31.34:827][548]LogDirectoryWatcher: A directory notification for '../../Plugins/Runtime/Steam/SteamVR/Content/' was aborted.
[2018.05.09-21.31.34:899][548]LogExit: Object subsystem successfully closed.
[2018.05.09-21.31.34:911][548]LogShaderCompilers: Display: Shaders left to compile 0
[2018.05.09-21.31.34:915][548]LogD3D11RHI: Shutdown
[2018.05.09-21.31.34:915][548]LogD3D11RHI: CleanupD3DDevice
[2018.05.09-21.31.34:918][548]LogD3D11RHI: ~FD3D11DynamicRHI
[2018.05.09-21.31.34:941][548]LogModuleManager: Shutting down and abandoning module StaticMeshEditor (578)
[2018.05.09-21.31.34:941][548]LogModuleManager: Shutting down and abandoning module HierarchicalLODOutliner (576)
[2018.05.09-21.31.34:941][548]LogModuleManager: Shutting down and abandoning module WorldBrowser (574)
[2018.05.09-21.31.34:941][548]LogModuleManager: Shutting down and abandoning module SceneOutliner (572)
[2018.05.09-21.31.34:941][548]LogModuleManager: Shutting down and abandoning module AddContentDialog (570)
[2018.05.09-21.31.34:942][548]LogDirectoryWatcher: A directory notification for 'D:/UE_4.19/FeaturePacks/' was aborted.
[2018.05.09-21.31.34:942][548]LogDirectoryWatcher: A directory notification for 'D:/UE_4.19/Enterprise/FeaturePacks/' was aborted.
[2018.05.09-21.31.34:943][548]LogModuleManager: Shutting down and abandoning module WidgetCarousel (569)
[2018.05.09-21.31.34:943][548]LogModuleManager: Shutting down and abandoning module EditorWidgets (566)
[2018.05.09-21.31.34:943][548]LogModuleManager: Shutting down and abandoning module CollectionManager (564)
[2018.05.09-21.31.34:943][548]LogDirectoryWatcher: A directory notification for 'D:/bookProjects/Hour_09/Hour_09/Hour_09/Content/Collections/' was aborted.
[2018.05.09-21.31.34:943][548]LogDirectoryWatcher: A directory notification for 'D:/bookProjects/Hour_09/Hour_09/Hour_09/Content/Developers/acookson/Collections/' was aborted.
[2018.05.09-21.31.34:943][548]LogDirectoryWatcher: A directory notification for 'D:/bookProjects/Hour_09/Hour_09/Hour_09/Saved/Collections/' was aborted.
[2018.05.09-21.31.34:943][548]LogModuleManager: Shutting down and abandoning module StatsViewer (562)
[2018.05.09-21.31.34:943][548]LogModuleManager: Shutting down and abandoning module FoliageEdit (560)
[2018.05.09-21.31.34:943][548]LogModuleManager: Shutting down and abandoning module LandscapeEditor (558)
[2018.05.09-21.31.34:943][548]LogModuleManager: Shutting down and abandoning module MeshPaintMode (556)
[2018.05.09-21.31.34:943][548]LogModuleManager: Shutting down and abandoning module SceneDepthPickerMode (554)
[2018.05.09-21.31.34:943][548]LogModuleManager: Shutting down and abandoning module ActorPickerMode (552)
[2018.05.09-21.31.34:943][548]LogModuleManager: Shutting down and abandoning module GeometryMode (550)
[2018.05.09-21.31.34:943][548]LogModuleManager: Shutting down and abandoning module TextureAlignMode (548)
[2018.05.09-21.31.34:943][548]LogModuleManager: Shutting down and abandoning module BspMode (546)
[2018.05.09-21.31.34:943][548]LogModuleManager: Shutting down and abandoning module PIEPreviewDeviceProfileSelector (544)
[2018.05.09-21.31.34:944][548]LogModuleManager: Shutting down and abandoning module HardwareSurvey (542)
[2018.05.09-21.31.34:944][548]LogModuleManager: Shutting down and abandoning module SequenceRecorderSections (540)
[2018.05.09-21.31.34:944][548]LogModuleManager: Shutting down and abandoning module AutomationWorker (538)
[2018.05.09-21.31.34:944][548]LogModuleManager: Shutting down and abandoning module AudioCaptureEditor (536)
[2018.05.09-21.31.34:944][548]LogModuleManager: Shutting down and abandoning module SequenceRecorder (535)
[2018.05.09-21.31.34:944][548]LogModuleManager: Shutting down and abandoning module MatineeToLevelSequence (532)
[2018.05.09-21.31.34:944][548]LogModuleManager: Shutting down and abandoning module LevelSequenceEditor (530)
[2018.05.09-21.31.34:944][548]LogModuleManager: Shutting down and abandoning module PlacementMode (529)
[2018.05.09-21.31.34:944][548]LogModuleManager: Shutting down and abandoning module MaterialEditor (528)
[2018.05.09-21.31.34:944][548]LogModuleManager: Shutting down and abandoning module WmfMediaFactory (524)
[2018.05.09-21.31.34:944][548]LogModuleManager: Shutting down and abandoning module WmfMediaEditor (522)
[2018.05.09-21.31.34:944][548]LogModuleManager: Shutting down and abandoning module MediaPlayerEditor (520)
[2018.05.09-21.31.34:944][548]LogModuleManager: Shutting down and abandoning module OpenExrWrapper (518)
[2018.05.09-21.31.34:944][548]LogModuleManager: Shutting down and abandoning module ImgMediaFactory (516)
[2018.05.09-21.31.34:944][548]LogModuleManager: Shutting down and abandoning module ImgMediaEditor (514)
[2018.05.09-21.31.34:944][548]LogModuleManager: Shutting down and abandoning module AvfMediaFactory (512)
[2018.05.09-21.31.34:944][548]LogModuleManager: Shutting down and abandoning module AvfMediaEditor (510)
[2018.05.09-21.31.34:944][548]LogModuleManager: Shutting down and abandoning module AndroidMediaFactory (508)
[2018.05.09-21.31.34:944][548]LogModuleManager: Shutting down and abandoning module AndroidMediaEditor (506)
[2018.05.09-21.31.34:944][548]LogModuleManager: Shutting down and abandoning module CharacterAI (504)
[2018.05.09-21.31.34:944][548]LogModuleManager: Shutting down and abandoning module SmartSnapping (502)
[2018.05.09-21.31.34:944][548]LogModuleManager: Shutting down and abandoning module SessionServices (500)
[2018.05.09-21.31.34:944][548]LogModuleManager: Shutting down and abandoning module ViewportSnapping (498)
[2018.05.09-21.31.34:944][548]LogModuleManager: Shutting down and abandoning module ViewportInteraction (496)
[2018.05.09-21.31.34:944][548]LogModuleManager: Shutting down and abandoning module ClothPainter (494)
[2018.05.09-21.31.34:944][548]LogModuleManager: Shutting down and abandoning module SkeletalMeshEditor (493)
[2018.05.09-21.31.34:944][548]LogModuleManager: Shutting down and abandoning module LogVisualizer (490)
[2018.05.09-21.31.34:944][548]LogModuleManager: Shutting down and abandoning module IntroTutorials (488)
[2018.05.09-21.31.34:944][548]LogModuleManager: Shutting down and abandoning module GameProjectGeneration (487)
[2018.05.09-21.31.34:945][548]LogModuleManager: Shutting down and abandoning module IOSPlatformEditor (484)
[2018.05.09-21.31.34:945][548]LogModuleManager: Shutting down and abandoning module HTML5PlatformEditor (482)
[2018.05.09-21.31.34:945][548]LogModuleManager: Shutting down and abandoning module AndroidPlatformEditor (480)
[2018.05.09-21.31.34:945][548]LogModuleManager: Shutting down and abandoning module AndroidDeviceDetection (479)
[2018.05.09-21.31.35:698][548]LogModuleManager: Shutting down and abandoning module WindowsPlatformEditor (476)
[2018.05.09-21.31.35:698][548]LogModuleManager: Shutting down and abandoning module IOSRuntimeSettings (474)
[2018.05.09-21.31.35:698][548]LogModuleManager: Shutting down and abandoning module AndroidRuntimeSettings (472)
[2018.05.09-21.31.35:698][548]LogModuleManager: Shutting down and abandoning module InputBindingEditor (470)
[2018.05.09-21.31.35:698][548]LogModuleManager: Shutting down and abandoning module MergeActors (468)
[2018.05.09-21.31.35:698][548]LogModuleManager: Shutting down and abandoning module LocalizationDashboard (466)
[2018.05.09-21.31.35:698][548]LogModuleManager: Shutting down and abandoning module LocalizationService (465)
[2018.05.09-21.31.35:698][548]LogModuleManager: Shutting down and abandoning module HardwareTargeting (462)
[2018.05.09-21.31.35:698][548]LogModuleManager: Shutting down and abandoning module DeviceProfileEditor (460)
[2018.05.09-21.31.35:699][548]LogModuleManager: Shutting down and abandoning module UndoHistory (458)
[2018.05.09-21.31.35:699][548]LogModuleManager: Shutting down and abandoning module XmlParser (456)
[2018.05.09-21.31.35:699][548]LogModuleManager: Shutting down and abandoning module Blutility (454)
[2018.05.09-21.31.35:699][548]LogModuleManager: Shutting down and abandoning module ProjectSettingsViewer (452)
[2018.05.09-21.31.35:699][548]LogModuleManager: Shutting down and abandoning module ProjectTargetPlatformEditor (451)
[2018.05.09-21.31.35:699][548]LogModuleManager: Shutting down and abandoning module EditorSettingsViewer (448)
[2018.05.09-21.31.35:699][548]LogModuleManager: Shutting down and abandoning module SettingsEditor (446)
[2018.05.09-21.31.35:699][548]LogModuleManager: Shutting down and abandoning module ProjectLauncher (444)
[2018.05.09-21.31.35:699][548]LogModuleManager: Shutting down and abandoning module SessionFrontend (442)
[2018.05.09-21.31.35:699][548]LogModuleManager: Shutting down and abandoning module ProfilerClient (440)
[2018.05.09-21.31.35:699][548]LogModuleManager: Shutting down and abandoning module DeviceManager (438)
[2018.05.09-21.31.35:700][548]LogModuleManager: Shutting down and abandoning module TargetDeviceServices (437)
[2018.05.09-21.31.35:755][548]LogModuleManager: Shutting down and abandoning module AutomationController (434)
[2018.05.09-21.31.35:755][548]LogModuleManager: Shutting down and abandoning module AutomationWindow (432)
[2018.05.09-21.31.35:755][548]LogModuleManager: Shutting down and abandoning module Layers (430)
[2018.05.09-21.31.35:755][548]LogModuleManager: Shutting down and abandoning module ComponentVisualizers (428)
[2018.05.09-21.31.35:755][548]LogModuleManager: Shutting down and abandoning module DetailCustomizations (426)
[2018.05.09-21.31.35:755][548]LogModuleManager: Shutting down and abandoning module PackagesDialog (424)
[2018.05.09-21.31.35:755][548]LogModuleManager: Shutting down and abandoning module Persona (422)
[2018.05.09-21.31.35:755][548]LogModuleManager: Shutting down and abandoning module AdvancedPreviewScene (421)
[2018.05.09-21.31.35:755][548]LogModuleManager: Shutting down and abandoning module AnimGraph (419)
[2018.05.09-21.31.35:755][548]LogModuleManager: Shutting down and abandoning module Kismet (416)
[2018.05.09-21.31.35:756][548]LogModuleManager: Shutting down and abandoning module GraphEditor (414)
[2018.05.09-21.31.35:756][548]LogModuleManager: Shutting down and abandoning module ClassViewer (412)
[2018.05.09-21.31.35:756][548]LogModuleManager: Shutting down and abandoning module Toolbox (410)
[2018.05.09-21.31.35:756][548]LogModuleManager: Shutting down and abandoning module ModuleUI (408)
[2018.05.09-21.31.35:756][548]LogModuleManager: Shutting down and abandoning module MovieSceneTools (406)
[2018.05.09-21.31.35:756][548]LogModuleManager: Shutting down and abandoning module OutputLog (404)
[2018.05.09-21.31.35:756][548]LogModuleManager: Shutting down and abandoning module GammaUI (402)
[2018.05.09-21.31.35:756][548]LogModuleManager: Shutting down and abandoning module Documentation (400)
[2018.05.09-21.31.35:756][548]LogModuleManager: Shutting down and abandoning module MovieSceneTracks (398)
[2018.05.09-21.31.35:756][548]LogModuleManager: Shutting down and abandoning module MovieScene (396)
[2018.05.09-21.31.35:756][548]LogModuleManager: Shutting down and abandoning module StreamingPauseRendering (394)
[2018.05.09-21.31.35:757][548]LogModuleManager: Shutting down and abandoning module LauncherPlatform (392)
[2018.05.09-21.31.35:757][548]LogModuleManager: Shutting down and abandoning module AnalyticsET (390)
[2018.05.09-21.31.35:757][548]LogModuleManager: Shutting down and abandoning module PortalServices (388)
[2018.05.09-21.31.35:757][548]LogModuleManager: Shutting down and abandoning module PortalRpc (386)
[2018.05.09-21.31.35:757][548]LogModuleManager: Shutting down and abandoning module MessagingRpc (384)
[2018.05.09-21.31.35:757][548]LogModuleManager: Shutting down and abandoning module AIModule (382)
[2018.05.09-21.31.35:757][548]LogModuleManager: Shutting down and abandoning module GameplayDebugger (381)
[2018.05.09-21.31.35:757][548]LogModuleManager: Shutting down and abandoning module AITestSuite (379)
[2018.05.09-21.31.35:757][548]LogModuleManager: Shutting down and abandoning module DesktopPlatform (376)
[2018.05.09-21.31.35:757][548]LogModuleManager: Shutting down and abandoning module ProfilerService (374)
[2018.05.09-21.31.35:814][548]LogModuleManager: Shutting down and abandoning module TaskGraph (372)
[2018.05.09-21.31.35:814][548]LogModuleManager: Shutting down and abandoning module SteamVRController (370)
[2018.05.09-21.31.35:814][548]LogModuleManager: Shutting down and abandoning module ProceduralMeshComponentEditor (368)
[2018.05.09-21.31.35:814][548]LogModuleManager: Shutting down and abandoning module ProceduralMeshComponent (366)
[2018.05.09-21.31.35:814][548]LogModuleManager: Shutting down and abandoning module OculusInput (364)
[2018.05.09-21.31.35:814][548]LogModuleManager: Shutting down and abandoning module MobilePatchingUtils (362)
[2018.05.09-21.31.35:814][548]LogModuleManager: Shutting down and abandoning module CustomMeshComponent (360)
[2018.05.09-21.31.35:814][548]LogModuleManager: Shutting down and abandoning module CableComponent (358)
[2018.05.09-21.31.35:815][548]LogModuleManager: Shutting down and abandoning module AudioCapture (356)
[2018.05.09-21.31.35:815][548]LogModuleManager: Shutting down and abandoning module ArchVisCharacter (354)
[2018.05.09-21.31.35:815][548]LogModuleManager: Shutting down and abandoning module AndroidPermission (352)
[2018.05.09-21.31.35:815][548]LogModuleManager: Shutting down and abandoning module NUTUnrealEngine4 (348)
[2018.05.09-21.31.35:815][548]LogModuleManager: Shutting down and abandoning module NetcodeUnitTest (346)
[2018.05.09-21.31.35:815][548]LogModuleManager: Shutting down and abandoning module MediaCompositingEditor (344)
[2018.05.09-21.31.35:815][548]LogModuleManager: Shutting down and abandoning module MediaCompositing (342)
[2018.05.09-21.31.35:815][548]LogModuleManager: Shutting down and abandoning module LinearTimecode (340)
[2018.05.09-21.31.35:815][548]LogModuleManager: Shutting down and abandoning module ImgMedia (338)
[2018.05.09-21.31.35:818][548]LogModuleManager: Shutting down and abandoning module HTML5Networking (336)
[2018.05.09-21.31.35:818][548]LogModuleManager: Shutting down and abandoning module AlembicImporter (334)
[2018.05.09-21.31.35:818][548]LogModuleManager: Shutting down and abandoning module AlembicLibrary (333)
[2018.05.09-21.31.35:818][548]LogModuleManager: Shutting down and abandoning module GeometryCache (332)
[2018.05.09-21.31.35:818][548]LogModuleManager: Shutting down and abandoning module GeometryCacheEd (331)
[2018.05.09-21.31.35:818][548]LogModuleManager: Shutting down and abandoning module DatasmithContent (326)
[2018.05.09-21.31.35:818][548]LogModuleManager: Shutting down and abandoning module SpeedTreeImporter (324)
[2018.05.09-21.31.35:818][548]LogModuleManager: Shutting down and abandoning module PluginBrowser (322)
[2018.05.09-21.31.35:818][548]LogModuleManager: Shutting down and abandoning module MobileLauncherProfileWizard (320)
[2018.05.09-21.31.35:818][548]LogModuleManager: Shutting down and abandoning module CryptoKeysOpenSSL (318)
[2018.05.09-21.31.35:818][548]LogModuleManager: Shutting down and abandoning module CryptoKeys (316)
[2018.05.09-21.31.35:818][548]LogModuleManager: Shutting down and abandoning module VisualStudioSourceCodeAccess (314)
[2018.05.09-21.31.35:818][548]LogModuleManager: Shutting down and abandoning module VisualStudioCodeSourceCodeAccess (312)
[2018.05.09-21.31.35:818][548]LogModuleManager: Shutting down and abandoning module UObjectPlugin (310)
[2018.05.09-21.31.35:818][548]LogModuleManager: Shutting down and abandoning module SubversionSourceControl (308)
[2018.05.09-21.31.35:818][548]LogModuleManager: Shutting down and abandoning module PerforceSourceControl (306)
[2018.05.09-21.31.35:818][548]LogModuleManager: Shutting down and abandoning module GitSourceControl (304)
[2018.05.09-21.31.35:818][548]LogModuleManager: Shutting down and abandoning module SourceControl (303)
[2018.05.09-21.31.35:818][548]LogModuleManager: Shutting down and abandoning module CLionSourceCodeAccess (300)
[2018.05.09-21.31.35:818][548]LogModuleManager: Shutting down and abandoning module LightPropagationVolumeEditor (298)
[2018.05.09-21.31.35:818][548]LogModuleManager: Shutting down and abandoning module PaperTiledImporter (296)
[2018.05.09-21.31.35:818][548]LogModuleManager: Shutting down and abandoning module PaperSpriteSheetImporter (294)
[2018.05.09-21.31.35:818][548]LogModuleManager: Shutting down and abandoning module Paper2DEditor (292)
[2018.05.09-21.31.35:818][548]LogModuleManager: Shutting down and abandoning module MeshPaint (291)
[2018.05.09-21.31.35:819][548]LogModuleManager: Shutting down and abandoning module RuntimePhysXCooking (288)
[2018.05.09-21.31.35:819][548]LogModuleManager: Shutting down and abandoning module PhysXVehiclesEditor (286)
[2018.05.09-21.31.35:819][548]LogModuleManager: Shutting down and abandoning module PhysXVehicles (284)
[2018.05.09-21.31.35:819][548]LogModuleManager: Shutting down and abandoning module OculusEditor (282)
[2018.05.09-21.31.35:819][548]LogModuleManager: Shutting down and abandoning module LocationServicesBPLibrary (280)
[2018.05.09-21.31.35:819][548]LogModuleManager: Shutting down and abandoning module ImmediatePhysicsEditor (278)
[2018.05.09-21.31.35:819][548]LogModuleManager: Shutting down and abandoning module ImmediatePhysics (276)
[2018.05.09-21.31.35:819][548]LogModuleManager: Shutting down and abandoning module ActorSequence (274)
[2018.05.09-21.31.35:819][548]LogModuleManager: Shutting down and abandoning module UdpMessaging (272)
[2018.05.09-21.31.35:920][548]LogModuleManager: Shutting down and abandoning module TcpMessaging (270)
[2018.05.09-21.31.36:021][548]LogModuleManager: Shutting down and abandoning module GameplayTagsEditor (268)
[2018.05.09-21.31.36:021][548]LogModuleManager: Shutting down and abandoning module FacialAnimationEditor (266)
[2018.05.09-21.31.36:021][548]LogModuleManager: Shutting down and abandoning module FacialAnimation (264)
[2018.05.09-21.31.36:021][548]LogModuleManager: Shutting down and abandoning module DataValidation (262)
[2018.05.09-21.31.36:021][548]LogModuleManager: Shutting down and abandoning module AssetManagerEditor (260)
[2018.05.09-21.31.36:021][548]LogModuleManager: Shutting down and abandoning module LevelEditor (259)
[2018.05.09-21.31.36:022][548]LogModuleManager: Shutting down and abandoning module PixelInspectorModule (258)
[2018.05.09-21.31.36:022][548]LogModuleManager: Shutting down and abandoning module CommonMenuExtensions (256)
[2018.05.09-21.31.36:022][548]LogModuleManager: Shutting down and abandoning module MainFrame (254)
[2018.05.09-21.31.36:022][548]LogModuleManager: Shutting down and abandoning module HotReload (253)
[2018.05.09-21.31.36:022][548]LogModuleManager: Shutting down and abandoning module ContentBrowser (249)
[2018.05.09-21.31.36:024][548]LogModuleManager: Shutting down and abandoning module TreeMap (247)
[2018.05.09-21.31.36:024][548]LogModuleManager: Shutting down and abandoning module LightPropagationVolumeRuntime (244)
[2018.05.09-21.31.36:024][548]LogModuleManager: Shutting down and abandoning module LiveLinkEditor (242)
[2018.05.09-21.31.36:024][548]LogModuleManager: Shutting down and abandoning module LiveLink (240)
[2018.05.09-21.31.36:315][548]LogModuleManager: Shutting down and abandoning module Paper2D (238)
[2018.05.09-21.31.36:315][548]LogModuleManager: Shutting down and abandoning module WindowsMoviePlayer (236)
[2018.05.09-21.31.36:315][548]LogModuleManager: Shutting down and abandoning module WmfMedia (234)
[2018.05.09-21.31.36:321][548]LogModuleManager: Shutting down and abandoning module Media (233)
[2018.05.09-21.31.36:327][548]LogModuleManager: Shutting down and abandoning module PacketHandler (230)
[2018.05.09-21.31.36:327][548]LogModuleManager: Shutting down and abandoning module ClothingSystemEditor (228)
[2018.05.09-21.31.36:327][548]LogModuleManager: Shutting down and abandoning module ClothingSystemRuntime (226)
[2018.05.09-21.31.36:327][548]LogModuleManager: Shutting down and abandoning module MediaAssets (224)
[2018.05.09-21.31.36:327][548]LogModuleManager: Shutting down and abandoning module Overlay (222)
[2018.05.09-21.31.36:327][548]LogModuleManager: Shutting down and abandoning module OverlayEditor (221)
[2018.05.09-21.31.36:327][548]LogModuleManager: Shutting down and abandoning module VREditor (218)
[2018.05.09-21.31.36:327][548]LogModuleManager: Shutting down and abandoning module StringTableEditor (216)
[2018.05.09-21.31.36:327][548]LogModuleManager: Shutting down and abandoning module GameplayTasksEditor (214)
[2018.05.09-21.31.36:327][548]LogModuleManager: Shutting down and abandoning module BehaviorTreeEditor (212)
[2018.05.09-21.31.36:327][548]LogModuleManager: Shutting down and abandoning module FunctionalTesting (210)
[2018.05.09-21.31.36:327][548]LogModuleManager: Shutting down and abandoning module CollisionAnalyzer (208)
[2018.05.09-21.31.36:327][548]LogModuleManager: Shutting down and abandoning module WorkspaceMenuStructure (207)
[2018.05.09-21.31.36:327][548]LogModuleManager: Shutting down and abandoning module UMG (204)
[2018.05.09-21.31.36:327][548]LogModuleManager: Shutting down and abandoning module UMGEditor (203)
[2018.05.09-21.31.36:327][548]LogModuleManager: Shutting down and abandoning module Sequencer (202)
[2018.05.09-21.31.36:328][548]LogModuleManager: Shutting down and abandoning module MessageLog (199)
[2018.05.09-21.31.36:328][548]LogModuleManager: Shutting down and abandoning module SlateReflector (194)
[2018.05.09-21.31.36:328][548]LogModuleManager: Shutting down and abandoning module Slate (192)
[2018.05.09-21.31.36:328][548]LogModuleManager: Shutting down and abandoning module EditorStyle (190)
[2018.05.09-21.31.36:329][548]LogModuleManager: Shutting down and abandoning module MRMesh (188)
[2018.05.09-21.31.36:329][548]LogModuleManager: Shutting down and abandoning module SourceCodeAccess (186)
[2018.05.09-21.31.36:329][548]LogModuleManager: Shutting down and abandoning module HeadMountedDisplay (184)
[2018.05.09-21.31.36:329][548]LogModuleManager: Shutting down and abandoning module XAudio2 (182)
[2018.05.09-21.31.36:329][548]LogModuleManager: Shutting down and abandoning module Networking (180)
[2018.05.09-21.31.36:329][548]LogModuleManager: Shutting down and abandoning module Core (178)
[2018.05.09-21.31.36:329][548]LogModuleManager: Shutting down and abandoning module LevelSequence (176)
[2018.05.09-21.31.36:329][548]LogModuleManager: Shutting down and abandoning module KismetCompiler (174)
[2018.05.09-21.31.36:329][548]LogModuleManager: Shutting down and abandoning module MeshUtilities (172)
[2018.05.09-21.31.36:329][548]LogModuleManager: Shutting down and abandoning module MeshMergeUtilities (171)
[2018.05.09-21.31.36:329][548]LogModuleManager: Shutting down and abandoning module MeshReductionInterface (170)
[2018.05.09-21.31.36:329][548]LogModuleManager: Shutting down and abandoning module SimplygonSwarm (169)
[2018.05.09-21.31.36:329][548]LogModuleManager: Shutting down and abandoning module SimplygonMeshReduction (167)
[2018.05.09-21.31.36:330][548]LogModuleManager: Shutting down and abandoning module QuadricMeshReduction (165)
[2018.05.09-21.31.36:330][548]LogModuleManager: Shutting down and abandoning module MaterialBaking (161)
[2018.05.09-21.31.36:330][548]LogModuleManager: Shutting down and abandoning module DirectoryWatcher (157)
[2018.05.09-21.31.36:331][548]LogModuleManager: Shutting down and abandoning module DerivedDataCache (154)
[2018.05.09-21.31.36:412][548]LogDerivedDataCache: Shutdown
[2018.05.09-21.31.36:412][548]LogModuleManager: Shutting down and abandoning module XGEController (152)
[2018.05.09-21.31.36:412][548]LogModuleManager: Shutting down and abandoning module TargetPlatform (150)
[2018.05.09-21.31.36:412][548]LogModuleManager: Shutting down and abandoning module VulkanShaderFormat (149)
[2018.05.09-21.31.36:412][548]LogModuleManager: Shutting down and abandoning module ShaderFormatVectorVM (147)
[2018.05.09-21.31.36:412][548]LogModuleManager: Shutting down and abandoning module ShaderFormatOpenGL (145)
[2018.05.09-21.31.36:412][548]LogModuleManager: Shutting down and abandoning module ShaderFormatD3D (143)
[2018.05.09-21.31.36:413][548]LogModuleManager: Shutting down and abandoning module MetalShaderFormat (141)
[2018.05.09-21.31.36:413][548]LogModuleManager: Shutting down and abandoning module TextureFormatUncompressed (139)
[2018.05.09-21.31.36:413][548]LogModuleManager: Shutting down and abandoning module TextureFormatPVR (137)
[2018.05.09-21.31.36:413][548]LogModuleManager: Shutting down and abandoning module TextureFormatDXT (135)
[2018.05.09-21.31.36:413][548]LogModuleManager: Shutting down and abandoning module TextureFormatIntelISPCTexComp (133)
[2018.05.09-21.31.36:413][548]LogModuleManager: Shutting down and abandoning module TextureFormatASTC (131)
[2018.05.09-21.31.36:413][548]LogModuleManager: Shutting down and abandoning module ImageWrapper (130)
[2018.05.09-21.31.36:413][548]LogModuleManager: Shutting down and abandoning module TextureFormatAndroid (127)
[2018.05.09-21.31.36:413][548]LogModuleManager: Shutting down and abandoning module AudioFormatOpus (125)
[2018.05.09-21.31.36:413][548]LogModuleManager: Shutting down and abandoning module AudioFormatOgg (123)
[2018.05.09-21.31.36:413][548]LogModuleManager: Shutting down and abandoning module AudioFormatADPCM (121)
[2018.05.09-21.31.36:413][548]LogModuleManager: Shutting down and abandoning module LinuxTargetPlatform (119)
[2018.05.09-21.31.36:413][548]LogModuleManager: Shutting down and abandoning module LinuxServerTargetPlatform (117)
[2018.05.09-21.31.36:413][548]LogModuleManager: Shutting down and abandoning module LinuxNoEditorTargetPlatform (115)
[2018.05.09-21.31.36:413][548]LogModuleManager: Shutting down and abandoning module LinuxClientTargetPlatform (113)
[2018.05.09-21.31.36:413][548]LogModuleManager: Shutting down and abandoning module TVOSTargetPlatform (111)
[2018.05.09-21.31.36:413][548]LogModuleManager: Shutting down and abandoning module Messaging (109)
[2018.05.09-21.31.36:413][548]LogModuleManager: Shutting down and abandoning module IOSTargetPlatform (107)
[2018.05.09-21.31.36:413][548]LogModuleManager: Shutting down and abandoning module HTML5TargetPlatform (105)
[2018.05.09-21.31.36:413][548]LogModuleManager: Shutting down and abandoning module AndroidTargetPlatform (103)
[2018.05.09-21.31.36:413][548]LogModuleManager: Shutting down and abandoning module Android_PVRTCTargetPlatform (101)
[2018.05.09-21.31.36:413][548]LogModuleManager: Shutting down and abandoning module Android_MultiTargetPlatform (99)
[2018.05.09-21.31.36:413][548]LogModuleManager: Shutting down and abandoning module Android_ETC2TargetPlatform (97)
[2018.05.09-21.31.36:413][548]LogModuleManager: Shutting down and abandoning module Android_ETC1TargetPlatform (95)
[2018.05.09-21.31.36:413][548]LogModuleManager: Shutting down and abandoning module Android_ETC1aTargetPlatform (93)
[2018.05.09-21.31.36:413][548]LogModuleManager: Shutting down and abandoning module Android_DXTTargetPlatform (91)
[2018.05.09-21.31.36:413][548]LogModuleManager: Shutting down and abandoning module Android_ATCTargetPlatform (89)
[2018.05.09-21.31.36:413][548]LogModuleManager: Shutting down and abandoning module Android_ASTCTargetPlatform (87)
[2018.05.09-21.31.36:413][548]LogModuleManager: Shutting down and abandoning module WindowsTargetPlatform (85)
[2018.05.09-21.31.36:413][548]LogModuleManager: Shutting down and abandoning module WindowsServerTargetPlatform (83)
[2018.05.09-21.31.36:413][548]LogModuleManager: Shutting down and abandoning module WindowsNoEditorTargetPlatform (81)
[2018.05.09-21.31.36:413][548]LogModuleManager: Shutting down and abandoning module WindowsClientTargetPlatform (79)
[2018.05.09-21.31.36:413][548]LogModuleManager: Shutting down and abandoning module MacTargetPlatform (77)
[2018.05.09-21.31.36:413][548]LogModuleManager: Shutting down and abandoning module MacServerTargetPlatform (75)
[2018.05.09-21.31.36:413][548]LogModuleManager: Shutting down and abandoning module MacNoEditorTargetPlatform (73)
[2018.05.09-21.31.36:413][548]LogModuleManager: Shutting down and abandoning module MacClientTargetPlatform (71)
[2018.05.09-21.31.36:413][548]LogModuleManager: Shutting down and abandoning module AllDesktopTargetPlatform (69)
[2018.05.09-21.31.36:413][548]LogModuleManager: Shutting down and abandoning module InputCore (66)
[2018.05.09-21.31.36:413][548]LogModuleManager: Shutting down and abandoning module Settings (64)
[2018.05.09-21.31.36:413][548]LogModuleManager: Shutting down and abandoning module PhysXCooking (62)
[2018.05.09-21.31.36:414][548]LogModuleManager: Shutting down and abandoning module SteamVR (60)
[2018.05.09-21.31.36:414][548]LogModuleManager: Shutting down and abandoning module OculusHMD (58)
[2018.05.09-21.31.36:414][548]LogModuleManager: Shutting down and abandoning module ExampleDeviceProfileSelector (56)
[2018.05.09-21.31.36:414][548]LogModuleManager: Shutting down and abandoning module AppleARKit (54)
[2018.05.09-21.31.36:414][548]LogModuleManager: Shutting down and abandoning module AugmentedReality (51)
[2018.05.09-21.31.36:414][548]LogModuleManager: Shutting down and abandoning module OnlineBlueprintSupport (48)
[2018.05.09-21.31.36:414][548]LogModuleManager: Shutting down and abandoning module OnlineSubsystem (44)
[2018.05.09-21.31.36:414][548]LogModuleManager: Shutting down and abandoning module XMPP (43)
[2018.05.09-21.31.36:414][548]LogModuleManager: Shutting down and abandoning module HTTP (41)
[2018.05.09-21.31.36:414][548]LogHttp: Display: Http module shutting down, but needs to wait on 1 outstanding Http requests:
[2018.05.09-21.31.36:414][548]LogHttp: Display: 	verb=[POST] url=[https://datarouter.ol.epicgames.com/datarouter/api/v1/public/data?SessionID=%7BF72ED179-4A8D-D31F-D5C2-908673563FDB%7D&AppID=UEEditor.Rocket.Release&AppVersion=4.19.2-4033788%2B%2B%2BUE4%2BRelease-4.19&UserID=453094ea448c6ce9ddea0d993876b92d%7Ca3cbe5661c454bb4a082ec41ce73bf73%7Cc0d59f40-b27e-4a6a-9587-c49865568328&AppEnvironment=datacollector-binary&UploadType=eteventstream] status=Processing
[2018.05.09-21.31.36:427][548]LogModuleManager: Shutting down and abandoning module SSL (40)
[2018.05.09-21.31.36:428][548]LogModuleManager: Shutting down and abandoning module AnimationModifiers (36)
[2018.05.09-21.31.36:428][548]LogModuleManager: Shutting down and abandoning module PropertyEditor (35)
[2018.05.09-21.31.36:428][548]LogModuleManager: Shutting down and abandoning module AudioEditor (32)
[2018.05.09-21.31.36:428][548]LogModuleManager: Shutting down and abandoning module TextureCompressor (30)
[2018.05.09-21.31.36:428][548]LogModuleManager: Shutting down and abandoning module ShaderCore (28)
[2018.05.09-21.31.36:428][548]LogModuleManager: Shutting down and abandoning module Landscape (26)
[2018.05.09-21.31.36:428][548]LogModuleManager: Shutting down and abandoning module SlateRHIRenderer (24)
[2018.05.09-21.31.36:429][548]LogModuleManager: Shutting down and abandoning module OpenGLDrv (22)
[2018.05.09-21.31.36:429][548]LogModuleManager: Shutting down and abandoning module D3D11RHI (20)
[2018.05.09-21.31.36:429][548]LogModuleManager: Shutting down and abandoning module AnimGraphRuntime (18)
[2018.05.09-21.31.36:429][548]LogModuleManager: Shutting down and abandoning module Renderer (16)
[2018.05.09-21.31.36:429][548]LogModuleManager: Shutting down and abandoning module Engine (14)
[2018.05.09-21.31.36:429][548]LogModuleManager: Shutting down and abandoning module CoreUObject (12)
[2018.05.09-21.31.36:429][548]LogModuleManager: Shutting down and abandoning module NetworkFile (10)
[2018.05.09-21.31.36:429][548]LogModuleManager: Shutting down and abandoning module CookedIterativeFile (8)
[2018.05.09-21.31.36:429][548]LogModuleManager: Shutting down and abandoning module StreamingFile (6)
[2018.05.09-21.31.36:429][548]LogModuleManager: Shutting down and abandoning module SandboxFile (4)
[2018.05.09-21.31.36:429][548]LogModuleManager: Shutting down and abandoning module PakFile (2)
[2018.05.09-21.31.36:437][548]LogExit: Exiting.
[2018.05.09-21.31.36:461][548]Log file closed, 05/09/18 17:31:36
