/content
env: TF_CPP_MIN_LOG_LEVEL=1
53 packages can be upgraded. Run 'apt list --upgradable' to see them.
--2024-05-30 05:44:48--  https://github.com/camenduru/gperftools/releases/download/v1.0/libtcmalloc_minimal.so.4
Resolving github.com (github.com)... 140.82.112.4
Connecting to github.com (github.com)|140.82.112.4|:443... connected.
HTTP request sent, awaiting response... 302 Found
Location: https://objects.githubusercontent.com/github-production-release-asset-2e65be/669786276/620e2e64-be9f-4599-904f-18ee3811e159?X-Amz-Algorithm=AWS4-HMAC-SHA256&X-Amz-Credential=releaseassetproduction%2F20240530%2Fus-east-1%2Fs3%2Faws4_request&X-Amz-Date=20240530T054448Z&X-Amz-Expires=300&X-Amz-Signature=0e6a0d60ebb91b421dab02d193cd61be61745523c00610b11543b49a5b93f107&X-Amz-SignedHeaders=host&actor_id=0&key_id=0&repo_id=669786276&response-content-disposition=attachment%3B%20filename%3Dlibtcmalloc_minimal.so.4&response-content-type=application%2Foctet-stream [following]
--2024-05-30 05:44:48--  https://objects.githubusercontent.com/github-production-release-asset-2e65be/669786276/620e2e64-be9f-4599-904f-18ee3811e159?X-Amz-Algorithm=AWS4-HMAC-SHA256&X-Amz-Credential=releaseassetproduction%2F20240530%2Fus-east-1%2Fs3%2Faws4_request&X-Amz-Date=20240530T054448Z&X-Amz-Expires=300&X-Amz-Signature=0e6a0d60ebb91b421dab02d193cd61be61745523c00610b11543b49a5b93f107&X-Amz-SignedHeaders=host&actor_id=0&key_id=0&repo_id=669786276&response-content-disposition=attachment%3B%20filename%3Dlibtcmalloc_minimal.so.4&response-content-type=application%2Foctet-stream
Resolving objects.githubusercontent.com (objects.githubusercontent.com)... 185.199.108.133, 185.199.109.133, 185.199.110.133, ...
Connecting to objects.githubusercontent.com (objects.githubusercontent.com)|185.199.108.133|:443... connected.
HTTP request sent, awaiting response... 200 OK
Length: 373960 (365K) [application/octet-stream]
Saving to: ‘/content/libtcmalloc_minimal.so.4’

/content/libtcmallo 100%[===================>] 365.20K  --.-KB/s    in 0.03s

2024-05-30 05:44:49 (12.7 MB/s) - ‘/content/libtcmalloc_minimal.so.4’ saved [373960/373960]

env: LD_PRELOAD=/content/libtcmalloc_minimal.so.4
pkg-config is already the newest version (0.29.2-1ubuntu3).
python3-dev is already the newest version (3.10.6-1~22.04).
python3-dev set to manually installed.
The following additional packages will be installed:
  libaria2-0 libblkid-dev libblkid1 libc-ares2 libcairo-script-interpreter2 libffi-dev
  libglib2.0-dev libglib2.0-dev-bin libice-dev liblzo2-2 libmount-dev libmount1 libpixman-1-dev
  libselinux1-dev libsepol-dev libsm-dev libxcb-render0-dev libxcb-shm0-dev
Suggested packages:
  libcairo2-doc libgirepository1.0-dev libglib2.0-doc libgdk-pixbuf2.0-bin | libgdk-pixbuf2.0-dev
  libxml2-utils libice-doc cryptsetup-bin libsm-doc
The following NEW packages will be installed:
  aria2 libaria2-0 libblkid-dev libc-ares2 libcairo-script-interpreter2 libcairo2-dev libffi-dev
  libglib2.0-dev libglib2.0-dev-bin libice-dev liblzo2-2 libmount-dev libpixman-1-dev
  libselinux1-dev libsepol-dev libsm-dev libxcb-render0-dev libxcb-shm0-dev
The following packages will be upgraded:
  libblkid1 libmount1
2 upgraded, 18 newly installed, 0 to remove and 51 not upgraded.
Need to get 5,581 kB of archives.
After this operation, 25.2 MB of additional disk space will be used.
(Reading database ... 121918 files and directories currently installed.)
Preparing to unpack .../libblkid1_2.37.2-4ubuntu3.4_amd64.deb ...
Unpacking libblkid1:amd64 (2.37.2-4ubuntu3.4) over (2.37.2-4ubuntu3) ...
Setting up libblkid1:amd64 (2.37.2-4ubuntu3.4) ...
(Reading database ... 121918 files and directories currently installed.)
Preparing to unpack .../libmount1_2.37.2-4ubuntu3.4_amd64.deb ...
Unpacking libmount1:amd64 (2.37.2-4ubuntu3.4) over (2.37.2-4ubuntu3) ...
Setting up libmount1:amd64 (2.37.2-4ubuntu3.4) ...
Selecting previously unselected package libc-ares2:amd64.
(Reading database ... 121918 files and directories currently installed.)
Preparing to unpack .../00-libc-ares2_1.18.1-1ubuntu0.22.04.3_amd64.deb ...
Unpacking libc-ares2:amd64 (1.18.1-1ubuntu0.22.04.3) ...
Selecting previously unselected package libaria2-0:amd64.
Preparing to unpack .../01-libaria2-0_1.36.0-1_amd64.deb ...
Unpacking libaria2-0:amd64 (1.36.0-1) ...
Selecting previously unselected package aria2.
Preparing to unpack .../02-aria2_1.36.0-1_amd64.deb ...
Unpacking aria2 (1.36.0-1) ...
Selecting previously unselected package liblzo2-2:amd64.
Preparing to unpack .../03-liblzo2-2_2.10-2build3_amd64.deb ...
Unpacking liblzo2-2:amd64 (2.10-2build3) ...
Selecting previously unselected package libcairo-script-interpreter2:amd64.
Preparing to unpack .../04-libcairo-script-interpreter2_1.16.0-5ubuntu2_amd64.deb ...
Unpacking libcairo-script-interpreter2:amd64 (1.16.0-5ubuntu2) ...
Selecting previously unselected package libice-dev:amd64.
Preparing to unpack .../05-libice-dev_2%3a1.0.10-1build2_amd64.deb ...
Unpacking libice-dev:amd64 (2:1.0.10-1build2) ...
Selecting previously unselected package libsm-dev:amd64.
Preparing to unpack .../06-libsm-dev_2%3a1.2.3-1build2_amd64.deb ...
Unpacking libsm-dev:amd64 (2:1.2.3-1build2) ...
Selecting previously unselected package libpixman-1-dev:amd64.
Preparing to unpack .../07-libpixman-1-dev_0.40.0-1ubuntu0.22.04.1_amd64.deb ...
Unpacking libpixman-1-dev:amd64 (0.40.0-1ubuntu0.22.04.1) ...
Selecting previously unselected package libxcb-render0-dev:amd64.
Preparing to unpack .../08-libxcb-render0-dev_1.14-3ubuntu3_amd64.deb ...
Unpacking libxcb-render0-dev:amd64 (1.14-3ubuntu3) ...
Selecting previously unselected package libxcb-shm0-dev:amd64.
Preparing to unpack .../09-libxcb-shm0-dev_1.14-3ubuntu3_amd64.deb ...
Unpacking libxcb-shm0-dev:amd64 (1.14-3ubuntu3) ...
Selecting previously unselected package libffi-dev:amd64.
Preparing to unpack .../10-libffi-dev_3.4.2-4_amd64.deb ...
Unpacking libffi-dev:amd64 (3.4.2-4) ...
Selecting previously unselected package libglib2.0-dev-bin.
Preparing to unpack .../11-libglib2.0-dev-bin_2.72.4-0ubuntu2.3_amd64.deb ...
Unpacking libglib2.0-dev-bin (2.72.4-0ubuntu2.3) ...
Selecting previously unselected package libblkid-dev:amd64.
Preparing to unpack .../12-libblkid-dev_2.37.2-4ubuntu3.4_amd64.deb ...
Unpacking libblkid-dev:amd64 (2.37.2-4ubuntu3.4) ...
Selecting previously unselected package libsepol-dev:amd64.
Preparing to unpack .../13-libsepol-dev_3.3-1build1_amd64.deb ...
Unpacking libsepol-dev:amd64 (3.3-1build1) ...
Selecting previously unselected package libselinux1-dev:amd64.
Preparing to unpack .../14-libselinux1-dev_3.3-1build2_amd64.deb ...
Unpacking libselinux1-dev:amd64 (3.3-1build2) ...
Selecting previously unselected package libmount-dev:amd64.
Preparing to unpack .../15-libmount-dev_2.37.2-4ubuntu3.4_amd64.deb ...
Unpacking libmount-dev:amd64 (2.37.2-4ubuntu3.4) ...
Selecting previously unselected package libglib2.0-dev:amd64.
Preparing to unpack .../16-libglib2.0-dev_2.72.4-0ubuntu2.3_amd64.deb ...
Unpacking libglib2.0-dev:amd64 (2.72.4-0ubuntu2.3) ...
Selecting previously unselected package libcairo2-dev:amd64.
Preparing to unpack .../17-libcairo2-dev_1.16.0-5ubuntu2_amd64.deb ...
Unpacking libcairo2-dev:amd64 (1.16.0-5ubuntu2) ...
Setting up libglib2.0-dev-bin (2.72.4-0ubuntu2.3) ...
Setting up libblkid-dev:amd64 (2.37.2-4ubuntu3.4) ...
Setting up libpixman-1-dev:amd64 (0.40.0-1ubuntu0.22.04.1) ...
Setting up libice-dev:amd64 (2:1.0.10-1build2) ...
Setting up libsm-dev:amd64 (2:1.2.3-1build2) ...
Setting up liblzo2-2:amd64 (2.10-2build3) ...
Setting up libc-ares2:amd64 (1.18.1-1ubuntu0.22.04.3) ...
Setting up libffi-dev:amd64 (3.4.2-4) ...
Setting up libxcb-shm0-dev:amd64 (1.14-3ubuntu3) ...
Setting up libsepol-dev:amd64 (3.3-1build1) ...
Setting up libxcb-render0-dev:amd64 (1.14-3ubuntu3) ...
Setting up libcairo-script-interpreter2:amd64 (1.16.0-5ubuntu2) ...
Setting up libaria2-0:amd64 (1.36.0-1) ...
Setting up libselinux1-dev:amd64 (3.3-1build2) ...
Setting up aria2 (1.36.0-1) ...
Setting up libmount-dev:amd64 (2.37.2-4ubuntu3.4) ...
Setting up libglib2.0-dev:amd64 (2.72.4-0ubuntu2.3) ...
Processing triggers for libglib2.0-0:amd64 (2.72.4-0ubuntu2.3) ...
Processing triggers for libc-bin (2.35-0ubuntu3.4) ...
/sbin/ldconfig.real: /usr/local/lib/libtbbbind.so.3 is not a symbolic link

/sbin/ldconfig.real: /usr/local/lib/libtbbbind_2_5.so.3 is not a symbolic link

/sbin/ldconfig.real: /usr/local/lib/libtbbbind_2_0.so.3 is not a symbolic link

/sbin/ldconfig.real: /usr/local/lib/libtbbmalloc.so.2 is not a symbolic link

/sbin/ldconfig.real: /usr/local/lib/libtbb.so.12 is not a symbolic link

/sbin/ldconfig.real: /usr/local/lib/libtbbmalloc_proxy.so.2 is not a symbolic link

Processing triggers for man-db (2.10.2-1) ...
Setting up libcairo2-dev:amd64 (1.16.0-5ubuntu2) ...
WARNING: Skipping httpx as it is not installed.
WARNING: Skipping httpcore as it is not installed.
Collecting httpx==0.23.0
  Downloading httpx-0.23.0-py3-none-any.whl (84 kB)
     ━━━━━━━━━━━━━━━━━━━━━━━━━━━━━━━━━━━━━━━━ 84.8/84.8 kB 1.8 MB/s eta 0:00:00
Collecting httpcore==0.15.0
  Downloading httpcore-0.15.0-py3-none-any.whl (68 kB)
     ━━━━━━━━━━━━━━━━━━━━━━━━━━━━━━━━━━━━━━━━ 68.4/68.4 kB 4.6 MB/s eta 0:00:00
Requirement already satisfied: certifi in /usr/local/lib/python3.10/dist-packages (from httpx==0.23.0) (2024.2.2)
Requirement already satisfied: sniffio in /usr/local/lib/python3.10/dist-packages (from httpx==0.23.0) (1.3.1)
Collecting rfc3986[idna2008]<2,>=1.3 (from httpx==0.23.0)
  Downloading rfc3986-1.5.0-py2.py3-none-any.whl (31 kB)
Collecting h11<0.13,>=0.11 (from httpcore==0.15.0)
  Downloading h11-0.12.0-py3-none-any.whl (54 kB)
     ━━━━━━━━━━━━━━━━━━━━━━━━━━━━━━━━━━━━━━━━ 54.9/54.9 kB 5.2 MB/s eta 0:00:00
Requirement already satisfied: anyio==3.* in /usr/local/lib/python3.10/dist-packages (from httpcore==0.15.0) (3.7.1)
Requirement already satisfied: idna>=2.8 in /usr/local/lib/python3.10/dist-packages (from anyio==3.*->httpcore==0.15.0) (3.7)
Requirement already satisfied: exceptiongroup in /usr/local/lib/python3.10/dist-packages (from anyio==3.*->httpcore==0.15.0) (1.2.1)
Installing collected packages: rfc3986, h11, httpcore, httpx
Successfully installed h11-0.12.0 httpcore-0.15.0 httpx-0.23.0 rfc3986-1.5.0
Collecting gradio==3.1.4
  Downloading gradio-3.1.4-py3-none-any.whl (5.6 MB)
     ━━━━━━━━━━━━━━━━━━━━━━━━━━━━━━━━━━━━━━━━ 5.6/5.6 MB 16.6 MB/s eta 0:00:00
Collecting analytics-python (from gradio==3.1.4)
  Downloading analytics_python-1.4.post1-py2.py3-none-any.whl (23 kB)
Requirement already satisfied: aiohttp in /usr/local/lib/python3.10/dist-packages (from gradio==3.1.4) (3.9.5)
Requirement already satisfied: h11<0.13,>=0.11 in /usr/local/lib/python3.10/dist-packages (from gradio==3.1.4) (0.12.0)
Collecting fastapi (from gradio==3.1.4)
  Downloading fastapi-0.111.0-py3-none-any.whl (91 kB)
     ━━━━━━━━━━━━━━━━━━━━━━━━━━━━━━━━━━━━━━━━ 92.0/92.0 kB 15.3 MB/s eta 0:00:00
Collecting ffmpy (from gradio==3.1.4)
  Downloading ffmpy-0.3.2.tar.gz (5.5 kB)
  Preparing metadata (setup.py) ... done
Requirement already satisfied: markdown-it-py[linkify,plugins] in /usr/local/lib/python3.10/dist-packages (from gradio==3.1.4) (3.0.0)
Requirement already satisfied: matplotlib in /usr/local/lib/python3.10/dist-packages (from gradio==3.1.4) (3.7.1)
Requirement already satisfied: numpy in /usr/local/lib/python3.10/dist-packages (from gradio==3.1.4) (1.25.2)
Collecting orjson (from gradio==3.1.4)
  Downloading orjson-3.10.3-cp310-cp310-manylinux_2_17_x86_64.manylinux2014_x86_64.whl (142 kB)
     ━━━━━━━━━━━━━━━━━━━━━━━━━━━━━━━━━━━━━━━━ 142.5/142.5 kB 22.8 MB/s eta 0:00:00
Requirement already satisfied: pandas in /usr/local/lib/python3.10/dist-packages (from gradio==3.1.4) (2.0.3)
Collecting paramiko (from gradio==3.1.4)
  Downloading paramiko-3.4.0-py3-none-any.whl (225 kB)
     ━━━━━━━━━━━━━━━━━━━━━━━━━━━━━━━━━━━━━━━━ 225.9/225.9 kB 34.0 MB/s eta 0:00:00
Requirement already satisfied: pillow in /usr/local/lib/python3.10/dist-packages (from gradio==3.1.4) (9.4.0)
Collecting pycryptodome (from gradio==3.1.4)
  Downloading pycryptodome-3.20.0-cp35-abi3-manylinux_2_17_x86_64.manylinux2014_x86_64.whl (2.1 MB)
     ━━━━━━━━━━━━━━━━━━━━━━━━━━━━━━━━━━━━━━━━ 2.1/2.1 MB 37.7 MB/s eta 0:00:00
Collecting python-multipart (from gradio==3.1.4)
  Downloading python_multipart-0.0.9-py3-none-any.whl (22 kB)
Collecting pydub (from gradio==3.1.4)
  Downloading pydub-0.25.1-py2.py3-none-any.whl (32 kB)
Requirement already satisfied: requests in /usr/local/lib/python3.10/dist-packages (from gradio==3.1.4) (2.31.0)
Collecting uvicorn (from gradio==3.1.4)
  Downloading uvicorn-0.30.0-py3-none-any.whl (62 kB)
     ━━━━━━━━━━━━━━━━━━━━━━━━━━━━━━━━━━━━━━━━ 62.4/62.4 kB 10.7 MB/s eta 0:00:00
Requirement already satisfied: Jinja2 in /usr/local/lib/python3.10/dist-packages (from gradio==3.1.4) (3.1.4)
Requirement already satisfied: fsspec in /usr/local/lib/python3.10/dist-packages (from gradio==3.1.4) (2023.6.0)
Requirement already satisfied: httpx in /usr/local/lib/python3.10/dist-packages (from gradio==3.1.4) (0.23.0)
Requirement already satisfied: pydantic in /usr/local/lib/python3.10/dist-packages (from gradio==3.1.4) (2.7.1)
Requirement already satisfied: aiosignal>=1.1.2 in /usr/local/lib/python3.10/dist-packages (from aiohttp->gradio==3.1.4) (1.3.1)
Requirement already satisfied: attrs>=17.3.0 in /usr/local/lib/python3.10/dist-packages (from aiohttp->gradio==3.1.4) (23.2.0)
Requirement already satisfied: frozenlist>=1.1.1 in /usr/local/lib/python3.10/dist-packages (from aiohttp->gradio==3.1.4) (1.4.1)
Requirement already satisfied: multidict<7.0,>=4.5 in /usr/local/lib/python3.10/dist-packages (from aiohttp->gradio==3.1.4) (6.0.5)
Requirement already satisfied: yarl<2.0,>=1.0 in /usr/local/lib/python3.10/dist-packages (from aiohttp->gradio==3.1.4) (1.9.4)
Requirement already satisfied: async-timeout<5.0,>=4.0 in /usr/local/lib/python3.10/dist-packages (from aiohttp->gradio==3.1.4) (4.0.3)
Requirement already satisfied: six>=1.5 in /usr/local/lib/python3.10/dist-packages (from analytics-python->gradio==3.1.4) (1.16.0)
Collecting monotonic>=1.5 (from analytics-python->gradio==3.1.4)
  Downloading monotonic-1.6-py2.py3-none-any.whl (8.2 kB)
Collecting backoff==1.10.0 (from analytics-python->gradio==3.1.4)
  Downloading backoff-1.10.0-py2.py3-none-any.whl (31 kB)
Requirement already satisfied: python-dateutil>2.1 in /usr/local/lib/python3.10/dist-packages (from analytics-python->gradio==3.1.4) (2.8.2)
Requirement already satisfied: charset-normalizer<4,>=2 in /usr/local/lib/python3.10/dist-packages (from requests->gradio==3.1.4) (3.3.2)
Requirement already satisfied: idna<4,>=2.5 in /usr/local/lib/python3.10/dist-packages (from requests->gradio==3.1.4) (3.7)
Requirement already satisfied: urllib3<3,>=1.21.1 in /usr/local/lib/python3.10/dist-packages (from requests->gradio==3.1.4) (2.0.7)
Requirement already satisfied: certifi>=2017.4.17 in /usr/local/lib/python3.10/dist-packages (from requests->gradio==3.1.4) (2024.2.2)
Collecting starlette<0.38.0,>=0.37.2 (from fastapi->gradio==3.1.4)
  Downloading starlette-0.37.2-py3-none-any.whl (71 kB)
     ━━━━━━━━━━━━━━━━━━━━━━━━━━━━━━━━━━━━━━━━ 71.9/71.9 kB 11.8 MB/s eta 0:00:00
Requirement already satisfied: typing-extensions>=4.8.0 in /usr/local/lib/python3.10/dist-packages (from fastapi->gradio==3.1.4) (4.11.0)
Collecting fastapi-cli>=0.0.2 (from fastapi->gradio==3.1.4)
  Downloading fastapi_cli-0.0.4-py3-none-any.whl (9.5 kB)
Collecting ujson!=4.0.2,!=4.1.0,!=4.2.0,!=4.3.0,!=5.0.0,!=5.1.0,>=4.0.1 (from fastapi->gradio==3.1.4)
  Downloading ujson-5.10.0-cp310-cp310-manylinux_2_17_x86_64.manylinux2014_x86_64.whl (53 kB)
     ━━━━━━━━━━━━━━━━━━━━━━━━━━━━━━━━━━━━━━━━ 53.6/53.6 kB 9.1 MB/s eta 0:00:00
Collecting email_validator>=2.0.0 (from fastapi->gradio==3.1.4)
  Downloading email_validator-2.1.1-py3-none-any.whl (30 kB)
Requirement already satisfied: sniffio in /usr/local/lib/python3.10/dist-packages (from httpx->gradio==3.1.4) (1.3.1)
Requirement already satisfied: rfc3986[idna2008]<2,>=1.3 in /usr/local/lib/python3.10/dist-packages (from httpx->gradio==3.1.4) (1.5.0)
Requirement already satisfied: httpcore<0.16.0,>=0.15.0 in /usr/local/lib/python3.10/dist-packages (from httpx->gradio==3.1.4) (0.15.0)
Requirement already satisfied: MarkupSafe>=2.0 in /usr/local/lib/python3.10/dist-packages (from Jinja2->gradio==3.1.4) (2.1.5)
Requirement already satisfied: annotated-types>=0.4.0 in /usr/local/lib/python3.10/dist-packages (from pydantic->gradio==3.1.4) (0.7.0)
Requirement already satisfied: pydantic-core==2.18.2 in /usr/local/lib/python3.10/dist-packages (from pydantic->gradio==3.1.4) (2.18.2)
Requirement already satisfied: mdurl~=0.1 in /usr/local/lib/python3.10/dist-packages (from markdown-it-py[linkify,plugins]->gradio==3.1.4) (0.1.2)
Requirement already satisfied: linkify-it-py<3,>=1 in /usr/local/lib/python3.10/dist-packages (from markdown-it-py[linkify,plugins]->gradio==3.1.4) (2.0.3)
Requirement already satisfied: mdit-py-plugins in /usr/local/lib/python3.10/dist-packages (from markdown-it-py[linkify,plugins]->gradio==3.1.4) (0.4.1)
Requirement already satisfied: contourpy>=1.0.1 in /usr/local/lib/python3.10/dist-packages (from matplotlib->gradio==3.1.4) (1.2.1)
Requirement already satisfied: cycler>=0.10 in /usr/local/lib/python3.10/dist-packages (from matplotlib->gradio==3.1.4) (0.12.1)
Requirement already satisfied: fonttools>=4.22.0 in /usr/local/lib/python3.10/dist-packages (from matplotlib->gradio==3.1.4) (4.51.0)
Requirement already satisfied: kiwisolver>=1.0.1 in /usr/local/lib/python3.10/dist-packages (from matplotlib->gradio==3.1.4) (1.4.5)
Requirement already satisfied: packaging>=20.0 in /usr/local/lib/python3.10/dist-packages (from matplotlib->gradio==3.1.4) (24.0)
Requirement already satisfied: pyparsing>=2.3.1 in /usr/local/lib/python3.10/dist-packages (from matplotlib->gradio==3.1.4) (3.1.2)
Requirement already satisfied: pytz>=2020.1 in /usr/local/lib/python3.10/dist-packages (from pandas->gradio==3.1.4) (2023.4)
Requirement already satisfied: tzdata>=2022.1 in /usr/local/lib/python3.10/dist-packages (from pandas->gradio==3.1.4) (2024.1)
Collecting bcrypt>=3.2 (from paramiko->gradio==3.1.4)
  Downloading bcrypt-4.1.3-cp39-abi3-manylinux_2_28_x86_64.whl (283 kB)
     ━━━━━━━━━━━━━━━━━━━━━━━━━━━━━━━━━━━━━━━━ 283.7/283.7 kB 36.7 MB/s eta 0:00:00
Requirement already satisfied: cryptography>=3.3 in /usr/local/lib/python3.10/dist-packages (from paramiko->gradio==3.1.4) (42.0.7)
Collecting pynacl>=1.5 (from paramiko->gradio==3.1.4)
  Downloading PyNaCl-1.5.0-cp36-abi3-manylinux_2_17_x86_64.manylinux2014_x86_64.manylinux_2_24_x86_64.whl (856 kB)
     ━━━━━━━━━━━━━━━━━━━━━━━━━━━━━━━━━━━━━━━━ 856.7/856.7 kB 39.3 MB/s eta 0:00:00
Requirement already satisfied: click>=7.0 in /usr/local/lib/python3.10/dist-packages (from uvicorn->gradio==3.1.4) (8.1.7)
Requirement already satisfied: cffi>=1.12 in /usr/local/lib/python3.10/dist-packages (from cryptography>=3.3->paramiko->gradio==3.1.4) (1.16.0)
Collecting dnspython>=2.0.0 (from email_validator>=2.0.0->fastapi->gradio==3.1.4)
  Downloading dnspython-2.6.1-py3-none-any.whl (307 kB)
     ━━━━━━━━━━━━━━━━━━━━━━━━━━━━━━━━━━━━━━━━ 307.7/307.7 kB 34.8 MB/s eta 0:00:00
Collecting typer>=0.12.3 (from fastapi-cli>=0.0.2->fastapi->gradio==3.1.4)
  Downloading typer-0.12.3-py3-none-any.whl (47 kB)
     ━━━━━━━━━━━━━━━━━━━━━━━━━━━━━━━━━━━━━━━━ 47.2/47.2 kB 7.1 MB/s eta 0:00:00
Requirement already satisfied: anyio==3.* in /usr/local/lib/python3.10/dist-packages (from httpcore<0.16.0,>=0.15.0->httpx->gradio==3.1.4) (3.7.1)
Requirement already satisfied: exceptiongroup in /usr/local/lib/python3.10/dist-packages (from anyio==3.*->httpcore<0.16.0,>=0.15.0->httpx->gradio==3.1.4) (1.2.1)
Requirement already satisfied: uc-micro-py in /usr/local/lib/python3.10/dist-packages (from linkify-it-py<3,>=1->markdown-it-py[linkify,plugins]->gradio==3.1.4) (1.0.3)
Collecting httptools>=0.5.0 (from uvicorn->gradio==3.1.4)
  Downloading httptools-0.6.1-cp310-cp310-manylinux_2_5_x86_64.manylinux1_x86_64.manylinux_2_17_x86_64.manylinux2014_x86_64.whl (341 kB)
     ━━━━━━━━━━━━━━━━━━━━━━━━━━━━━━━━━━━━━━━━ 341.4/341.4 kB 36.9 MB/s eta 0:00:00
Collecting python-dotenv>=0.13 (from uvicorn->gradio==3.1.4)
  Downloading python_dotenv-1.0.1-py3-none-any.whl (19 kB)
Requirement already satisfied: pyyaml>=5.1 in /usr/local/lib/python3.10/dist-packages (from uvicorn->gradio==3.1.4) (6.0.1)
Collecting uvloop!=0.15.0,!=0.15.1,>=0.14.0 (from uvicorn->gradio==3.1.4)
  Downloading uvloop-0.19.0-cp310-cp310-manylinux_2_17_x86_64.manylinux2014_x86_64.whl (3.4 MB)
     ━━━━━━━━━━━━━━━━━━━━━━━━━━━━━━━━━━━━━━━━ 3.4/3.4 MB 45.8 MB/s eta 0:00:00
Collecting watchfiles>=0.13 (from uvicorn->gradio==3.1.4)
  Downloading watchfiles-0.22.0-cp310-cp310-manylinux_2_17_x86_64.manylinux2014_x86_64.whl (1.2 MB)
     ━━━━━━━━━━━━━━━━━━━━━━━━━━━━━━━━━━━━━━━━ 1.2/1.2 MB 48.9 MB/s eta 0:00:00
Collecting websockets>=10.4 (from uvicorn->gradio==3.1.4)
  Downloading websockets-12.0-cp310-cp310-manylinux_2_5_x86_64.manylinux1_x86_64.manylinux_2_17_x86_64.manylinux2014_x86_64.whl (130 kB)
     ━━━━━━━━━━━━━━━━━━━━━━━━━━━━━━━━━━━━━━━━ 130.2/130.2 kB 20.3 MB/s eta 0:00:00
Requirement already satisfied: pycparser in /usr/local/lib/python3.10/dist-packages (from cffi>=1.12->cryptography>=3.3->paramiko->gradio==3.1.4) (2.22)
Collecting shellingham>=1.3.0 (from typer>=0.12.3->fastapi-cli>=0.0.2->fastapi->gradio==3.1.4)
  Downloading shellingham-1.5.4-py2.py3-none-any.whl (9.8 kB)
Requirement already satisfied: rich>=10.11.0 in /usr/local/lib/python3.10/dist-packages (from typer>=0.12.3->fastapi-cli>=0.0.2->fastapi->gradio==3.1.4) (13.7.1)
Requirement already satisfied: pygments<3.0.0,>=2.13.0 in /usr/local/lib/python3.10/dist-packages (from rich>=10.11.0->typer>=0.12.3->fastapi-cli>=0.0.2->fastapi->gradio==3.1.4) (2.16.1)
Building wheels for collected packages: ffmpy
  Building wheel for ffmpy (setup.py) ... done
  Created wheel for ffmpy: filename=ffmpy-0.3.2-py3-none-any.whl size=5584 sha256=7c24f5987816aa141d8e7f9985605a708d9e5a329bc3721385383e31b1aead7c
  Stored in directory: /root/.cache/pip/wheels/bd/65/9a/671fc6dcde07d4418df0c592f8df512b26d7a0029c2a23dd81
Successfully built ffmpy
Installing collected packages: pydub, monotonic, ffmpy, websockets, uvloop, uvicorn, ujson, shellingham, python-multipart, python-dotenv, pycryptodome, orjson, httptools, dnspython, bcrypt, backoff, watchfiles, starlette, pynacl, email_validator, analytics-python, typer, paramiko, fastapi-cli, fastapi, gradio
  Attempting uninstall: typer
    Found existing installation: typer 0.9.4
    Uninstalling typer-0.9.4:
      Successfully uninstalled typer-0.9.4
ERROR: pip's dependency resolver does not currently take into account all the packages that are installed. This behaviour is the source of the following dependency conflicts.
spacy 3.7.4 requires typer<0.10.0,>=0.3.0, but you have typer 0.12.3 which is incompatible.
weasel 0.3.4 requires typer<0.10.0,>=0.3.0, but you have typer 0.12.3 which is incompatible.
Successfully installed analytics-python-1.4.post1 backoff-1.10.0 bcrypt-4.1.3 dnspython-2.6.1 email_validator-2.1.1 fastapi-0.111.0 fastapi-cli-0.0.4 ffmpy-0.3.2 gradio-3.1.4 httptools-0.6.1 monotonic-1.6 orjson-3.10.3 paramiko-3.4.0 pycryptodome-3.20.0 pydub-0.25.1 pynacl-1.5.0 python-dotenv-1.0.1 python-multipart-0.0.9 shellingham-1.5.4 starlette-0.37.2 typer-0.12.3 ujson-5.10.0 uvicorn-0.30.0 uvloop-0.19.0 watchfiles-0.22.0 websockets-12.0
     ━━━━━━━━━━━━━━━━━━━━━━━━━━━━━━━━━━━━━━━╸ 2.3/2.3 GB 133.1 MB/s eta 0:00:01tcmalloc: large alloc 2267324416 bytes == 0x591e8f030000 @
     ━━━━━━━━━━━━━━━━━━━━━━━━━━━━━━━━━━━━━━━╸ 2.3/2.3 GB 137.6 MB/s eta 0:00:01tcmalloc: large alloc 2834161664 bytes == 0x591f1627a000 @
tcmalloc: large alloc 2267324416 bytes == 0x591e8f030000 @
     ━━━━━━━━━━━━━━━━━━━━━━━━━━━━━━━━━━━━━━━━ 2.3/2.3 GB 489.2 kB/s eta 0:00:00
     ━━━━━━━━━━━━━━━━━━━━━━━━━━━━━━━━━━━━━━━━ 6.1/6.1 MB 71.6 MB/s eta 0:00:00
     ━━━━━━━━━━━━━━━━━━━━━━━━━━━━━━━━━━━━━━━━ 4.4/4.4 MB 57.0 MB/s eta 0:00:00
     ━━━━━━━━━━━━━━━━━━━━━━━━━━━━━━━━━━━━━━━━ 2.0/2.0 MB 41.1 MB/s eta 0:00:00
     ━━━━━━━━━━━━━━━━━━━━━━━━━━━━━━━━━━━━━━━━ 4.6/4.6 MB 61.8 MB/s eta 0:00:00
     ━━━━━━━━━━━━━━━━━━━━━━━━━━━━━━━━━━━━━━━━ 63.3/63.3 MB 10.1 MB/s eta 0:00:00
     ━━━━━━━━━━━━━━━━━━━━━━━━━━━━━━━━━━━━━━━━ 96.4/96.4 kB 2.9 MB/s eta 0:00:00
     ━━━━━━━━━━━━━━━━━━━━━━━━━━━━━━━━━━━━━━━━ 109.1/109.1 MB 8.6 MB/s eta 0:00:00
     ━━━━━━━━━━━━━━━━━━━━━━━━━━━━━━━━━━━━━━━━ 288.4/288.4 kB 21.0 MB/s eta 0:00:00
Cloning into 'stable-diffusion-webui'...
remote: Enumerating objects: 28649, done.
remote: Total 28649 (delta 0), reused 0 (delta 0), pack-reused 28649
Receiving objects: 100% (28649/28649), 32.80 MiB | 26.76 MiB/s, done.
Resolving deltas: 100% (20022/20022), done.
Cloning into '/content/stable-diffusion-webui/embeddings/negative'...
remote: Enumerating objects: 18, done.
remote: Total 18 (delta 0), reused 0 (delta 0), pack-reused 18 (from 1)
Unpacking objects: 100% (18/18), 2.42 KiB | 826.00 KiB/s, done.
Cloning into '/content/stable-diffusion-webui/models/Lora/positive'...
remote: Enumerating objects: 12, done.
remote: Total 12 (delta 0), reused 0 (delta 0), pack-reused 12 (from 1)
Unpacking objects: 100% (12/12), 1.56 KiB | 799.00 KiB/s, done.
Filtering content: 100% (3/3), 239.93 MiB | 47.71 MiB/s, done.

Download Results:
gid   |stat|avg speed  |path/URI
======+====+===========+=======================================================
c5db5c|OK  |    86MiB/s|/content/stable-diffusion-webui/models/ESRGAN/4x-UltraSharp.pth

Status Legend:
(OK):download completed.
--2024-05-30 05:48:19--  https://raw.githubusercontent.com/camenduru/stable-diffusion-webui-scripts/main/run_n_times.py
Resolving raw.githubusercontent.com (raw.githubusercontent.com)... 185.199.108.133, 185.199.109.133, 185.199.110.133, ...
Connecting to raw.githubusercontent.com (raw.githubusercontent.com)|185.199.108.133|:443... connected.
HTTP request sent, awaiting response... 200 OK
Length: 533 [text/plain]
Saving to: ‘/content/stable-diffusion-webui/scripts/run_n_times.py’

/content/stable-dif 100%[===================>]     533  --.-KB/s    in 0s

2024-05-30 05:48:20 (34.6 MB/s) - ‘/content/stable-diffusion-webui/scripts/run_n_times.py’ saved [533/533]

Cloning into '/content/stable-diffusion-webui/extensions/deforum-for-automatic1111-webui'...
remote: Enumerating objects: 14044, done.
remote: Counting objects: 100% (2524/2524), done.
remote: Compressing objects: 100% (889/889), done.
remote: Total 14044 (delta 1701), reused 2309 (delta 1623), pack-reused 11520
Receiving objects: 100% (14044/14044), 128.06 MiB | 33.03 MiB/s, done.
Resolving deltas: 100% (8659/8659), done.
Cloning into '/content/stable-diffusion-webui/extensions/stable-diffusion-webui-images-browser'...
remote: Enumerating objects: 172, done.
remote: Counting objects: 100% (48/48), done.
remote: Compressing objects: 100% (25/25), done.
remote: Total 172 (delta 32), reused 23 (delta 23), pack-reused 124
Receiving objects: 100% (172/172), 65.54 KiB | 545.00 KiB/s, done.
Resolving deltas: 100% (58/58), done.
Cloning into '/content/stable-diffusion-webui/extensions/stable-diffusion-webui-huggingface'...
remote: Enumerating objects: 124, done.
remote: Counting objects: 100% (18/18), done.
remote: Compressing objects: 100% (8/8), done.
remote: Total 124 (delta 13), reused 11 (delta 10), pack-reused 106
Receiving objects: 100% (124/124), 29.72 KiB | 498.00 KiB/s, done.
Resolving deltas: 100% (43/43), done.
Cloning into '/content/stable-diffusion-webui/extensions/sd-civitai-browser'...
remote: Enumerating objects: 163, done.
remote: Counting objects: 100% (42/42), done.
remote: Compressing objects: 100% (16/16), done.
remote: Total 163 (delta 35), reused 26 (delta 26), pack-reused 121
Receiving objects: 100% (163/163), 38.83 KiB | 641.00 KiB/s, done.
Resolving deltas: 100% (37/37), done.
Cloning into '/content/stable-diffusion-webui/extensions/sd-webui-additional-networks'...
remote: Enumerating objects: 727, done.
remote: Counting objects: 100% (374/374), done.
remote: Compressing objects: 100% (120/120), done.
remote: Total 727 (delta 299), reused 254 (delta 254), pack-reused 353
Receiving objects: 100% (727/727), 209.28 KiB | 885.00 KiB/s, done.
Resolving deltas: 100% (393/393), done.
Cloning into '/content/stable-diffusion-webui/extensions/sd-webui-tunnels'...
remote: Enumerating objects: 410, done.
remote: Counting objects: 100% (168/168), done.
remote: Compressing objects: 100% (43/43), done.
remote: Total 410 (delta 159), reused 127 (delta 125), pack-reused 242
Receiving objects: 100% (410/410), 81.24 KiB | 665.00 KiB/s, done.
Resolving deltas: 100% (196/196), done.
Cloning into '/content/stable-diffusion-webui/extensions/batchlinks-webui'...
remote: Enumerating objects: 501, done.
remote: Counting objects: 100% (197/197), done.
remote: Compressing objects: 100% (78/78), done.
remote: Total 501 (delta 147), reused 133 (delta 118), pack-reused 304
Receiving objects: 100% (501/501), 4.38 MiB | 8.62 MiB/s, done.
Resolving deltas: 100% (280/280), done.
Cloning into '/content/stable-diffusion-webui/extensions/stable-diffusion-webui-catppuccin'...
remote: Enumerating objects: 314, done.
remote: Counting objects: 100% (26/26), done.
remote: Compressing objects: 100% (14/14), done.
remote: Total 314 (delta 18), reused 12 (delta 12), pack-reused 288
Receiving objects: 100% (314/314), 13.45 MiB | 18.34 MiB/s, done.
Resolving deltas: 100% (171/171), done.
Cloning into '/content/stable-diffusion-webui/extensions/stable-diffusion-webui-rembg'...
remote: Enumerating objects: 27, done.
remote: Counting objects: 100% (13/13), done.
remote: Compressing objects: 100% (7/7), done.
remote: Total 27 (delta 7), reused 6 (delta 6), pack-reused 14
Receiving objects: 100% (27/27), 1022.89 KiB | 3.25 MiB/s, done.
Resolving deltas: 100% (7/7), done.
Cloning into '/content/stable-diffusion-webui/extensions/stable-diffusion-webui-two-shot'...
remote: Enumerating objects: 176, done.
remote: Counting objects: 100% (40/40), done.
remote: Compressing objects: 100% (19/19), done.
remote: Total 176 (delta 23), reused 21 (delta 21), pack-reused 136
Receiving objects: 100% (176/176), 22.22 MiB | 23.50 MiB/s, done.
Resolving deltas: 100% (80/80), done.
Cloning into '/content/stable-diffusion-webui/extensions/sd-webui-aspect-ratio-helper'...
remote: Enumerating objects: 258, done.
remote: Counting objects: 100% (105/105), done.
remote: Compressing objects: 100% (54/54), done.
remote: Total 258 (delta 67), reused 65 (delta 51), pack-reused 153
Receiving objects: 100% (258/258), 410.46 KiB | 1.61 MiB/s, done.
Resolving deltas: 100% (122/122), done.
Cloning into '/content/stable-diffusion-webui/extensions/asymmetric-tiling-sd-webui'...
remote: Enumerating objects: 15, done.
remote: Counting objects: 100% (15/15), done.
remote: Compressing objects: 100% (13/13), done.
remote: Total 15 (delta 3), reused 6 (delta 1), pack-reused 0
Receiving objects: 100% (15/15), 7.79 KiB | 7.79 MiB/s, done.
Resolving deltas: 100% (3/3), done.
/content/stable-diffusion-webui
HEAD is now at f865d3e1 add changelog for 1.4.1
fatal: cannot change to '/content/stable-diffusion-webui/repositories/stable-diffusion-stability-ai': No such file or directory

Download Results:
gid   |stat|avg speed  |path/URI
======+====+===========+=======================================================
21b801|OK  |    94MiB/s|/content/stable-diffusion-webui/models/Stable-diffusion/sd-v1-4.ckpt

Status Legend:
(OK):download completed.
fatal: No names found, cannot describe anything.
Python 3.10.12 (main, Nov 20 2023, 15:14:05) [GCC 11.4.0]
Version: ## 1.4.1
Commit hash: f865d3e11647dfd6c7b2cdf90dde24680e58acd8
Installing gfpgan
Installing clip
Installing open_clip
Cloning Stable Diffusion into /content/stable-diffusion-webui/repositories/stable-diffusion-stability-ai...
Cloning K-diffusion into /content/stable-diffusion-webui/repositories/k-diffusion...
Cloning CodeFormer into /content/stable-diffusion-webui/repositories/CodeFormer...
Cloning BLIP into /content/stable-diffusion-webui/repositories/BLIP...
Installing requirements for CodeFormer
Installing requirements
Installing Deforum requirement: av
Installing Deforum requirement: pims

Installing requirements for CivitAI Browser

Installing rembg
Installing onnxruntime for REMBG extension
Installing pymatting for REMBG extension




Installing pycloudflared

Launching Web UI with arguments: --listen --xformers --enable-insecure-extension-access --theme dark --gradio-queue --multiple
2024-05-30 05:51:44.752379: E external/local_xla/xla/stream_executor/cuda/cuda_dnn.cc:9261] Unable to register cuDNN factory: Attempting to register factory for plugin cuDNN when one has already been registered
2024-05-30 05:51:44.752451: E external/local_xla/xla/stream_executor/cuda/cuda_fft.cc:607] Unable to register cuFFT factory: Attempting to register factory for plugin cuFFT when one has already been registered
2024-05-30 05:51:44.878924: E external/local_xla/xla/stream_executor/cuda/cuda_blas.cc:1515] Unable to register cuBLAS factory: Attempting to register factory for plugin cuBLAS when one has already been registered
2024-05-30 05:51:47.442112: W tensorflow/compiler/tf2tensorrt/utils/py_utils.cc:38] TF-TRT Warning: Could not find TensorRT
[AddNet] Updating model hashes...
0it [00:00, ?it/s]
[AddNet] Updating model hashes...
0it [00:00, ?it/s]
all detected, remote.moe trying to connect...
Warning: Permanently added 'localhost.run' (RSA) to the list of known hosts.
all detected, cloudflared trying to connect...
Download cloudflared...: 100% 35.7M/35.7M [00:00<00:00, 247MB/s]
Calculating sha256 for /content/stable-diffusion-webui/models/Stable-diffusion/sd-v1-4.ckpt: Public WebUI Colab URL: None
Public WebUI Colab URL: https://acc0609d-7ee2-4103.gradio.live
Public WebUI Colab URL: https://da51bf55b72c1f.lhr.life
Public WebUI Colab URL: https://runs-reply-separation-katie.trycloudflare.com
Startup time: 76.6s (import torch: 10.9s, import gradio: 0.8s, import ldm: 2.1s, other imports: 2.1s, setup codeformer: 0.2s, load scripts: 57.8s, create ui: 2.3s, gradio launch: 0.3s).
preload_extensions_git_metadata for 19 extensions took 0.60s
Calculating sha256 for /content/stable-diffusion-webui/models/Stable-diffusion/sd-v1-4.ckpt: fe4efff1e174c627256e44ec2991ba279b3816e364b49f9be2abc0b3ff3f8556
Loading weights [fe4efff1e1] from /content/stable-diffusion-webui/models/Stable-diffusion/sd-v1-4.ckpt
Creating model from config: /content/stable-diffusion-webui/configs/v1-inference.yaml
LatentDiffusion: Running in eps-prediction mode
DiffusionWrapper has 859.52 M params.
vocab.json: 100% 961k/961k [00:00<00:00, 24.3MB/s]
merges.txt: 100% 525k/525k [00:00<00:00, 3.97MB/s]
special_tokens_map.json: 100% 389/389 [00:00<00:00, 2.17MB/s]
fe4efff1e174c627256e44ec2991ba279b3816e364b49f9be2abc0b3ff3f8556
Loading weights [fe4efff1e1] from /content/stable-diffusion-webui/models/Stable-diffusion/sd-v1-4.ckpt
tokenizer_config.json: 100% 905/905 [00:00<00:00, 4.60MB/s]
config.json: 100% 4.52k/4.52k [00:00<00:00, 15.2MB/s]
Applying attention optimization: xformers... done.
Textual inversion embeddings loaded(9): bad-artist, bad-artist-anime, bad-hands-5, bad-image-v2-39000, bad_prompt_version2, EasyNegative, EasyNegativeV2, ng_deepnegative_v1_75t, verybadimagenegative_v1.3
Model loaded in 55.6s (calculate hash: 30.4s, load weights from disk: 12.3s, create model: 6.4s, apply weights to model: 1.4s, apply half(): 0.1s, load textual inversion embeddings: 1.1s, calculate empty prompt: 3.8s).
Creating model from config: /content/stable-diffusion-webui/configs/v1-inference.yaml
LatentDiffusion: Running in eps-prediction mode
DiffusionWrapper has 859.52 M params.
Applying attention optimization: xformers... done.
Model loaded in 6.3s (create model: 4.7s, apply weights to model: 1.3s, calculate empty prompt: 0.2s).


  0% 0/29 [00:00<?, ?it/s]
  3% 1/29 [00:05<02:25,  5.19s/it]
  7% 2/29 [00:05<01:09,  2.58s/it]
 10% 3/29 [00:06<00:45,  1.76s/it]
 14% 4/29 [00:07<00:34,  1.37s/it]
 17% 5/29 [00:08<00:27,  1.16s/it]
 21% 6/29 [00:09<00:23,  1.03s/it]
 24% 7/29 [00:09<00:20,  1.05it/s]
 28% 8/29 [00:10<00:18,  1.12it/s]
 31% 9/29 [00:11<00:17,  1.16it/s]
 34% 10/29 [00:12<00:15,  1.19it/s]
 38% 11/29 [00:13<00:14,  1.21it/s]
 41% 12/29 [00:13<00:13,  1.23it/s]
 45% 13/29 [00:14<00:12,  1.24it/s]
 48% 14/29 [00:15<00:11,  1.25it/s]
 52% 15/29 [00:16<00:11,  1.26it/s]
 55% 16/29 [00:16<00:10,  1.26it/s]
 59% 17/29 [00:17<00:09,  1.26it/s]
 62% 18/29 [00:18<00:08,  1.26it/s]
 66% 19/29 [00:19<00:07,  1.26it/s]
 69% 20/29 [00:20<00:07,  1.26it/s]
 72% 21/29 [00:20<00:06,  1.26it/s]
 76% 22/29 [00:21<00:05,  1.26it/s]
 79% 23/29 [00:22<00:04,  1.26it/s]
 83% 24/29 [00:23<00:03,  1.26it/s]
 86% 25/29 [00:24<00:03,  1.26it/s]
 90% 26/29 [00:24<00:02,  1.26it/s]
 93% 27/29 [00:25<00:01,  1.26it/s]
 97% 28/29 [00:26<00:00,  1.26it/s]
100% 29/29 [00:27<00:00,  1.06it/s]

Total progress: 100% 29/29 [00:29<00:00,  1.00s/it]


  0% 0/29 [00:00<?, ?it/s]
  3% 1/29 [00:09<04:13,  9.04s/it]
  7% 2/29 [00:11<02:18,  5.13s/it]
 10% 3/29 [00:13<01:40,  3.88s/it]
 14% 4/29 [00:16<01:22,  3.29s/it]
 17% 5/29 [00:18<01:11,  2.97s/it]
 21% 6/29 [00:21<01:03,  2.78s/it]
 24% 7/29 [00:23<00:58,  2.66s/it]
 28% 8/29 [00:25<00:54,  2.58s/it]
 31% 9/29 [00:28<00:50,  2.53s/it]
 34% 10/29 [00:30<00:47,  2.50s/it]
 38% 11/29 [00:33<00:44,  2.48s/it]
 41% 12/29 [00:35<00:41,  2.46s/it]
 45% 13/29 [00:37<00:39,  2.45s/it]
 48% 14/29 [00:40<00:36,  2.44s/it]
 52% 15/29 [00:42<00:34,  2.44s/it]
 55% 16/29 [00:45<00:31,  2.45s/it]
 59% 17/29 [00:47<00:29,  2.45s/it]
 62% 18/29 [00:50<00:26,  2.45s/it]
 66% 19/29 [00:52<00:24,  2.45s/it]
 69% 20/29 [00:55<00:22,  2.45s/it]
 72% 21/29 [00:57<00:19,  2.46s/it]
 76% 22/29 [01:00<00:17,  2.46s/it]
 79% 23/29 [01:02<00:14,  2.46s/it]
 83% 24/29 [01:04<00:12,  2.47s/it]
 86% 25/29 [01:07<00:09,  2.47s/it]
 90% 26/29 [01:09<00:07,  2.48s/it]
 93% 27/29 [01:12<00:04,  2.48s/it]
 97% 28/29 [01:14<00:02,  2.48s/it]
100% 29/29 [01:17<00:00,  2.67s/it]

Total progress: 100% 29/29 [01:12<00:00,  2.51s/it]


  0% 0/29 [00:00<?, ?it/s]
  3% 1/29 [00:01<00:48,  1.74s/it]
  7% 2/29 [00:02<00:25,  1.07it/s]
 10% 3/29 [00:02<00:17,  1.48it/s]
 14% 4/29 [00:02<00:13,  1.79it/s]
 17% 5/29 [00:03<00:11,  2.05it/s]
 21% 6/29 [00:03<00:10,  2.22it/s]
 24% 7/29 [00:03<00:09,  2.35it/s]
 28% 8/29 [00:04<00:08,  2.44it/s]
 31% 9/29 [00:04<00:07,  2.51it/s]
 34% 10/29 [00:05<00:07,  2.56it/s]
 38% 11/29 [00:05<00:06,  2.60it/s]
 41% 12/29 [00:05<00:06,  2.62it/s]
 45% 13/29 [00:06<00:06,  2.64it/s]
 48% 14/29 [00:06<00:05,  2.60it/s]
 52% 15/29 [00:06<00:05,  2.61it/s]
 55% 16/29 [00:07<00:04,  2.61it/s]
 59% 17/29 [00:07<00:04,  2.59it/s]
 62% 18/29 [00:08<00:04,  2.57it/s]
 66% 19/29 [00:08<00:03,  2.57it/s]
 69% 20/29 [00:08<00:03,  2.58it/s]
 72% 21/29 [00:09<00:03,  2.59it/s]
 76% 22/29 [00:09<00:02,  2.62it/s]
 79% 23/29 [00:10<00:02,  2.63it/s]
 83% 24/29 [00:10<00:01,  2.64it/s]
 86% 25/29 [00:10<00:01,  2.64it/s]
 90% 26/29 [00:11<00:01,  2.65it/s]
 93% 27/29 [00:11<00:00,  2.65it/s]
 97% 28/29 [00:11<00:00,  2.65it/s]
100% 29/29 [00:12<00:00,  2.35it/s]

Total progress: 100% 29/29 [00:12<00:00,  2.34it/s]